<?xml version="1.0" encoding="UTF-8"?>
<testsuites name="report" time="26.0" tests="6" failures="0" errors="0">
   <testsuite name="report" tests="6" failures="0" errors="0" time="26.0" skipped="0" timestamp="2022-07-12 19:48:41" hostname="A - DESKTOP-A4RBSR0" id="Test Suites/api testing/report">
      <properties>
         <property name="deviceName" value=""/>
         <property name="devicePlatform" value=""/>
         <property name="logFolder" value="C:\\Users\\A\\Katalon Studio\\API Testing\\Reports\\20220712_194825\\api testing\\report\\20220712_194825"/>
         <property name="logFiles" value="C:\\Users\\A\\Katalon Studio\\API Testing\\Reports\\20220712_194825\\api testing\\report\\20220712_194825\\execution0.log"/>
         <property name="attachments" value=""/>
         <property name="hostName" value="A - DESKTOP-A4RBSR0"/>
         <property name="hostAddress" value="192.168.43.80"/>
         <property name="os" value="Windows 10 64bit"/>
         <property name="katalonVersion" value="8.3.5.208"/>
      </properties>
      <testcase name="Test Cases/booking/Negative/test case create booking with invalid id" time="9.841" classname="Test Cases/booking/Negative/test case create booking with invalid id" status="PASSED">
         <system-out><![CDATA[2022-07-12 19:48:43 - [TEST_CASE][PASSED] - Test Cases/booking/Negative/test case create booking with invalid id: Test Cases/booking/Negative/test case create booking with invalid id

2022-07-12 19:48:44 - [TEST_STEP][PASSED] - response = sendRequest(findTestObject("booking/Negative/create booking with invalid id")): Send request successfully

2022-07-12 19:48:52 - [MESSAGE][INFO] - HAR: C:\Users\A\Katalon Studio\API Testing\Reports\20220712_194825\api testing\report\20220712_194825\requests\main\0.har

2022-07-12 19:48:52 - [MESSAGE][PASSED] - Send request successfully

2022-07-12 19:48:52 - [TEST_STEP][PASSED] - verifyResponseStatusCode(response, 404): Verify response status code successfully

2022-07-12 19:48:52 - [MESSAGE][PASSED] - Verify response status code successfully]]></system-out>
         <system-err><![CDATA[]]></system-err>
      </testcase>
      <testcase name="Test Cases/booking/Negative/test case delete booking by invalid id" time="3.248" classname="Test Cases/booking/Negative/test case delete booking by invalid id" status="PASSED">
         <system-out><![CDATA[2022-07-12 19:48:53 - [TEST_CASE][PASSED] - Test Cases/booking/Negative/test case delete booking by invalid id: Test Cases/booking/Negative/test case delete booking by invalid id

2022-07-12 19:48:54 - [TEST_STEP][PASSED] - response = sendRequest(findTestObject("booking/Negative/test case delete booking by invalid id")): Send request successfully

2022-07-12 19:48:56 - [MESSAGE][INFO] - HAR: C:\Users\A\Katalon Studio\API Testing\Reports\20220712_194825\api testing\report\20220712_194825\requests\main\1.har

2022-07-12 19:48:56 - [MESSAGE][PASSED] - Send request successfully

2022-07-12 19:48:56 - [TEST_STEP][PASSED] - verifyResponseStatusCode(response, 404): Verify response status code successfully

2022-07-12 19:48:56 - [MESSAGE][PASSED] - Verify response status code successfully]]></system-out>
         <system-err><![CDATA[]]></system-err>
      </testcase>
      <testcase name="Test Cases/booking/Negative/test case edit booking with invalid id" time="2.816" classname="Test Cases/booking/Negative/test case edit booking with invalid id" status="PASSED">
         <system-out><![CDATA[2022-07-12 19:48:56 - [TEST_CASE][PASSED] - Test Cases/booking/Negative/test case edit booking with invalid id: Test Cases/booking/Negative/test case edit booking with invalid id

2022-07-12 19:48:57 - [TEST_STEP][PASSED] - response = sendRequest(findTestObject("booking/Negative/edit booking with invalid id")): Send request successfully

2022-07-12 19:48:59 - [MESSAGE][INFO] - HAR: C:\Users\A\Katalon Studio\API Testing\Reports\20220712_194825\api testing\report\20220712_194825\requests\main\2.har

2022-07-12 19:48:59 - [MESSAGE][PASSED] - Send request successfully

2022-07-12 19:48:59 - [TEST_STEP][PASSED] - verifyResponseStatusCode(response, 404): Verify response status code successfully

2022-07-12 19:48:59 - [MESSAGE][PASSED] - Verify response status code successfully]]></system-out>
         <system-err><![CDATA[]]></system-err>
      </testcase>
      <testcase name="Test Cases/booking/Negative/test case get booking by id invalid" time="3.258" classname="Test Cases/booking/Negative/test case get booking by id invalid" status="PASSED">
         <system-out><![CDATA[2022-07-12 19:48:59 - [TEST_CASE][PASSED] - Test Cases/booking/Negative/test case get booking by id invalid: Test Cases/booking/Negative/test case get booking by id invalid

2022-07-12 19:49:00 - [TEST_STEP][PASSED] - response = sendRequest(findTestObject("booking/Negative/get booking by id invalid")): Send request successfully

2022-07-12 19:49:02 - [MESSAGE][INFO] - HAR: C:\Users\A\Katalon Studio\API Testing\Reports\20220712_194825\api testing\report\20220712_194825\requests\main\3.har

2022-07-12 19:49:02 - [MESSAGE][PASSED] - Send request successfully

2022-07-12 19:49:02 - [TEST_STEP][PASSED] - verifyResponseStatusCode(response, 404): Verify response status code successfully

2022-07-12 19:49:02 - [MESSAGE][PASSED] - Verify response status code successfully]]></system-out>
         <system-err><![CDATA[]]></system-err>
      </testcase>
      <testcase name="Test Cases/booking/Positive/test case booking get data all" time="2.858" classname="Test Cases/booking/Positive/test case booking get data all" status="PASSED">
         <system-out><![CDATA[2022-07-12 19:49:02 - [TEST_CASE][PASSED] - Test Cases/booking/Positive/test case booking get data all: Test Cases/booking/Positive/test case booking get data all

2022-07-12 19:49:03 - [TEST_STEP][PASSED] - response = sendRequest(findTestObject("booking/Positive/booking get data all")): Send request successfully

2022-07-12 19:49:05 - [MESSAGE][INFO] - HAR: C:\Users\A\Katalon Studio\API Testing\Reports\20220712_194825\api testing\report\20220712_194825\requests\main\4.har

2022-07-12 19:49:05 - [MESSAGE][PASSED] - Send request successfully

2022-07-12 19:49:05 - [TEST_STEP][PASSED] - verifyResponseStatusCode(response, 200): Verify response status code successfully

2022-07-12 19:49:05 - [MESSAGE][PASSED] - Verify response status code successfully]]></system-out>
         <system-err><![CDATA[]]></system-err>
      </testcase>
      <testcase name="Test Cases/booking/Positive/test case create booking" time="2.556" classname="Test Cases/booking/Positive/test case create booking" status="INCOMPLETE">
         <system-out><![CDATA[2022-07-12 19:49:05 - [TEST_CASE][INCOMPLETE] - Test Cases/booking/Positive/test case create booking: null

2022-07-12 19:49:06 - [TEST_STEP][PASSED] - response = sendRequest(findTestObject("booking/Positive/create booking")): Send request successfully

2022-07-12 19:49:07 - [MESSAGE][INFO] - HAR: C:\Users\A\Katalon Studio\API Testing\Reports\20220712_194825\api testing\report\20220712_194825\requests\main\5.har

2022-07-12 19:49:07 - [MESSAGE][PASSED] - Send request successfully

2022-07-12 19:49:07 - [TEST_STEP][FAILED] - verifyResponseStatusCode(response, 200): Unable to verify response status code (Root cause: com.kms.katalon.core.exception.StepFailedException: Expected status code is '200' but actual status code is '500'
	at com.kms.katalon.core.keyword.internal.KeywordMain.stepFailed(KeywordMain.groovy:50)
	at com.kms.katalon.core.webservice.keyword.builtin.VerifyResponseStatusCodeKeyword.verifyStatusCode(VerifyResponseStatusCodeKeyword.groovy:52)
	at com.kms.katalon.core.webservice.keyword.builtin.VerifyResponseStatusCodeKeyword.access$1(VerifyResponseStatusCodeKeyword.groovy)
	at com.kms.katalon.core.webservice.keyword.builtin.VerifyResponseStatusCodeKeyword$_verifyResponseStatusCode_closure1.doCall(VerifyResponseStatusCodeKeyword.groovy:42)
	at com.kms.katalon.core.webservice.keyword.builtin.VerifyResponseStatusCodeKeyword$_verifyResponseStatusCode_closure1.call(VerifyResponseStatusCodeKeyword.groovy)
	at com.kms.katalon.core.keyword.internal.KeywordMain.runKeyword(KeywordMain.groovy:74)
	at com.kms.katalon.core.webservice.keyword.builtin.VerifyResponseStatusCodeKeyword.verifyResponseStatusCode(VerifyResponseStatusCodeKeyword.groovy:37)
	at com.kms.katalon.core.webservice.keyword.builtin.VerifyResponseStatusCodeKeyword.execute(VerifyResponseStatusCodeKeyword.groovy:32)
	at com.kms.katalon.core.keyword.internal.KeywordExecutor.executeKeywordForPlatform(KeywordExecutor.groovy:74)
	at com.kms.katalon.core.webservice.keyword.WSBuiltInKeywords.verifyResponseStatusCode(WSBuiltInKeywords.groovy:344)
	at com.kms.katalon.core.webservice.keyword.WSBuiltInKeywords$verifyResponseStatusCode$0.call(Unknown Source)
	at test case create booking.run(test case create booking:22)
	at com.kms.katalon.core.main.ScriptEngine.run(ScriptEngine.java:194)
	at com.kms.katalon.core.main.ScriptEngine.runScriptAsRawText(ScriptEngine.java:119)
	at com.kms.katalon.core.main.TestCaseExecutor.runScript(TestCaseExecutor.java:445)
	at com.kms.katalon.core.main.TestCaseExecutor.doExecute(TestCaseExecutor.java:436)
	at com.kms.katalon.core.main.TestCaseExecutor.processExecutionPhase(TestCaseExecutor.java:415)
	at com.kms.katalon.core.main.TestCaseExecutor.accessMainPhase(TestCaseExecutor.java:407)
	at com.kms.katalon.core.main.TestCaseExecutor.execute(TestCaseExecutor.java:284)
	at com.kms.katalon.core.common.CommonExecutor.accessTestCaseMainPhase(CommonExecutor.java:65)
	at com.kms.katalon.core.main.TestSuiteExecutor.accessTestSuiteMainPhase(TestSuiteExecutor.java:144)
	at com.kms.katalon.core.main.TestSuiteExecutor.execute(TestSuiteExecutor.java:106)
	at com.kms.katalon.core.main.TestCaseMain.startTestSuite(TestCaseMain.java:185)
	at com.kms.katalon.core.main.TestCaseMain$startTestSuite$0.call(Unknown Source)
	at TempTestSuite1657630105387.run(TempTestSuite1657630105387.groovy:36)
)

2022-07-12 19:49:07 - [MESSAGE][FAILED] - Expected status code is '200' but actual status code is '500'

2022-07-12 19:49:07 - [MESSAGE][FAILED] - Unable to verify response status code (Root cause: com.kms.katalon.core.exception.StepFailedException: Expected status code is '200' but actual status code is '500'
	at com.kms.katalon.core.keyword.internal.KeywordMain.stepFailed(KeywordMain.groovy:50)
	at com.kms.katalon.core.webservice.keyword.builtin.VerifyResponseStatusCodeKeyword.verifyStatusCode(VerifyResponseStatusCodeKeyword.groovy:52)
	at com.kms.katalon.core.webservice.keyword.builtin.VerifyResponseStatusCodeKeyword.access$1(VerifyResponseStatusCodeKeyword.groovy)
	at com.kms.katalon.core.webservice.keyword.builtin.VerifyResponseStatusCodeKeyword$_verifyResponseStatusCode_closure1.doCall(VerifyResponseStatusCodeKeyword.groovy:42)
	at com.kms.katalon.core.webservice.keyword.builtin.VerifyResponseStatusCodeKeyword$_verifyResponseStatusCode_closure1.call(VerifyResponseStatusCodeKeyword.groovy)
	at com.kms.katalon.core.keyword.internal.KeywordMain.runKeyword(KeywordMain.groovy:74)
	at com.kms.katalon.core.webservice.keyword.builtin.VerifyResponseStatusCodeKeyword.verifyResponseStatusCode(VerifyResponseStatusCodeKeyword.groovy:37)
	at com.kms.katalon.core.webservice.keyword.builtin.VerifyResponseStatusCodeKeyword.execute(VerifyResponseStatusCodeKeyword.groovy:32)
	at com.kms.katalon.core.keyword.internal.KeywordExecutor.executeKeywordForPlatform(KeywordExecutor.groovy:74)
	at com.kms.katalon.core.webservice.keyword.WSBuiltInKeywords.verifyResponseStatusCode(WSBuiltInKeywords.groovy:344)
	at com.kms.katalon.core.webservice.keyword.WSBuiltInKeywords$verifyResponseStatusCode$0.call(Unknown Source)
	at test case create booking.run(test case create booking:22)
	at com.kms.katalon.core.main.ScriptEngine.run(ScriptEngine.java:194)
	at com.kms.katalon.core.main.ScriptEngine.runScriptAsRawText(ScriptEngine.java:119)
	at com.kms.katalon.core.main.TestCaseExecutor.runScript(TestCaseExecutor.java:445)
	at com.kms.katalon.core.main.TestCaseExecutor.doExecute(TestCaseExecutor.java:436)
	at com.kms.katalon.core.main.TestCaseExecutor.processExecutionPhase(TestCaseExecutor.java:415)
	at com.kms.katalon.core.main.TestCaseExecutor.accessMainPhase(TestCaseExecutor.java:407)
	at com.kms.katalon.core.main.TestCaseExecutor.execute(TestCaseExecutor.java:284)
	at com.kms.katalon.core.common.CommonExecutor.accessTestCaseMainPhase(CommonExecutor.java:65)
	at com.kms.katalon.core.main.TestSuiteExecutor.accessTestSuiteMainPhase(TestSuiteExecutor.java:144)
	at com.kms.katalon.core.main.TestSuiteExecutor.execute(TestSuiteExecutor.java:106)
	at com.kms.katalon.core.main.TestCaseMain.startTestSuite(TestCaseMain.java:185)
	at com.kms.katalon.core.main.TestCaseMain$startTestSuite$0.call(Unknown Source)
	at TempTestSuite1657630105387.run(TempTestSuite1657630105387.groovy:36)
)]]></system-out>
         <system-err><![CDATA[2022-07-12 19:49:05 - [TEST_CASE][INCOMPLETE] - Test Cases/booking/Positive/test case create booking: null]]></system-err>
      </testcase>
      <system-out><![CDATA[2022-07-12 19:48:41 - [TEST_SUITE][INCOMPLETE] - report: null]]></system-out>
      <system-err><![CDATA[2022-07-12 19:48:41 - [TEST_SUITE][INCOMPLETE] - report: null]]></system-err>
   </testsuite>
</testsuites>
