<?xml version="1.0" encoding="UTF-8"?>
<testsuites name="Report Mobile Testing" time="1961.898" tests="25" failures="3" errors="0">
   <testsuite name="Report Mobile Testing" tests="25" failures="3" errors="0" time="1961.898" skipped="0" timestamp="2022-07-20 13:08:03" hostname="A - DESKTOP-A4RBSR0" id="Test Suites/Report Mobile Testing">
      <properties>
         <property name="deviceName" value="OPPO CPH1803 (Android 8.1.0)"/>
         <property name="devicePlatform" value=""/>
         <property name="logFolder" value="D:\\CAPSTONE\\Testing Mobile\\Reports\\20220720_130746\\Report Mobile Testing\\20220720_130746"/>
         <property name="logFiles" value="D:\\CAPSTONE\\Testing Mobile\\Reports\\20220720_130746\\Report Mobile Testing\\20220720_130746\\appium.log, D:\\CAPSTONE\\Testing Mobile\\Reports\\20220720_130746\\Report Mobile Testing\\20220720_130746\\execution0.log"/>
         <property name="attachments" value="D:\\CAPSTONE\\Testing Mobile\\Reports\\20220720_130746\\Report Mobile Testing\\20220720_130746\\1658297480884.png, D:\\CAPSTONE\\Testing Mobile\\Reports\\20220720_130746\\Report Mobile Testing\\20220720_130746\\1658297542298.png, D:\\CAPSTONE\\Testing Mobile\\Reports\\20220720_130746\\Report Mobile Testing\\20220720_130746\\1658297593839.png, D:\\CAPSTONE\\Testing Mobile\\Reports\\20220720_130746\\Report Mobile Testing\\20220720_130746\\1658297658201.png, D:\\CAPSTONE\\Testing Mobile\\Reports\\20220720_130746\\Report Mobile Testing\\20220720_130746\\1658297722024.png, D:\\CAPSTONE\\Testing Mobile\\Reports\\20220720_130746\\Report Mobile Testing\\20220720_130746\\1658297782655.png, D:\\CAPSTONE\\Testing Mobile\\Reports\\20220720_130746\\Report Mobile Testing\\20220720_130746\\1658297868029.png, D:\\CAPSTONE\\Testing Mobile\\Reports\\20220720_130746\\Report Mobile Testing\\20220720_130746\\1658297967681.png, D:\\CAPSTONE\\Testing Mobile\\Reports\\20220720_130746\\Report Mobile Testing\\20220720_130746\\1658298042524.png, D:\\CAPSTONE\\Testing Mobile\\Reports\\20220720_130746\\Report Mobile Testing\\20220720_130746\\1658298094405.png, D:\\CAPSTONE\\Testing Mobile\\Reports\\20220720_130746\\Report Mobile Testing\\20220720_130746\\1658298876333.png, D:\\CAPSTONE\\Testing Mobile\\Reports\\20220720_130746\\Report Mobile Testing\\20220720_130746\\1658299152115.png"/>
         <property name="hostName" value="A - DESKTOP-A4RBSR0"/>
         <property name="os" value="Windows 10 64bit"/>
         <property name="appiumServerStatus" value="{&quot;value&quot;:{&quot;build&quot;:{&quot;version&quot;:&quot;1.22.3&quot;}},&quot;sessionId&quot;:null,&quot;status&quot;:0}"/>
         <property name="katalonVersion" value="8.3.5.208"/>
         <property name="deviceOS" value="Android"/>
         <property name="appiumVersion" value="1.22.3"/>
         <property name="deviceModel" value="CPH1803"/>
         <property name="hostAddress" value="192.168.43.80"/>
         <property name="deviceManufacturer" value="OPPO"/>
         <property name="deviceId" value="d224b3cb"/>
         <property name="deviceName" value="OPPO CPH1803 (Android 8.1.0)"/>
         <property name="deviceOSVersion" value="8.1.0"/>
      </properties>
      <testcase name="Test Cases/Covid information/positive/test case information gejala covid" time="120.918" classname="Test Cases/Covid information/positive/test case information gejala covid" status="PASSED">
         <system-out><![CDATA[2022-07-20 13:08:04 - [TEST_CASE][PASSED] - Test Cases/Covid information/positive/test case information gejala covid: Test Cases/Covid information/positive/test case information gejala covid

2022-07-20 13:08:06 - [TEST_STEP][PASSED] - startApplication("D:\CAPSTONE\Testing Mobile\Data Files\app-release (3).apk", false): Started app at: 'D:\CAPSTONE\Testing Mobile\Data Files\app-release (3).apk'

2022-07-20 13:08:07 - [MESSAGE][INFO] - Detected NodeJS location: "C:\Program Files\nodejs\node.exe"

2022-07-20 13:08:13 - [MESSAGE][INFO] - Appium server started on port 52,587

2022-07-20 13:09:43 - [MESSAGE][PASSED] - Started app at: 'D:\CAPSTONE\Testing Mobile\Data Files\app-release (3).apk'

2022-07-20 13:09:43 - [TEST_STEP][PASSED] - tap(findTestObject("Login/positive/button masuk"), 0): Tapped on element 'Object Repository/Login/positive/button masuk'

2022-07-20 13:09:43 - [MESSAGE][WARNING] - Timeout '0' is invalid. Using default page load timeout: '30'

2022-07-20 13:09:46 - [MESSAGE][PASSED] - Tapped on element 'Object Repository/Login/positive/button masuk'

2022-07-20 13:09:46 - [TEST_STEP][PASSED] - tap(findTestObject("Login/positive/input email"), 0): Tapped on element 'Object Repository/Login/positive/input email'

2022-07-20 13:09:46 - [MESSAGE][WARNING] - Timeout '0' is invalid. Using default page load timeout: '30'

2022-07-20 13:09:49 - [MESSAGE][PASSED] - Tapped on element 'Object Repository/Login/positive/input email'

2022-07-20 13:09:49 - [TEST_STEP][PASSED] - setText(findTestObject("Login/positive/input email"), "anjasmara@gmail.com", 0): Text 'anjasmara@gmail.com' has been set to element 'Object Repository/Login/positive/input email'

2022-07-20 13:09:49 - [MESSAGE][WARNING] - Timeout '0' is invalid. Using default page load timeout: '30'

2022-07-20 13:09:51 - [MESSAGE][PASSED] - Text 'anjasmara@gmail.com' has been set to element 'Object Repository/Login/positive/input email'

2022-07-20 13:09:51 - [TEST_STEP][PASSED] - tap(findTestObject("Login/positive/input password"), 0): Tapped on element 'Object Repository/Login/positive/input password'

2022-07-20 13:09:51 - [MESSAGE][WARNING] - Timeout '0' is invalid. Using default page load timeout: '30'

2022-07-20 13:09:52 - [MESSAGE][PASSED] - Tapped on element 'Object Repository/Login/positive/input password'

2022-07-20 13:09:52 - [TEST_STEP][PASSED] - setText(findTestObject("Login/positive/input password"), "anjasmara", 0): Text 'anjasmara' has been set to element 'Object Repository/Login/positive/input password'

2022-07-20 13:09:52 - [MESSAGE][WARNING] - Timeout '0' is invalid. Using default page load timeout: '30'

2022-07-20 13:09:54 - [MESSAGE][PASSED] - Text 'anjasmara' has been set to element 'Object Repository/Login/positive/input password'

2022-07-20 13:09:54 - [TEST_STEP][PASSED] - pressBack(): Press back button successfully

2022-07-20 13:09:55 - [MESSAGE][PASSED] - Press back button successfully

2022-07-20 13:09:55 - [TEST_STEP][PASSED] - tap(findTestObject("Login/positive/button masuk"), 0): Tapped on element 'Object Repository/Login/positive/button masuk'

2022-07-20 13:09:55 - [MESSAGE][WARNING] - Timeout '0' is invalid. Using default page load timeout: '30'

2022-07-20 13:09:57 - [MESSAGE][PASSED] - Tapped on element 'Object Repository/Login/positive/button masuk'

2022-07-20 13:09:57 - [TEST_STEP][PASSED] - delay(3, STOP_ON_FAILURE): Delayed 3 second(s)

2022-07-20 13:10:00 - [MESSAGE][PASSED] - Delayed 3 second(s)

2022-07-20 13:10:00 - [TEST_STEP][PASSED] - tap(findTestObject("Information/button informasi"), 0): Tapped on element 'Object Repository/Information/button informasi'

2022-07-20 13:10:01 - [MESSAGE][WARNING] - Timeout '0' is invalid. Using default page load timeout: '30'

2022-07-20 13:10:01 - [MESSAGE][PASSED] - Tapped on element 'Object Repository/Information/button informasi'

2022-07-20 13:10:01 - [TEST_STEP][PASSED] - delay(3, STOP_ON_FAILURE): Delayed 3 second(s)

2022-07-20 13:10:04 - [MESSAGE][PASSED] - Delayed 3 second(s)

2022-07-20 13:10:04 - [TEST_STEP][PASSED] - closeApplication(): Close app successfully

2022-07-20 13:10:05 - [MESSAGE][PASSED] - Close app successfully]]></system-out>
         <system-err><![CDATA[]]></system-err>
      </testcase>
      <testcase name="Test Cases/Covid information/positive/test case information pencegahan covid" time="64.006" classname="Test Cases/Covid information/positive/test case information pencegahan covid" status="FAILED">
         <failure type="FAILED" message="Test Cases/Covid information/positive/test case information pencegahan covid FAILED.
Reason:
com.kms.katalon.core.exception.StepFailedException: Object Object Repository/Information/button pencegahan not found
	at com.kms.katalon.core.keyword.internal.KeywordMain.stepFailed(KeywordMain.groovy:50)
	at com.kms.katalon.core.mobile.keyword.internal.MobileKeywordMain.stepFailed(MobileKeywordMain.groovy:40)
	at com.kms.katalon.core.mobile.keyword.builtin.TapKeyword$_tap_closure1.doCall(TapKeyword.groovy:79)
	at com.kms.katalon.core.mobile.keyword.builtin.TapKeyword$_tap_closure1.call(TapKeyword.groovy)
	at com.kms.katalon.core.mobile.keyword.internal.MobileKeywordMain.runKeyword(MobileKeywordMain.groovy:21)
	at com.kms.katalon.core.mobile.keyword.builtin.TapKeyword.tap(TapKeyword.groovy:84)
	at com.kms.katalon.core.mobile.keyword.builtin.TapKeyword.execute(TapKeyword.groovy:68)
	at com.kms.katalon.core.keyword.internal.KeywordExecutor.executeKeywordForPlatform(KeywordExecutor.groovy:74)
	at com.kms.katalon.core.mobile.keyword.MobileBuiltInKeywords.tap(MobileBuiltInKeywords.groovy:1490)
	at com.kms.katalon.core.mobile.keyword.MobileBuiltInKeywords$tap$0.call(Unknown Source)
	at test case information pencegahan covid.run(test case information pencegahan covid:40)
	at com.kms.katalon.core.main.ScriptEngine.run(ScriptEngine.java:194)
	at com.kms.katalon.core.main.ScriptEngine.runScriptAsRawText(ScriptEngine.java:119)
	at com.kms.katalon.core.main.TestCaseExecutor.runScript(TestCaseExecutor.java:445)
	at com.kms.katalon.core.main.TestCaseExecutor.doExecute(TestCaseExecutor.java:436)
	at com.kms.katalon.core.main.TestCaseExecutor.processExecutionPhase(TestCaseExecutor.java:415)
	at com.kms.katalon.core.main.TestCaseExecutor.accessMainPhase(TestCaseExecutor.java:407)
	at com.kms.katalon.core.main.TestCaseExecutor.execute(TestCaseExecutor.java:284)
	at com.kms.katalon.core.main.TestCaseExecutor.execute(TestCaseExecutor.java:366)
	at com.kms.katalon.core.main.TestCaseExecutor.execute(TestCaseExecutor.java:366)
	at com.kms.katalon.core.main.TestCaseExecutor.execute(TestCaseExecutor.java:366)
	at com.kms.katalon.core.common.CommonExecutor.accessTestCaseMainPhase(CommonExecutor.java:65)
	at com.kms.katalon.core.main.TestSuiteExecutor.accessTestSuiteMainPhase(TestSuiteExecutor.java:144)
	at com.kms.katalon.core.main.TestSuiteExecutor.execute(TestSuiteExecutor.java:106)
	at com.kms.katalon.core.main.TestCaseMain.startTestSuite(TestCaseMain.java:185)
	at com.kms.katalon.core.main.TestCaseMain$startTestSuite$0.call(Unknown Source)
	at TempTestSuite1658297266502.run(TempTestSuite1658297266502.groovy:36)
"/>
         <system-out><![CDATA[2022-07-20 13:13:15 - [TEST_CASE][FAILED] - Test Cases/Covid information/positive/test case information pencegahan covid: Test Cases/Covid information/positive/test case information pencegahan covid FAILED.
Reason:
com.kms.katalon.core.exception.StepFailedException: Object Object Repository/Information/button pencegahan not found
	at com.kms.katalon.core.keyword.internal.KeywordMain.stepFailed(KeywordMain.groovy:50)
	at com.kms.katalon.core.mobile.keyword.internal.MobileKeywordMain.stepFailed(MobileKeywordMain.groovy:40)
	at com.kms.katalon.core.mobile.keyword.builtin.TapKeyword$_tap_closure1.doCall(TapKeyword.groovy:79)
	at com.kms.katalon.core.mobile.keyword.builtin.TapKeyword$_tap_closure1.call(TapKeyword.groovy)
	at com.kms.katalon.core.mobile.keyword.internal.MobileKeywordMain.runKeyword(MobileKeywordMain.groovy:21)
	at com.kms.katalon.core.mobile.keyword.builtin.TapKeyword.tap(TapKeyword.groovy:84)
	at com.kms.katalon.core.mobile.keyword.builtin.TapKeyword.execute(TapKeyword.groovy:68)
	at com.kms.katalon.core.keyword.internal.KeywordExecutor.executeKeywordForPlatform(KeywordExecutor.groovy:74)
	at com.kms.katalon.core.mobile.keyword.MobileBuiltInKeywords.tap(MobileBuiltInKeywords.groovy:1490)
	at com.kms.katalon.core.mobile.keyword.MobileBuiltInKeywords$tap$0.call(Unknown Source)
	at test case information pencegahan covid.run(test case information pencegahan covid:40)
	at com.kms.katalon.core.main.ScriptEngine.run(ScriptEngine.java:194)
	at com.kms.katalon.core.main.ScriptEngine.runScriptAsRawText(ScriptEngine.java:119)
	at com.kms.katalon.core.main.TestCaseExecutor.runScript(TestCaseExecutor.java:445)
	at com.kms.katalon.core.main.TestCaseExecutor.doExecute(TestCaseExecutor.java:436)
	at com.kms.katalon.core.main.TestCaseExecutor.processExecutionPhase(TestCaseExecutor.java:415)
	at com.kms.katalon.core.main.TestCaseExecutor.accessMainPhase(TestCaseExecutor.java:407)
	at com.kms.katalon.core.main.TestCaseExecutor.execute(TestCaseExecutor.java:284)
	at com.kms.katalon.core.main.TestCaseExecutor.execute(TestCaseExecutor.java:366)
	at com.kms.katalon.core.main.TestCaseExecutor.execute(TestCaseExecutor.java:366)
	at com.kms.katalon.core.main.TestCaseExecutor.execute(TestCaseExecutor.java:366)
	at com.kms.katalon.core.common.CommonExecutor.accessTestCaseMainPhase(CommonExecutor.java:65)
	at com.kms.katalon.core.main.TestSuiteExecutor.accessTestSuiteMainPhase(TestSuiteExecutor.java:144)
	at com.kms.katalon.core.main.TestSuiteExecutor.execute(TestSuiteExecutor.java:106)
	at com.kms.katalon.core.main.TestCaseMain.startTestSuite(TestCaseMain.java:185)
	at com.kms.katalon.core.main.TestCaseMain$startTestSuite$0.call(Unknown Source)
	at TempTestSuite1658297266502.run(TempTestSuite1658297266502.groovy:36)


2022-07-20 13:13:15 - [TEST_STEP][PASSED] - startApplication("D:\CAPSTONE\Testing Mobile\Data Files\app-release (3).apk", false): Started app at: 'D:\CAPSTONE\Testing Mobile\Data Files\app-release (3).apk'

2022-07-20 13:13:29 - [MESSAGE][PASSED] - Started app at: 'D:\CAPSTONE\Testing Mobile\Data Files\app-release (3).apk'

2022-07-20 13:13:29 - [TEST_STEP][PASSED] - tap(findTestObject("Login/positive/button masuk"), 0): Tapped on element 'Object Repository/Login/positive/button masuk'

2022-07-20 13:13:29 - [MESSAGE][WARNING] - Timeout '0' is invalid. Using default page load timeout: '30'

2022-07-20 13:13:31 - [MESSAGE][PASSED] - Tapped on element 'Object Repository/Login/positive/button masuk'

2022-07-20 13:13:31 - [TEST_STEP][PASSED] - tap(findTestObject("Login/positive/input email"), 0): Tapped on element 'Object Repository/Login/positive/input email'

2022-07-20 13:13:31 - [MESSAGE][WARNING] - Timeout '0' is invalid. Using default page load timeout: '30'

2022-07-20 13:13:34 - [MESSAGE][PASSED] - Tapped on element 'Object Repository/Login/positive/input email'

2022-07-20 13:13:34 - [TEST_STEP][PASSED] - setText(findTestObject("Login/positive/input email"), "anjasmara@gmail.com", 0): Text 'anjasmara@gmail.com' has been set to element 'Object Repository/Login/positive/input email'

2022-07-20 13:13:34 - [MESSAGE][WARNING] - Timeout '0' is invalid. Using default page load timeout: '30'

2022-07-20 13:13:36 - [MESSAGE][PASSED] - Text 'anjasmara@gmail.com' has been set to element 'Object Repository/Login/positive/input email'

2022-07-20 13:13:36 - [TEST_STEP][PASSED] - tap(findTestObject("Login/positive/input password"), 0): Tapped on element 'Object Repository/Login/positive/input password'

2022-07-20 13:13:36 - [MESSAGE][WARNING] - Timeout '0' is invalid. Using default page load timeout: '30'

2022-07-20 13:13:37 - [MESSAGE][PASSED] - Tapped on element 'Object Repository/Login/positive/input password'

2022-07-20 13:13:37 - [TEST_STEP][PASSED] - setText(findTestObject("Login/positive/input password"), "anjasmara", 0): Text 'anjasmara' has been set to element 'Object Repository/Login/positive/input password'

2022-07-20 13:13:37 - [MESSAGE][WARNING] - Timeout '0' is invalid. Using default page load timeout: '30'

2022-07-20 13:13:40 - [MESSAGE][PASSED] - Text 'anjasmara' has been set to element 'Object Repository/Login/positive/input password'

2022-07-20 13:13:40 - [TEST_STEP][PASSED] - pressBack(): Press back button successfully

2022-07-20 13:13:40 - [MESSAGE][PASSED] - Press back button successfully

2022-07-20 13:13:40 - [TEST_STEP][PASSED] - tap(findTestObject("Login/positive/button masuk"), 0): Tapped on element 'Object Repository/Login/positive/button masuk'

2022-07-20 13:13:41 - [MESSAGE][WARNING] - Timeout '0' is invalid. Using default page load timeout: '30'

2022-07-20 13:13:44 - [MESSAGE][PASSED] - Tapped on element 'Object Repository/Login/positive/button masuk'

2022-07-20 13:13:44 - [TEST_STEP][PASSED] - delay(3, STOP_ON_FAILURE): Delayed 3 second(s)

2022-07-20 13:13:47 - [MESSAGE][PASSED] - Delayed 3 second(s)

2022-07-20 13:13:47 - [TEST_STEP][PASSED] - tap(findTestObject("Information/button informasi"), 0): Tapped on element 'Object Repository/Information/button informasi'

2022-07-20 13:13:47 - [MESSAGE][WARNING] - Timeout '0' is invalid. Using default page load timeout: '30'

2022-07-20 13:13:47 - [MESSAGE][PASSED] - Tapped on element 'Object Repository/Information/button informasi'

2022-07-20 13:13:47 - [TEST_STEP][FAILED] - tap(findTestObject("Information/button pencegahan"), 0): Failed to tap on element 'Object Repository/Information/button pencegahan' (Root cause: com.kms.katalon.core.exception.StepFailedException: Object Object Repository/Information/button pencegahan not found
	at com.kms.katalon.core.keyword.internal.KeywordMain.stepFailed(KeywordMain.groovy:50)
	at com.kms.katalon.core.mobile.keyword.internal.MobileKeywordMain.stepFailed(MobileKeywordMain.groovy:40)
	at com.kms.katalon.core.mobile.keyword.builtin.TapKeyword$_tap_closure1.doCall(TapKeyword.groovy:79)
	at com.kms.katalon.core.mobile.keyword.builtin.TapKeyword$_tap_closure1.call(TapKeyword.groovy)
	at com.kms.katalon.core.mobile.keyword.internal.MobileKeywordMain.runKeyword(MobileKeywordMain.groovy:21)
	at com.kms.katalon.core.mobile.keyword.builtin.TapKeyword.tap(TapKeyword.groovy:84)
	at com.kms.katalon.core.mobile.keyword.builtin.TapKeyword.execute(TapKeyword.groovy:68)
	at com.kms.katalon.core.keyword.internal.KeywordExecutor.executeKeywordForPlatform(KeywordExecutor.groovy:74)
	at com.kms.katalon.core.mobile.keyword.MobileBuiltInKeywords.tap(MobileBuiltInKeywords.groovy:1490)
	at com.kms.katalon.core.mobile.keyword.MobileBuiltInKeywords$tap$0.call(Unknown Source)
	at test case information pencegahan covid.run(test case information pencegahan covid:40)
	at com.kms.katalon.core.main.ScriptEngine.run(ScriptEngine.java:194)
	at com.kms.katalon.core.main.ScriptEngine.runScriptAsRawText(ScriptEngine.java:119)
	at com.kms.katalon.core.main.TestCaseExecutor.runScript(TestCaseExecutor.java:445)
	at com.kms.katalon.core.main.TestCaseExecutor.doExecute(TestCaseExecutor.java:436)
	at com.kms.katalon.core.main.TestCaseExecutor.processExecutionPhase(TestCaseExecutor.java:415)
	at com.kms.katalon.core.main.TestCaseExecutor.accessMainPhase(TestCaseExecutor.java:407)
	at com.kms.katalon.core.main.TestCaseExecutor.execute(TestCaseExecutor.java:284)
	at com.kms.katalon.core.main.TestCaseExecutor.execute(TestCaseExecutor.java:366)
	at com.kms.katalon.core.main.TestCaseExecutor.execute(TestCaseExecutor.java:366)
	at com.kms.katalon.core.main.TestCaseExecutor.execute(TestCaseExecutor.java:366)
	at com.kms.katalon.core.common.CommonExecutor.accessTestCaseMainPhase(CommonExecutor.java:65)
	at com.kms.katalon.core.main.TestSuiteExecutor.accessTestSuiteMainPhase(TestSuiteExecutor.java:144)
	at com.kms.katalon.core.main.TestSuiteExecutor.execute(TestSuiteExecutor.java:106)
	at com.kms.katalon.core.main.TestCaseMain.startTestSuite(TestCaseMain.java:185)
	at com.kms.katalon.core.main.TestCaseMain$startTestSuite$0.call(Unknown Source)
	at TempTestSuite1658297266502.run(TempTestSuite1658297266502.groovy:36)
)

2022-07-20 13:13:48 - [MESSAGE][WARNING] - Timeout '0' is invalid. Using default page load timeout: '30'

2022-07-20 13:14:18 - [MESSAGE][FAILED] - Object Object Repository/Information/button pencegahan not found

2022-07-20 13:14:19 - [MESSAGE][FAILED] - Failed to tap on element 'Object Repository/Information/button pencegahan' (Root cause: com.kms.katalon.core.exception.StepFailedException: Object Object Repository/Information/button pencegahan not found
	at com.kms.katalon.core.keyword.internal.KeywordMain.stepFailed(KeywordMain.groovy:50)
	at com.kms.katalon.core.mobile.keyword.internal.MobileKeywordMain.stepFailed(MobileKeywordMain.groovy:40)
	at com.kms.katalon.core.mobile.keyword.builtin.TapKeyword$_tap_closure1.doCall(TapKeyword.groovy:79)
	at com.kms.katalon.core.mobile.keyword.builtin.TapKeyword$_tap_closure1.call(TapKeyword.groovy)
	at com.kms.katalon.core.mobile.keyword.internal.MobileKeywordMain.runKeyword(MobileKeywordMain.groovy:21)
	at com.kms.katalon.core.mobile.keyword.builtin.TapKeyword.tap(TapKeyword.groovy:84)
	at com.kms.katalon.core.mobile.keyword.builtin.TapKeyword.execute(TapKeyword.groovy:68)
	at com.kms.katalon.core.keyword.internal.KeywordExecutor.executeKeywordForPlatform(KeywordExecutor.groovy:74)
	at com.kms.katalon.core.mobile.keyword.MobileBuiltInKeywords.tap(MobileBuiltInKeywords.groovy:1490)
	at com.kms.katalon.core.mobile.keyword.MobileBuiltInKeywords$tap$0.call(Unknown Source)
	at test case information pencegahan covid.run(test case information pencegahan covid:40)
	at com.kms.katalon.core.main.ScriptEngine.run(ScriptEngine.java:194)
	at com.kms.katalon.core.main.ScriptEngine.runScriptAsRawText(ScriptEngine.java:119)
	at com.kms.katalon.core.main.TestCaseExecutor.runScript(TestCaseExecutor.java:445)
	at com.kms.katalon.core.main.TestCaseExecutor.doExecute(TestCaseExecutor.java:436)
	at com.kms.katalon.core.main.TestCaseExecutor.processExecutionPhase(TestCaseExecutor.java:415)
	at com.kms.katalon.core.main.TestCaseExecutor.accessMainPhase(TestCaseExecutor.java:407)
	at com.kms.katalon.core.main.TestCaseExecutor.execute(TestCaseExecutor.java:284)
	at com.kms.katalon.core.main.TestCaseExecutor.execute(TestCaseExecutor.java:366)
	at com.kms.katalon.core.main.TestCaseExecutor.execute(TestCaseExecutor.java:366)
	at com.kms.katalon.core.main.TestCaseExecutor.execute(TestCaseExecutor.java:366)
	at com.kms.katalon.core.common.CommonExecutor.accessTestCaseMainPhase(CommonExecutor.java:65)
	at com.kms.katalon.core.main.TestSuiteExecutor.accessTestSuiteMainPhase(TestSuiteExecutor.java:144)
	at com.kms.katalon.core.main.TestSuiteExecutor.execute(TestSuiteExecutor.java:106)
	at com.kms.katalon.core.main.TestCaseMain.startTestSuite(TestCaseMain.java:185)
	at com.kms.katalon.core.main.TestCaseMain$startTestSuite$0.call(Unknown Source)
	at TempTestSuite1658297266502.run(TempTestSuite1658297266502.groovy:36)
)
[[ATTACHMENT|D:\\CAPSTONE\\Testing Mobile\\Reports\\20220720_130746\\Report Mobile Testing\\20220720_130746\\1658297658201.png]]]]></system-out>
         <system-err><![CDATA[2022-07-20 13:13:15 - [TEST_CASE][FAILED] - Test Cases/Covid information/positive/test case information pencegahan covid: Test Cases/Covid information/positive/test case information pencegahan covid FAILED.
Reason:
com.kms.katalon.core.exception.StepFailedException: Object Object Repository/Information/button pencegahan not found
	at com.kms.katalon.core.keyword.internal.KeywordMain.stepFailed(KeywordMain.groovy:50)
	at com.kms.katalon.core.mobile.keyword.internal.MobileKeywordMain.stepFailed(MobileKeywordMain.groovy:40)
	at com.kms.katalon.core.mobile.keyword.builtin.TapKeyword$_tap_closure1.doCall(TapKeyword.groovy:79)
	at com.kms.katalon.core.mobile.keyword.builtin.TapKeyword$_tap_closure1.call(TapKeyword.groovy)
	at com.kms.katalon.core.mobile.keyword.internal.MobileKeywordMain.runKeyword(MobileKeywordMain.groovy:21)
	at com.kms.katalon.core.mobile.keyword.builtin.TapKeyword.tap(TapKeyword.groovy:84)
	at com.kms.katalon.core.mobile.keyword.builtin.TapKeyword.execute(TapKeyword.groovy:68)
	at com.kms.katalon.core.keyword.internal.KeywordExecutor.executeKeywordForPlatform(KeywordExecutor.groovy:74)
	at com.kms.katalon.core.mobile.keyword.MobileBuiltInKeywords.tap(MobileBuiltInKeywords.groovy:1490)
	at com.kms.katalon.core.mobile.keyword.MobileBuiltInKeywords$tap$0.call(Unknown Source)
	at test case information pencegahan covid.run(test case information pencegahan covid:40)
	at com.kms.katalon.core.main.ScriptEngine.run(ScriptEngine.java:194)
	at com.kms.katalon.core.main.ScriptEngine.runScriptAsRawText(ScriptEngine.java:119)
	at com.kms.katalon.core.main.TestCaseExecutor.runScript(TestCaseExecutor.java:445)
	at com.kms.katalon.core.main.TestCaseExecutor.doExecute(TestCaseExecutor.java:436)
	at com.kms.katalon.core.main.TestCaseExecutor.processExecutionPhase(TestCaseExecutor.java:415)
	at com.kms.katalon.core.main.TestCaseExecutor.accessMainPhase(TestCaseExecutor.java:407)
	at com.kms.katalon.core.main.TestCaseExecutor.execute(TestCaseExecutor.java:284)
	at com.kms.katalon.core.main.TestCaseExecutor.execute(TestCaseExecutor.java:366)
	at com.kms.katalon.core.main.TestCaseExecutor.execute(TestCaseExecutor.java:366)
	at com.kms.katalon.core.main.TestCaseExecutor.execute(TestCaseExecutor.java:366)
	at com.kms.katalon.core.common.CommonExecutor.accessTestCaseMainPhase(CommonExecutor.java:65)
	at com.kms.katalon.core.main.TestSuiteExecutor.accessTestSuiteMainPhase(TestSuiteExecutor.java:144)
	at com.kms.katalon.core.main.TestSuiteExecutor.execute(TestSuiteExecutor.java:106)
	at com.kms.katalon.core.main.TestCaseMain.startTestSuite(TestCaseMain.java:185)
	at com.kms.katalon.core.main.TestCaseMain$startTestSuite$0.call(Unknown Source)
	at TempTestSuite1658297266502.run(TempTestSuite1658297266502.groovy:36)]]></system-err>
      </testcase>
      <testcase name="Test Cases/Covid information/positive/test case information perawatan - isolasi mandiri" time="50.736" classname="Test Cases/Covid information/positive/test case information perawatan - isolasi mandiri" status="FAILED">
         <failure type="FAILED" message="Test Cases/Covid information/positive/test case information perawatan - isolasi mandiri FAILED.
Reason:
com.kms.katalon.core.exception.StepFailedException: Object Object Repository/Login/positive/button masuk not found
	at com.kms.katalon.core.keyword.internal.KeywordMain.stepFailed(KeywordMain.groovy:50)
	at com.kms.katalon.core.mobile.keyword.internal.MobileKeywordMain.stepFailed(MobileKeywordMain.groovy:40)
	at com.kms.katalon.core.mobile.keyword.builtin.TapKeyword$_tap_closure1.doCall(TapKeyword.groovy:79)
	at com.kms.katalon.core.mobile.keyword.builtin.TapKeyword$_tap_closure1.call(TapKeyword.groovy)
	at com.kms.katalon.core.mobile.keyword.internal.MobileKeywordMain.runKeyword(MobileKeywordMain.groovy:21)
	at com.kms.katalon.core.mobile.keyword.builtin.TapKeyword.tap(TapKeyword.groovy:84)
	at com.kms.katalon.core.mobile.keyword.builtin.TapKeyword.execute(TapKeyword.groovy:68)
	at com.kms.katalon.core.keyword.internal.KeywordExecutor.executeKeywordForPlatform(KeywordExecutor.groovy:74)
	at com.kms.katalon.core.mobile.keyword.MobileBuiltInKeywords.tap(MobileBuiltInKeywords.groovy:1490)
	at com.kms.katalon.core.mobile.keyword.MobileBuiltInKeywords$tap$0.call(Unknown Source)
	at test case information perawatan - isolasi mandiri.run(test case information perawatan - isolasi mandiri:22)
	at com.kms.katalon.core.main.ScriptEngine.run(ScriptEngine.java:194)
	at com.kms.katalon.core.main.ScriptEngine.runScriptAsRawText(ScriptEngine.java:119)
	at com.kms.katalon.core.main.TestCaseExecutor.runScript(TestCaseExecutor.java:445)
	at com.kms.katalon.core.main.TestCaseExecutor.doExecute(TestCaseExecutor.java:436)
	at com.kms.katalon.core.main.TestCaseExecutor.processExecutionPhase(TestCaseExecutor.java:415)
	at com.kms.katalon.core.main.TestCaseExecutor.accessMainPhase(TestCaseExecutor.java:407)
	at com.kms.katalon.core.main.TestCaseExecutor.execute(TestCaseExecutor.java:284)
	at com.kms.katalon.core.main.TestCaseExecutor.execute(TestCaseExecutor.java:366)
	at com.kms.katalon.core.main.TestCaseExecutor.execute(TestCaseExecutor.java:366)
	at com.kms.katalon.core.main.TestCaseExecutor.execute(TestCaseExecutor.java:366)
	at com.kms.katalon.core.common.CommonExecutor.accessTestCaseMainPhase(CommonExecutor.java:65)
	at com.kms.katalon.core.main.TestSuiteExecutor.accessTestSuiteMainPhase(TestSuiteExecutor.java:144)
	at com.kms.katalon.core.main.TestSuiteExecutor.execute(TestSuiteExecutor.java:106)
	at com.kms.katalon.core.main.TestCaseMain.startTestSuite(TestCaseMain.java:185)
	at com.kms.katalon.core.main.TestCaseMain$startTestSuite$0.call(Unknown Source)
	at TempTestSuite1658297266502.run(TempTestSuite1658297266502.groovy:36)
"/>
         <system-out><![CDATA[2022-07-20 13:16:58 - [TEST_CASE][FAILED] - Test Cases/Covid information/positive/test case information perawatan - isolasi mandiri: Test Cases/Covid information/positive/test case information perawatan - isolasi mandiri FAILED.
Reason:
com.kms.katalon.core.exception.StepFailedException: Object Object Repository/Login/positive/button masuk not found
	at com.kms.katalon.core.keyword.internal.KeywordMain.stepFailed(KeywordMain.groovy:50)
	at com.kms.katalon.core.mobile.keyword.internal.MobileKeywordMain.stepFailed(MobileKeywordMain.groovy:40)
	at com.kms.katalon.core.mobile.keyword.builtin.TapKeyword$_tap_closure1.doCall(TapKeyword.groovy:79)
	at com.kms.katalon.core.mobile.keyword.builtin.TapKeyword$_tap_closure1.call(TapKeyword.groovy)
	at com.kms.katalon.core.mobile.keyword.internal.MobileKeywordMain.runKeyword(MobileKeywordMain.groovy:21)
	at com.kms.katalon.core.mobile.keyword.builtin.TapKeyword.tap(TapKeyword.groovy:84)
	at com.kms.katalon.core.mobile.keyword.builtin.TapKeyword.execute(TapKeyword.groovy:68)
	at com.kms.katalon.core.keyword.internal.KeywordExecutor.executeKeywordForPlatform(KeywordExecutor.groovy:74)
	at com.kms.katalon.core.mobile.keyword.MobileBuiltInKeywords.tap(MobileBuiltInKeywords.groovy:1490)
	at com.kms.katalon.core.mobile.keyword.MobileBuiltInKeywords$tap$0.call(Unknown Source)
	at test case information perawatan - isolasi mandiri.run(test case information perawatan - isolasi mandiri:22)
	at com.kms.katalon.core.main.ScriptEngine.run(ScriptEngine.java:194)
	at com.kms.katalon.core.main.ScriptEngine.runScriptAsRawText(ScriptEngine.java:119)
	at com.kms.katalon.core.main.TestCaseExecutor.runScript(TestCaseExecutor.java:445)
	at com.kms.katalon.core.main.TestCaseExecutor.doExecute(TestCaseExecutor.java:436)
	at com.kms.katalon.core.main.TestCaseExecutor.processExecutionPhase(TestCaseExecutor.java:415)
	at com.kms.katalon.core.main.TestCaseExecutor.accessMainPhase(TestCaseExecutor.java:407)
	at com.kms.katalon.core.main.TestCaseExecutor.execute(TestCaseExecutor.java:284)
	at com.kms.katalon.core.main.TestCaseExecutor.execute(TestCaseExecutor.java:366)
	at com.kms.katalon.core.main.TestCaseExecutor.execute(TestCaseExecutor.java:366)
	at com.kms.katalon.core.main.TestCaseExecutor.execute(TestCaseExecutor.java:366)
	at com.kms.katalon.core.common.CommonExecutor.accessTestCaseMainPhase(CommonExecutor.java:65)
	at com.kms.katalon.core.main.TestSuiteExecutor.accessTestSuiteMainPhase(TestSuiteExecutor.java:144)
	at com.kms.katalon.core.main.TestSuiteExecutor.execute(TestSuiteExecutor.java:106)
	at com.kms.katalon.core.main.TestCaseMain.startTestSuite(TestCaseMain.java:185)
	at com.kms.katalon.core.main.TestCaseMain$startTestSuite$0.call(Unknown Source)
	at TempTestSuite1658297266502.run(TempTestSuite1658297266502.groovy:36)


2022-07-20 13:16:58 - [TEST_STEP][PASSED] - startApplication("D:\CAPSTONE\Testing Mobile\Data Files\app-release (3).apk", false): Started app at: 'D:\CAPSTONE\Testing Mobile\Data Files\app-release (3).apk'

2022-07-20 13:17:17 - [MESSAGE][PASSED] - Started app at: 'D:\CAPSTONE\Testing Mobile\Data Files\app-release (3).apk'

2022-07-20 13:17:17 - [TEST_STEP][FAILED] - tap(findTestObject("Login/positive/button masuk"), 0): Failed to tap on element 'Object Repository/Login/positive/button masuk' (Root cause: com.kms.katalon.core.exception.StepFailedException: Object Object Repository/Login/positive/button masuk not found
	at com.kms.katalon.core.keyword.internal.KeywordMain.stepFailed(KeywordMain.groovy:50)
	at com.kms.katalon.core.mobile.keyword.internal.MobileKeywordMain.stepFailed(MobileKeywordMain.groovy:40)
	at com.kms.katalon.core.mobile.keyword.builtin.TapKeyword$_tap_closure1.doCall(TapKeyword.groovy:79)
	at com.kms.katalon.core.mobile.keyword.builtin.TapKeyword$_tap_closure1.call(TapKeyword.groovy)
	at com.kms.katalon.core.mobile.keyword.internal.MobileKeywordMain.runKeyword(MobileKeywordMain.groovy:21)
	at com.kms.katalon.core.mobile.keyword.builtin.TapKeyword.tap(TapKeyword.groovy:84)
	at com.kms.katalon.core.mobile.keyword.builtin.TapKeyword.execute(TapKeyword.groovy:68)
	at com.kms.katalon.core.keyword.internal.KeywordExecutor.executeKeywordForPlatform(KeywordExecutor.groovy:74)
	at com.kms.katalon.core.mobile.keyword.MobileBuiltInKeywords.tap(MobileBuiltInKeywords.groovy:1490)
	at com.kms.katalon.core.mobile.keyword.MobileBuiltInKeywords$tap$0.call(Unknown Source)
	at test case information perawatan - isolasi mandiri.run(test case information perawatan - isolasi mandiri:22)
	at com.kms.katalon.core.main.ScriptEngine.run(ScriptEngine.java:194)
	at com.kms.katalon.core.main.ScriptEngine.runScriptAsRawText(ScriptEngine.java:119)
	at com.kms.katalon.core.main.TestCaseExecutor.runScript(TestCaseExecutor.java:445)
	at com.kms.katalon.core.main.TestCaseExecutor.doExecute(TestCaseExecutor.java:436)
	at com.kms.katalon.core.main.TestCaseExecutor.processExecutionPhase(TestCaseExecutor.java:415)
	at com.kms.katalon.core.main.TestCaseExecutor.accessMainPhase(TestCaseExecutor.java:407)
	at com.kms.katalon.core.main.TestCaseExecutor.execute(TestCaseExecutor.java:284)
	at com.kms.katalon.core.main.TestCaseExecutor.execute(TestCaseExecutor.java:366)
	at com.kms.katalon.core.main.TestCaseExecutor.execute(TestCaseExecutor.java:366)
	at com.kms.katalon.core.main.TestCaseExecutor.execute(TestCaseExecutor.java:366)
	at com.kms.katalon.core.common.CommonExecutor.accessTestCaseMainPhase(CommonExecutor.java:65)
	at com.kms.katalon.core.main.TestSuiteExecutor.accessTestSuiteMainPhase(TestSuiteExecutor.java:144)
	at com.kms.katalon.core.main.TestSuiteExecutor.execute(TestSuiteExecutor.java:106)
	at com.kms.katalon.core.main.TestCaseMain.startTestSuite(TestCaseMain.java:185)
	at com.kms.katalon.core.main.TestCaseMain$startTestSuite$0.call(Unknown Source)
	at TempTestSuite1658297266502.run(TempTestSuite1658297266502.groovy:36)
)

2022-07-20 13:17:17 - [MESSAGE][WARNING] - Timeout '0' is invalid. Using default page load timeout: '30'

2022-07-20 13:17:48 - [MESSAGE][FAILED] - Object Object Repository/Login/positive/button masuk not found

2022-07-20 13:17:49 - [MESSAGE][FAILED] - Failed to tap on element 'Object Repository/Login/positive/button masuk' (Root cause: com.kms.katalon.core.exception.StepFailedException: Object Object Repository/Login/positive/button masuk not found
	at com.kms.katalon.core.keyword.internal.KeywordMain.stepFailed(KeywordMain.groovy:50)
	at com.kms.katalon.core.mobile.keyword.internal.MobileKeywordMain.stepFailed(MobileKeywordMain.groovy:40)
	at com.kms.katalon.core.mobile.keyword.builtin.TapKeyword$_tap_closure1.doCall(TapKeyword.groovy:79)
	at com.kms.katalon.core.mobile.keyword.builtin.TapKeyword$_tap_closure1.call(TapKeyword.groovy)
	at com.kms.katalon.core.mobile.keyword.internal.MobileKeywordMain.runKeyword(MobileKeywordMain.groovy:21)
	at com.kms.katalon.core.mobile.keyword.builtin.TapKeyword.tap(TapKeyword.groovy:84)
	at com.kms.katalon.core.mobile.keyword.builtin.TapKeyword.execute(TapKeyword.groovy:68)
	at com.kms.katalon.core.keyword.internal.KeywordExecutor.executeKeywordForPlatform(KeywordExecutor.groovy:74)
	at com.kms.katalon.core.mobile.keyword.MobileBuiltInKeywords.tap(MobileBuiltInKeywords.groovy:1490)
	at com.kms.katalon.core.mobile.keyword.MobileBuiltInKeywords$tap$0.call(Unknown Source)
	at test case information perawatan - isolasi mandiri.run(test case information perawatan - isolasi mandiri:22)
	at com.kms.katalon.core.main.ScriptEngine.run(ScriptEngine.java:194)
	at com.kms.katalon.core.main.ScriptEngine.runScriptAsRawText(ScriptEngine.java:119)
	at com.kms.katalon.core.main.TestCaseExecutor.runScript(TestCaseExecutor.java:445)
	at com.kms.katalon.core.main.TestCaseExecutor.doExecute(TestCaseExecutor.java:436)
	at com.kms.katalon.core.main.TestCaseExecutor.processExecutionPhase(TestCaseExecutor.java:415)
	at com.kms.katalon.core.main.TestCaseExecutor.accessMainPhase(TestCaseExecutor.java:407)
	at com.kms.katalon.core.main.TestCaseExecutor.execute(TestCaseExecutor.java:284)
	at com.kms.katalon.core.main.TestCaseExecutor.execute(TestCaseExecutor.java:366)
	at com.kms.katalon.core.main.TestCaseExecutor.execute(TestCaseExecutor.java:366)
	at com.kms.katalon.core.main.TestCaseExecutor.execute(TestCaseExecutor.java:366)
	at com.kms.katalon.core.common.CommonExecutor.accessTestCaseMainPhase(CommonExecutor.java:65)
	at com.kms.katalon.core.main.TestSuiteExecutor.accessTestSuiteMainPhase(TestSuiteExecutor.java:144)
	at com.kms.katalon.core.main.TestSuiteExecutor.execute(TestSuiteExecutor.java:106)
	at com.kms.katalon.core.main.TestCaseMain.startTestSuite(TestCaseMain.java:185)
	at com.kms.katalon.core.main.TestCaseMain$startTestSuite$0.call(Unknown Source)
	at TempTestSuite1658297266502.run(TempTestSuite1658297266502.groovy:36)
)
[[ATTACHMENT|D:\\CAPSTONE\\Testing Mobile\\Reports\\20220720_130746\\Report Mobile Testing\\20220720_130746\\1658297868029.png]]]]></system-out>
         <system-err><![CDATA[2022-07-20 13:16:58 - [TEST_CASE][FAILED] - Test Cases/Covid information/positive/test case information perawatan - isolasi mandiri: Test Cases/Covid information/positive/test case information perawatan - isolasi mandiri FAILED.
Reason:
com.kms.katalon.core.exception.StepFailedException: Object Object Repository/Login/positive/button masuk not found
	at com.kms.katalon.core.keyword.internal.KeywordMain.stepFailed(KeywordMain.groovy:50)
	at com.kms.katalon.core.mobile.keyword.internal.MobileKeywordMain.stepFailed(MobileKeywordMain.groovy:40)
	at com.kms.katalon.core.mobile.keyword.builtin.TapKeyword$_tap_closure1.doCall(TapKeyword.groovy:79)
	at com.kms.katalon.core.mobile.keyword.builtin.TapKeyword$_tap_closure1.call(TapKeyword.groovy)
	at com.kms.katalon.core.mobile.keyword.internal.MobileKeywordMain.runKeyword(MobileKeywordMain.groovy:21)
	at com.kms.katalon.core.mobile.keyword.builtin.TapKeyword.tap(TapKeyword.groovy:84)
	at com.kms.katalon.core.mobile.keyword.builtin.TapKeyword.execute(TapKeyword.groovy:68)
	at com.kms.katalon.core.keyword.internal.KeywordExecutor.executeKeywordForPlatform(KeywordExecutor.groovy:74)
	at com.kms.katalon.core.mobile.keyword.MobileBuiltInKeywords.tap(MobileBuiltInKeywords.groovy:1490)
	at com.kms.katalon.core.mobile.keyword.MobileBuiltInKeywords$tap$0.call(Unknown Source)
	at test case information perawatan - isolasi mandiri.run(test case information perawatan - isolasi mandiri:22)
	at com.kms.katalon.core.main.ScriptEngine.run(ScriptEngine.java:194)
	at com.kms.katalon.core.main.ScriptEngine.runScriptAsRawText(ScriptEngine.java:119)
	at com.kms.katalon.core.main.TestCaseExecutor.runScript(TestCaseExecutor.java:445)
	at com.kms.katalon.core.main.TestCaseExecutor.doExecute(TestCaseExecutor.java:436)
	at com.kms.katalon.core.main.TestCaseExecutor.processExecutionPhase(TestCaseExecutor.java:415)
	at com.kms.katalon.core.main.TestCaseExecutor.accessMainPhase(TestCaseExecutor.java:407)
	at com.kms.katalon.core.main.TestCaseExecutor.execute(TestCaseExecutor.java:284)
	at com.kms.katalon.core.main.TestCaseExecutor.execute(TestCaseExecutor.java:366)
	at com.kms.katalon.core.main.TestCaseExecutor.execute(TestCaseExecutor.java:366)
	at com.kms.katalon.core.main.TestCaseExecutor.execute(TestCaseExecutor.java:366)
	at com.kms.katalon.core.common.CommonExecutor.accessTestCaseMainPhase(CommonExecutor.java:65)
	at com.kms.katalon.core.main.TestSuiteExecutor.accessTestSuiteMainPhase(TestSuiteExecutor.java:144)
	at com.kms.katalon.core.main.TestSuiteExecutor.execute(TestSuiteExecutor.java:106)
	at com.kms.katalon.core.main.TestCaseMain.startTestSuite(TestCaseMain.java:185)
	at com.kms.katalon.core.main.TestCaseMain$startTestSuite$0.call(Unknown Source)
	at TempTestSuite1658297266502.run(TempTestSuite1658297266502.groovy:36)]]></system-err>
      </testcase>
      <testcase name="Test Cases/Covid information/positive/test case information perawatan - terapi medis" time="52.395" classname="Test Cases/Covid information/positive/test case information perawatan - terapi medis" status="FAILED">
         <failure type="FAILED" message="Test Cases/Covid information/positive/test case information perawatan - terapi medis FAILED.
Reason:
com.kms.katalon.core.exception.StepFailedException: Failed to tap on element 'Object Repository/Information/button perawatan' (Root cause: org.openqa.selenium.StaleElementReferenceException: Cached elements 'By.xpath: (//android.view.View)[16]' do not exist in DOM anymore
For documentation on this error, please visit: https://www.seleniumhq.org/exceptions/stale_element_reference.html
Build info: version: '3.141.59', revision: 'e82be7d358', time: '2018-11-14T08:25:53'
System info: host: 'DESKTOP-A4RBSR0', ip: '192.168.43.80', os.name: 'Windows 10', os.arch: 'amd64', os.version: '10.0', java.version: '1.8.0_282'
Driver info: com.kms.katalon.core.appium.driver.SwipeableAndroidDriver
Capabilities {app: D:\CAPSTONE\Testing Mobile\..., appPackage: com.example.vaccine, autoGrantPermissions: true, automationName: uiautomator2, chromedriverPort: 52704, databaseEnabled: false, desired: {app: D:\CAPSTONE\Testing Mobile\..., autoGrantPermissions: true, automationName: uiautomator2, chromedriverPort: 52704, deviceName: OPPO CPH1803 (Android 8.1.0), fullReset: false, newCommandTimeout: 1800, noReset: true, platform: ANDROID, platformName: android, platformVersion: 8.1.0, systemPort: 53517, udid: d224b3cb}, deviceApiLevel: 27, deviceManufacturer: OPPO, deviceModel: CPH1803, deviceName: d224b3cb, deviceScreenDensity: 320, deviceScreenSize: 720x1520, deviceUDID: d224b3cb, fullReset: false, javascriptEnabled: true, locationContextEnabled: false, networkConnectionEnabled: true, newCommandTimeout: 1800, noReset: true, pixelRatio: 2, platform: ANDROID, platformName: Android, platformVersion: 8.1.0, statBarHeight: 53, systemPort: 53517, takesScreenshot: true, udid: d224b3cb, viewportRect: {height: 1371, left: 0, top: 53, width: 720}, warnings: {}, webStorageEnabled: false}
Session ID: ec2f2b42-0df3-45e7-99bb-1e62d23550cf
	at org.openqa.selenium.remote.http.W3CHttpResponseCodec.createException(W3CHttpResponseCodec.java:187)
	at org.openqa.selenium.remote.http.W3CHttpResponseCodec.decode(W3CHttpResponseCodec.java:122)
	at org.openqa.selenium.remote.http.W3CHttpResponseCodec.decode(W3CHttpResponseCodec.java:49)
	at org.openqa.selenium.remote.HttpCommandExecutor.execute(HttpCommandExecutor.java:158)
	at io.appium.java_client.remote.AppiumCommandExecutor.execute(AppiumCommandExecutor.java:239)
	at org.openqa.selenium.remote.RemoteWebDriver.execute(RemoteWebDriver.java:552)
	at io.appium.java_client.DefaultGenericMobileDriver.execute(DefaultGenericMobileDriver.java:42)
	at io.appium.java_client.AppiumDriver.execute(AppiumDriver.java:1)
	at io.appium.java_client.android.AndroidDriver.execute(AndroidDriver.java:1)
	at com.kms.katalon.core.appium.driver.SwipeableAndroidDriver.execute(SwipeableAndroidDriver.java:1)
	at org.openqa.selenium.remote.RemoteWebElement.execute(RemoteWebElement.java:285)
	at io.appium.java_client.DefaultGenericMobileElement.execute(DefaultGenericMobileElement.java:45)
	at io.appium.java_client.MobileElement.execute(MobileElement.java:1)
	at io.appium.java_client.android.AndroidElement.execute(AndroidElement.java:1)
	at org.openqa.selenium.remote.RemoteWebElement.getLocation(RemoteWebElement.java:337)
	at org.openqa.selenium.WebElement$getLocation.call(Unknown Source)
	at com.kms.katalon.core.mobile.keyword.internal.MobileAbstractKeyword.findElement(MobileAbstractKeyword.groovy:86)
	at com.kms.katalon.core.mobile.keyword.builtin.TapKeyword.access$1(TapKeyword.groovy)
	at com.kms.katalon.core.mobile.keyword.builtin.TapKeyword$_tap_closure1.doCall(TapKeyword.groovy:76)
	at com.kms.katalon.core.mobile.keyword.builtin.TapKeyword$_tap_closure1.call(TapKeyword.groovy)
	at com.kms.katalon.core.mobile.keyword.internal.MobileKeywordMain.runKeyword(MobileKeywordMain.groovy:21)
	at com.kms.katalon.core.mobile.keyword.builtin.TapKeyword.tap(TapKeyword.groovy:84)
	at com.kms.katalon.core.mobile.keyword.builtin.TapKeyword.execute(TapKeyword.groovy:68)
	at com.kms.katalon.core.keyword.internal.KeywordExecutor.executeKeywordForPlatform(KeywordExecutor.groovy:74)
	at com.kms.katalon.core.mobile.keyword.MobileBuiltInKeywords.tap(MobileBuiltInKeywords.groovy:1490)
	at com.kms.katalon.core.mobile.keyword.MobileBuiltInKeywords$tap$0.call(Unknown Source)
	at test case information perawatan - terapi medis.run(test case information perawatan - terapi medis:40)
	at com.kms.katalon.core.main.ScriptEngine.run(ScriptEngine.java:194)
	at com.kms.katalon.core.main.ScriptEngine.runScriptAsRawText(ScriptEngine.java:119)
	at com.kms.katalon.core.main.TestCaseExecutor.runScript(TestCaseExecutor.java:445)
	at com.kms.katalon.core.main.TestCaseExecutor.doExecute(TestCaseExecutor.java:436)
	at com.kms.katalon.core.main.TestCaseExecutor.processExecutionPhase(TestCaseExecutor.java:415)
	at com.kms.katalon.core.main.TestCaseExecutor.accessMainPhase(TestCaseExecutor.java:407)
	at com.kms.katalon.core.main.TestCaseExecutor.execute(TestCaseExecutor.java:284)
	at com.kms.katalon.core.main.TestCaseExecutor.execute(TestCaseExecutor.java:366)
	at com.kms.katalon.core.main.TestCaseExecutor.execute(TestCaseExecutor.java:366)
	at com.kms.katalon.core.main.TestCaseExecutor.execute(TestCaseExecutor.java:366)
	at com.kms.katalon.core.common.CommonExecutor.accessTestCaseMainPhase(CommonExecutor.java:65)
	at com.kms.katalon.core.main.TestSuiteExecutor.accessTestSuiteMainPhase(TestSuiteExecutor.java:144)
	at com.kms.katalon.core.main.TestSuiteExecutor.execute(TestSuiteExecutor.java:106)
	at com.kms.katalon.core.main.TestCaseMain.startTestSuite(TestCaseMain.java:185)
	at com.kms.katalon.core.main.TestCaseMain$startTestSuite$0.call(Unknown Source)
	at TempTestSuite1658297266502.run(TempTestSuite1658297266502.groovy:36)
)
	at com.kms.katalon.core.keyword.internal.KeywordMain.stepFailed(KeywordMain.groovy:50)
	at com.kms.katalon.core.mobile.keyword.internal.MobileKeywordMain.stepFailed(MobileKeywordMain.groovy:40)
	at com.kms.katalon.core.mobile.keyword.internal.MobileKeywordMain.runKeyword(MobileKeywordMain.groovy:23)
	at com.kms.katalon.core.mobile.keyword.builtin.TapKeyword.tap(TapKeyword.groovy:84)
	at com.kms.katalon.core.mobile.keyword.builtin.TapKeyword.execute(TapKeyword.groovy:68)
	at com.kms.katalon.core.keyword.internal.KeywordExecutor.executeKeywordForPlatform(KeywordExecutor.groovy:74)
	at com.kms.katalon.core.mobile.keyword.MobileBuiltInKeywords.tap(MobileBuiltInKeywords.groovy:1490)
	at com.kms.katalon.core.mobile.keyword.MobileBuiltInKeywords$tap$0.call(Unknown Source)
	at test case information perawatan - terapi medis.run(test case information perawatan - terapi medis:40)
	at com.kms.katalon.core.main.ScriptEngine.run(ScriptEngine.java:194)
	at com.kms.katalon.core.main.ScriptEngine.runScriptAsRawText(ScriptEngine.java:119)
	at com.kms.katalon.core.main.TestCaseExecutor.runScript(TestCaseExecutor.java:445)
	at com.kms.katalon.core.main.TestCaseExecutor.doExecute(TestCaseExecutor.java:436)
	at com.kms.katalon.core.main.TestCaseExecutor.processExecutionPhase(TestCaseExecutor.java:415)
	at com.kms.katalon.core.main.TestCaseExecutor.accessMainPhase(TestCaseExecutor.java:407)
	at com.kms.katalon.core.main.TestCaseExecutor.execute(TestCaseExecutor.java:284)
	at com.kms.katalon.core.main.TestCaseExecutor.execute(TestCaseExecutor.java:366)
	at com.kms.katalon.core.main.TestCaseExecutor.execute(TestCaseExecutor.java:366)
	at com.kms.katalon.core.main.TestCaseExecutor.execute(TestCaseExecutor.java:366)
	at com.kms.katalon.core.common.CommonExecutor.accessTestCaseMainPhase(CommonExecutor.java:65)
	at com.kms.katalon.core.main.TestSuiteExecutor.accessTestSuiteMainPhase(TestSuiteExecutor.java:144)
	at com.kms.katalon.core.main.TestSuiteExecutor.execute(TestSuiteExecutor.java:106)
	at com.kms.katalon.core.main.TestCaseMain.startTestSuite(TestCaseMain.java:185)
	at com.kms.katalon.core.main.TestCaseMain$startTestSuite$0.call(Unknown Source)
	at TempTestSuite1658297266502.run(TempTestSuite1658297266502.groovy:36)
Caused by: org.openqa.selenium.StaleElementReferenceException: Cached elements 'By.xpath: (//android.view.View)[16]' do not exist in DOM anymore
For documentation on this error, please visit: https://www.seleniumhq.org/exceptions/stale_element_reference.html
Build info: version: '3.141.59', revision: 'e82be7d358', time: '2018-11-14T08:25:53'
System info: host: 'DESKTOP-A4RBSR0', ip: '192.168.43.80', os.name: 'Windows 10', os.arch: 'amd64', os.version: '10.0', java.version: '1.8.0_282'
Driver info: com.kms.katalon.core.appium.driver.SwipeableAndroidDriver
Capabilities {app: D:\CAPSTONE\Testing Mobile\..., appPackage: com.example.vaccine, autoGrantPermissions: true, automationName: uiautomator2, chromedriverPort: 52704, databaseEnabled: false, desired: {app: D:\CAPSTONE\Testing Mobile\..., autoGrantPermissions: true, automationName: uiautomator2, chromedriverPort: 52704, deviceName: OPPO CPH1803 (Android 8.1.0), fullReset: false, newCommandTimeout: 1800, noReset: true, platform: ANDROID, platformName: android, platformVersion: 8.1.0, systemPort: 53517, udid: d224b3cb}, deviceApiLevel: 27, deviceManufacturer: OPPO, deviceModel: CPH1803, deviceName: d224b3cb, deviceScreenDensity: 320, deviceScreenSize: 720x1520, deviceUDID: d224b3cb, fullReset: false, javascriptEnabled: true, locationContextEnabled: false, networkConnectionEnabled: true, newCommandTimeout: 1800, noReset: true, pixelRatio: 2, platform: ANDROID, platformName: Android, platformVersion: 8.1.0, statBarHeight: 53, systemPort: 53517, takesScreenshot: true, udid: d224b3cb, viewportRect: {height: 1371, left: 0, top: 53, width: 720}, warnings: {}, webStorageEnabled: false}
Session ID: ec2f2b42-0df3-45e7-99bb-1e62d23550cf
	at org.openqa.selenium.remote.http.W3CHttpResponseCodec.createException(W3CHttpResponseCodec.java:187)
	at org.openqa.selenium.remote.http.W3CHttpResponseCodec.decode(W3CHttpResponseCodec.java:122)
	at org.openqa.selenium.remote.http.W3CHttpResponseCodec.decode(W3CHttpResponseCodec.java:49)
	at org.openqa.selenium.remote.HttpCommandExecutor.execute(HttpCommandExecutor.java:158)
	at io.appium.java_client.remote.AppiumCommandExecutor.execute(AppiumCommandExecutor.java:239)
	at org.openqa.selenium.remote.RemoteWebDriver.execute(RemoteWebDriver.java:552)
	at io.appium.java_client.DefaultGenericMobileDriver.execute(DefaultGenericMobileDriver.java:42)
	at io.appium.java_client.AppiumDriver.execute(AppiumDriver.java:1)
	at io.appium.java_client.android.AndroidDriver.execute(AndroidDriver.java:1)
	at com.kms.katalon.core.appium.driver.SwipeableAndroidDriver.execute(SwipeableAndroidDriver.java:1)
	at org.openqa.selenium.remote.RemoteWebElement.execute(RemoteWebElement.java:285)
	at io.appium.java_client.DefaultGenericMobileElement.execute(DefaultGenericMobileElement.java:45)
	at io.appium.java_client.MobileElement.execute(MobileElement.java:1)
	at io.appium.java_client.android.AndroidElement.execute(AndroidElement.java:1)
	at org.openqa.selenium.remote.RemoteWebElement.getLocation(RemoteWebElement.java:337)
	at org.openqa.selenium.WebElement$getLocation.call(Unknown Source)
	at com.kms.katalon.core.mobile.keyword.internal.MobileAbstractKeyword.findElement(MobileAbstractKeyword.groovy:86)
	at com.kms.katalon.core.mobile.keyword.builtin.TapKeyword.access$1(TapKeyword.groovy)
	at com.kms.katalon.core.mobile.keyword.builtin.TapKeyword$_tap_closure1.doCall(TapKeyword.groovy:76)
	at com.kms.katalon.core.mobile.keyword.builtin.TapKeyword$_tap_closure1.call(TapKeyword.groovy)
	at com.kms.katalon.core.mobile.keyword.internal.MobileKeywordMain.runKeyword(MobileKeywordMain.groovy:21)
	... 22 more
"/>
         <system-out><![CDATA[2022-07-20 13:20:43 - [TEST_CASE][FAILED] - Test Cases/Covid information/positive/test case information perawatan - terapi medis: Test Cases/Covid information/positive/test case information perawatan - terapi medis FAILED.
Reason:
com.kms.katalon.core.exception.StepFailedException: Failed to tap on element 'Object Repository/Information/button perawatan' (Root cause: org.openqa.selenium.StaleElementReferenceException: Cached elements 'By.xpath: (//android.view.View)[16]' do not exist in DOM anymore
For documentation on this error, please visit: https://www.seleniumhq.org/exceptions/stale_element_reference.html
Build info: version: '3.141.59', revision: 'e82be7d358', time: '2018-11-14T08:25:53'
System info: host: 'DESKTOP-A4RBSR0', ip: '192.168.43.80', os.name: 'Windows 10', os.arch: 'amd64', os.version: '10.0', java.version: '1.8.0_282'
Driver info: com.kms.katalon.core.appium.driver.SwipeableAndroidDriver
Capabilities {app: D:\CAPSTONE\Testing Mobile\..., appPackage: com.example.vaccine, autoGrantPermissions: true, automationName: uiautomator2, chromedriverPort: 52704, databaseEnabled: false, desired: {app: D:\CAPSTONE\Testing Mobile\..., autoGrantPermissions: true, automationName: uiautomator2, chromedriverPort: 52704, deviceName: OPPO CPH1803 (Android 8.1.0), fullReset: false, newCommandTimeout: 1800, noReset: true, platform: ANDROID, platformName: android, platformVersion: 8.1.0, systemPort: 53517, udid: d224b3cb}, deviceApiLevel: 27, deviceManufacturer: OPPO, deviceModel: CPH1803, deviceName: d224b3cb, deviceScreenDensity: 320, deviceScreenSize: 720x1520, deviceUDID: d224b3cb, fullReset: false, javascriptEnabled: true, locationContextEnabled: false, networkConnectionEnabled: true, newCommandTimeout: 1800, noReset: true, pixelRatio: 2, platform: ANDROID, platformName: Android, platformVersion: 8.1.0, statBarHeight: 53, systemPort: 53517, takesScreenshot: true, udid: d224b3cb, viewportRect: {height: 1371, left: 0, top: 53, width: 720}, warnings: {}, webStorageEnabled: false}
Session ID: ec2f2b42-0df3-45e7-99bb-1e62d23550cf
	at org.openqa.selenium.remote.http.W3CHttpResponseCodec.createException(W3CHttpResponseCodec.java:187)
	at org.openqa.selenium.remote.http.W3CHttpResponseCodec.decode(W3CHttpResponseCodec.java:122)
	at org.openqa.selenium.remote.http.W3CHttpResponseCodec.decode(W3CHttpResponseCodec.java:49)
	at org.openqa.selenium.remote.HttpCommandExecutor.execute(HttpCommandExecutor.java:158)
	at io.appium.java_client.remote.AppiumCommandExecutor.execute(AppiumCommandExecutor.java:239)
	at org.openqa.selenium.remote.RemoteWebDriver.execute(RemoteWebDriver.java:552)
	at io.appium.java_client.DefaultGenericMobileDriver.execute(DefaultGenericMobileDriver.java:42)
	at io.appium.java_client.AppiumDriver.execute(AppiumDriver.java:1)
	at io.appium.java_client.android.AndroidDriver.execute(AndroidDriver.java:1)
	at com.kms.katalon.core.appium.driver.SwipeableAndroidDriver.execute(SwipeableAndroidDriver.java:1)
	at org.openqa.selenium.remote.RemoteWebElement.execute(RemoteWebElement.java:285)
	at io.appium.java_client.DefaultGenericMobileElement.execute(DefaultGenericMobileElement.java:45)
	at io.appium.java_client.MobileElement.execute(MobileElement.java:1)
	at io.appium.java_client.android.AndroidElement.execute(AndroidElement.java:1)
	at org.openqa.selenium.remote.RemoteWebElement.getLocation(RemoteWebElement.java:337)
	at org.openqa.selenium.WebElement$getLocation.call(Unknown Source)
	at com.kms.katalon.core.mobile.keyword.internal.MobileAbstractKeyword.findElement(MobileAbstractKeyword.groovy:86)
	at com.kms.katalon.core.mobile.keyword.builtin.TapKeyword.access$1(TapKeyword.groovy)
	at com.kms.katalon.core.mobile.keyword.builtin.TapKeyword$_tap_closure1.doCall(TapKeyword.groovy:76)
	at com.kms.katalon.core.mobile.keyword.builtin.TapKeyword$_tap_closure1.call(TapKeyword.groovy)
	at com.kms.katalon.core.mobile.keyword.internal.MobileKeywordMain.runKeyword(MobileKeywordMain.groovy:21)
	at com.kms.katalon.core.mobile.keyword.builtin.TapKeyword.tap(TapKeyword.groovy:84)
	at com.kms.katalon.core.mobile.keyword.builtin.TapKeyword.execute(TapKeyword.groovy:68)
	at com.kms.katalon.core.keyword.internal.KeywordExecutor.executeKeywordForPlatform(KeywordExecutor.groovy:74)
	at com.kms.katalon.core.mobile.keyword.MobileBuiltInKeywords.tap(MobileBuiltInKeywords.groovy:1490)
	at com.kms.katalon.core.mobile.keyword.MobileBuiltInKeywords$tap$0.call(Unknown Source)
	at test case information perawatan - terapi medis.run(test case information perawatan - terapi medis:40)
	at com.kms.katalon.core.main.ScriptEngine.run(ScriptEngine.java:194)
	at com.kms.katalon.core.main.ScriptEngine.runScriptAsRawText(ScriptEngine.java:119)
	at com.kms.katalon.core.main.TestCaseExecutor.runScript(TestCaseExecutor.java:445)
	at com.kms.katalon.core.main.TestCaseExecutor.doExecute(TestCaseExecutor.java:436)
	at com.kms.katalon.core.main.TestCaseExecutor.processExecutionPhase(TestCaseExecutor.java:415)
	at com.kms.katalon.core.main.TestCaseExecutor.accessMainPhase(TestCaseExecutor.java:407)
	at com.kms.katalon.core.main.TestCaseExecutor.execute(TestCaseExecutor.java:284)
	at com.kms.katalon.core.main.TestCaseExecutor.execute(TestCaseExecutor.java:366)
	at com.kms.katalon.core.main.TestCaseExecutor.execute(TestCaseExecutor.java:366)
	at com.kms.katalon.core.main.TestCaseExecutor.execute(TestCaseExecutor.java:366)
	at com.kms.katalon.core.common.CommonExecutor.accessTestCaseMainPhase(CommonExecutor.java:65)
	at com.kms.katalon.core.main.TestSuiteExecutor.accessTestSuiteMainPhase(TestSuiteExecutor.java:144)
	at com.kms.katalon.core.main.TestSuiteExecutor.execute(TestSuiteExecutor.java:106)
	at com.kms.katalon.core.main.TestCaseMain.startTestSuite(TestCaseMain.java:185)
	at com.kms.katalon.core.main.TestCaseMain$startTestSuite$0.call(Unknown Source)
	at TempTestSuite1658297266502.run(TempTestSuite1658297266502.groovy:36)
)
	at com.kms.katalon.core.keyword.internal.KeywordMain.stepFailed(KeywordMain.groovy:50)
	at com.kms.katalon.core.mobile.keyword.internal.MobileKeywordMain.stepFailed(MobileKeywordMain.groovy:40)
	at com.kms.katalon.core.mobile.keyword.internal.MobileKeywordMain.runKeyword(MobileKeywordMain.groovy:23)
	at com.kms.katalon.core.mobile.keyword.builtin.TapKeyword.tap(TapKeyword.groovy:84)
	at com.kms.katalon.core.mobile.keyword.builtin.TapKeyword.execute(TapKeyword.groovy:68)
	at com.kms.katalon.core.keyword.internal.KeywordExecutor.executeKeywordForPlatform(KeywordExecutor.groovy:74)
	at com.kms.katalon.core.mobile.keyword.MobileBuiltInKeywords.tap(MobileBuiltInKeywords.groovy:1490)
	at com.kms.katalon.core.mobile.keyword.MobileBuiltInKeywords$tap$0.call(Unknown Source)
	at test case information perawatan - terapi medis.run(test case information perawatan - terapi medis:40)
	at com.kms.katalon.core.main.ScriptEngine.run(ScriptEngine.java:194)
	at com.kms.katalon.core.main.ScriptEngine.runScriptAsRawText(ScriptEngine.java:119)
	at com.kms.katalon.core.main.TestCaseExecutor.runScript(TestCaseExecutor.java:445)
	at com.kms.katalon.core.main.TestCaseExecutor.doExecute(TestCaseExecutor.java:436)
	at com.kms.katalon.core.main.TestCaseExecutor.processExecutionPhase(TestCaseExecutor.java:415)
	at com.kms.katalon.core.main.TestCaseExecutor.accessMainPhase(TestCaseExecutor.java:407)
	at com.kms.katalon.core.main.TestCaseExecutor.execute(TestCaseExecutor.java:284)
	at com.kms.katalon.core.main.TestCaseExecutor.execute(TestCaseExecutor.java:366)
	at com.kms.katalon.core.main.TestCaseExecutor.execute(TestCaseExecutor.java:366)
	at com.kms.katalon.core.main.TestCaseExecutor.execute(TestCaseExecutor.java:366)
	at com.kms.katalon.core.common.CommonExecutor.accessTestCaseMainPhase(CommonExecutor.java:65)
	at com.kms.katalon.core.main.TestSuiteExecutor.accessTestSuiteMainPhase(TestSuiteExecutor.java:144)
	at com.kms.katalon.core.main.TestSuiteExecutor.execute(TestSuiteExecutor.java:106)
	at com.kms.katalon.core.main.TestCaseMain.startTestSuite(TestCaseMain.java:185)
	at com.kms.katalon.core.main.TestCaseMain$startTestSuite$0.call(Unknown Source)
	at TempTestSuite1658297266502.run(TempTestSuite1658297266502.groovy:36)
Caused by: org.openqa.selenium.StaleElementReferenceException: Cached elements 'By.xpath: (//android.view.View)[16]' do not exist in DOM anymore
For documentation on this error, please visit: https://www.seleniumhq.org/exceptions/stale_element_reference.html
Build info: version: '3.141.59', revision: 'e82be7d358', time: '2018-11-14T08:25:53'
System info: host: 'DESKTOP-A4RBSR0', ip: '192.168.43.80', os.name: 'Windows 10', os.arch: 'amd64', os.version: '10.0', java.version: '1.8.0_282'
Driver info: com.kms.katalon.core.appium.driver.SwipeableAndroidDriver
Capabilities {app: D:\CAPSTONE\Testing Mobile\..., appPackage: com.example.vaccine, autoGrantPermissions: true, automationName: uiautomator2, chromedriverPort: 52704, databaseEnabled: false, desired: {app: D:\CAPSTONE\Testing Mobile\..., autoGrantPermissions: true, automationName: uiautomator2, chromedriverPort: 52704, deviceName: OPPO CPH1803 (Android 8.1.0), fullReset: false, newCommandTimeout: 1800, noReset: true, platform: ANDROID, platformName: android, platformVersion: 8.1.0, systemPort: 53517, udid: d224b3cb}, deviceApiLevel: 27, deviceManufacturer: OPPO, deviceModel: CPH1803, deviceName: d224b3cb, deviceScreenDensity: 320, deviceScreenSize: 720x1520, deviceUDID: d224b3cb, fullReset: false, javascriptEnabled: true, locationContextEnabled: false, networkConnectionEnabled: true, newCommandTimeout: 1800, noReset: true, pixelRatio: 2, platform: ANDROID, platformName: Android, platformVersion: 8.1.0, statBarHeight: 53, systemPort: 53517, takesScreenshot: true, udid: d224b3cb, viewportRect: {height: 1371, left: 0, top: 53, width: 720}, warnings: {}, webStorageEnabled: false}
Session ID: ec2f2b42-0df3-45e7-99bb-1e62d23550cf
	at org.openqa.selenium.remote.http.W3CHttpResponseCodec.createException(W3CHttpResponseCodec.java:187)
	at org.openqa.selenium.remote.http.W3CHttpResponseCodec.decode(W3CHttpResponseCodec.java:122)
	at org.openqa.selenium.remote.http.W3CHttpResponseCodec.decode(W3CHttpResponseCodec.java:49)
	at org.openqa.selenium.remote.HttpCommandExecutor.execute(HttpCommandExecutor.java:158)
	at io.appium.java_client.remote.AppiumCommandExecutor.execute(AppiumCommandExecutor.java:239)
	at org.openqa.selenium.remote.RemoteWebDriver.execute(RemoteWebDriver.java:552)
	at io.appium.java_client.DefaultGenericMobileDriver.execute(DefaultGenericMobileDriver.java:42)
	at io.appium.java_client.AppiumDriver.execute(AppiumDriver.java:1)
	at io.appium.java_client.android.AndroidDriver.execute(AndroidDriver.java:1)
	at com.kms.katalon.core.appium.driver.SwipeableAndroidDriver.execute(SwipeableAndroidDriver.java:1)
	at org.openqa.selenium.remote.RemoteWebElement.execute(RemoteWebElement.java:285)
	at io.appium.java_client.DefaultGenericMobileElement.execute(DefaultGenericMobileElement.java:45)
	at io.appium.java_client.MobileElement.execute(MobileElement.java:1)
	at io.appium.java_client.android.AndroidElement.execute(AndroidElement.java:1)
	at org.openqa.selenium.remote.RemoteWebElement.getLocation(RemoteWebElement.java:337)
	at org.openqa.selenium.WebElement$getLocation.call(Unknown Source)
	at com.kms.katalon.core.mobile.keyword.internal.MobileAbstractKeyword.findElement(MobileAbstractKeyword.groovy:86)
	at com.kms.katalon.core.mobile.keyword.builtin.TapKeyword.access$1(TapKeyword.groovy)
	at com.kms.katalon.core.mobile.keyword.builtin.TapKeyword$_tap_closure1.doCall(TapKeyword.groovy:76)
	at com.kms.katalon.core.mobile.keyword.builtin.TapKeyword$_tap_closure1.call(TapKeyword.groovy)
	at com.kms.katalon.core.mobile.keyword.internal.MobileKeywordMain.runKeyword(MobileKeywordMain.groovy:21)
	... 22 more


2022-07-20 13:20:43 - [TEST_STEP][PASSED] - startApplication("D:\CAPSTONE\Testing Mobile\Data Files\app-release (3).apk", false): Started app at: 'D:\CAPSTONE\Testing Mobile\Data Files\app-release (3).apk'

2022-07-20 13:20:58 - [MESSAGE][PASSED] - Started app at: 'D:\CAPSTONE\Testing Mobile\Data Files\app-release (3).apk'

2022-07-20 13:20:58 - [TEST_STEP][PASSED] - tap(findTestObject("Login/positive/button masuk"), 0): Tapped on element 'Object Repository/Login/positive/button masuk'

2022-07-20 13:20:58 - [MESSAGE][WARNING] - Timeout '0' is invalid. Using default page load timeout: '30'

2022-07-20 13:21:02 - [MESSAGE][PASSED] - Tapped on element 'Object Repository/Login/positive/button masuk'

2022-07-20 13:21:02 - [TEST_STEP][PASSED] - tap(findTestObject("Login/positive/input email"), 0): Tapped on element 'Object Repository/Login/positive/input email'

2022-07-20 13:21:02 - [MESSAGE][WARNING] - Timeout '0' is invalid. Using default page load timeout: '30'

2022-07-20 13:21:03 - [MESSAGE][PASSED] - Tapped on element 'Object Repository/Login/positive/input email'

2022-07-20 13:21:03 - [TEST_STEP][PASSED] - setText(findTestObject("Login/positive/input email"), "anjasmara@gmail.com", 0): Text 'anjasmara@gmail.com' has been set to element 'Object Repository/Login/positive/input email'

2022-07-20 13:21:04 - [MESSAGE][WARNING] - Timeout '0' is invalid. Using default page load timeout: '30'

2022-07-20 13:21:06 - [MESSAGE][PASSED] - Text 'anjasmara@gmail.com' has been set to element 'Object Repository/Login/positive/input email'

2022-07-20 13:21:06 - [TEST_STEP][PASSED] - tap(findTestObject("Login/positive/input password"), 0): Tapped on element 'Object Repository/Login/positive/input password'

2022-07-20 13:21:06 - [MESSAGE][WARNING] - Timeout '0' is invalid. Using default page load timeout: '30'

2022-07-20 13:21:07 - [MESSAGE][PASSED] - Tapped on element 'Object Repository/Login/positive/input password'

2022-07-20 13:21:07 - [TEST_STEP][PASSED] - setText(findTestObject("Login/positive/input password"), "anjasmara", 0): Text 'anjasmara' has been set to element 'Object Repository/Login/positive/input password'

2022-07-20 13:21:07 - [MESSAGE][WARNING] - Timeout '0' is invalid. Using default page load timeout: '30'

2022-07-20 13:21:09 - [MESSAGE][PASSED] - Text 'anjasmara' has been set to element 'Object Repository/Login/positive/input password'

2022-07-20 13:21:09 - [TEST_STEP][PASSED] - pressBack(): Press back button successfully

2022-07-20 13:21:10 - [MESSAGE][PASSED] - Press back button successfully

2022-07-20 13:21:10 - [TEST_STEP][PASSED] - tap(findTestObject("Login/positive/button masuk"), 0): Tapped on element 'Object Repository/Login/positive/button masuk'

2022-07-20 13:21:10 - [MESSAGE][WARNING] - Timeout '0' is invalid. Using default page load timeout: '30'

2022-07-20 13:21:12 - [MESSAGE][PASSED] - Tapped on element 'Object Repository/Login/positive/button masuk'

2022-07-20 13:21:12 - [TEST_STEP][PASSED] - delay(3, STOP_ON_FAILURE): Delayed 3 second(s)

2022-07-20 13:21:15 - [MESSAGE][PASSED] - Delayed 3 second(s)

2022-07-20 13:21:15 - [TEST_STEP][PASSED] - tap(findTestObject("Information/button informasi"), 0): Tapped on element 'Object Repository/Information/button informasi'

2022-07-20 13:21:15 - [MESSAGE][WARNING] - Timeout '0' is invalid. Using default page load timeout: '30'

2022-07-20 13:21:16 - [MESSAGE][PASSED] - Tapped on element 'Object Repository/Information/button informasi'

2022-07-20 13:21:16 - [TEST_STEP][FAILED] - tap(findTestObject("Information/button perawatan"), 0): Failed to tap on element 'Object Repository/Information/button perawatan' (Root cause: org.openqa.selenium.StaleElementReferenceException: Cached elements 'By.xpath: (//android.view.View)[16]' do not exist in DOM anymore
For documentation on this error, please visit: https://www.seleniumhq.org/exceptions/stale_element_reference.html
Build info: version: '3.141.59', revision: 'e82be7d358', time: '2018-11-14T08:25:53'
System info: host: 'DESKTOP-A4RBSR0', ip: '192.168.43.80', os.name: 'Windows 10', os.arch: 'amd64', os.version: '10.0', java.version: '1.8.0_282'
Driver info: com.kms.katalon.core.appium.driver.SwipeableAndroidDriver
Capabilities {app: D:\CAPSTONE\Testing Mobile\..., appPackage: com.example.vaccine, autoGrantPermissions: true, automationName: uiautomator2, chromedriverPort: 52704, databaseEnabled: false, desired: {app: D:\CAPSTONE\Testing Mobile\..., autoGrantPermissions: true, automationName: uiautomator2, chromedriverPort: 52704, deviceName: OPPO CPH1803 (Android 8.1.0), fullReset: false, newCommandTimeout: 1800, noReset: true, platform: ANDROID, platformName: android, platformVersion: 8.1.0, systemPort: 53517, udid: d224b3cb}, deviceApiLevel: 27, deviceManufacturer: OPPO, deviceModel: CPH1803, deviceName: d224b3cb, deviceScreenDensity: 320, deviceScreenSize: 720x1520, deviceUDID: d224b3cb, fullReset: false, javascriptEnabled: true, locationContextEnabled: false, networkConnectionEnabled: true, newCommandTimeout: 1800, noReset: true, pixelRatio: 2, platform: ANDROID, platformName: Android, platformVersion: 8.1.0, statBarHeight: 53, systemPort: 53517, takesScreenshot: true, udid: d224b3cb, viewportRect: {height: 1371, left: 0, top: 53, width: 720}, warnings: {}, webStorageEnabled: false}
Session ID: ec2f2b42-0df3-45e7-99bb-1e62d23550cf
	at org.openqa.selenium.remote.http.W3CHttpResponseCodec.createException(W3CHttpResponseCodec.java:187)
	at org.openqa.selenium.remote.http.W3CHttpResponseCodec.decode(W3CHttpResponseCodec.java:122)
	at org.openqa.selenium.remote.http.W3CHttpResponseCodec.decode(W3CHttpResponseCodec.java:49)
	at org.openqa.selenium.remote.HttpCommandExecutor.execute(HttpCommandExecutor.java:158)
	at io.appium.java_client.remote.AppiumCommandExecutor.execute(AppiumCommandExecutor.java:239)
	at org.openqa.selenium.remote.RemoteWebDriver.execute(RemoteWebDriver.java:552)
	at io.appium.java_client.DefaultGenericMobileDriver.execute(DefaultGenericMobileDriver.java:42)
	at io.appium.java_client.AppiumDriver.execute(AppiumDriver.java:1)
	at io.appium.java_client.android.AndroidDriver.execute(AndroidDriver.java:1)
	at com.kms.katalon.core.appium.driver.SwipeableAndroidDriver.execute(SwipeableAndroidDriver.java:1)
	at org.openqa.selenium.remote.RemoteWebElement.execute(RemoteWebElement.java:285)
	at io.appium.java_client.DefaultGenericMobileElement.execute(DefaultGenericMobileElement.java:45)
	at io.appium.java_client.MobileElement.execute(MobileElement.java:1)
	at io.appium.java_client.android.AndroidElement.execute(AndroidElement.java:1)
	at org.openqa.selenium.remote.RemoteWebElement.getLocation(RemoteWebElement.java:337)
	at org.openqa.selenium.WebElement$getLocation.call(Unknown Source)
	at com.kms.katalon.core.mobile.keyword.internal.MobileAbstractKeyword.findElement(MobileAbstractKeyword.groovy:86)
	at com.kms.katalon.core.mobile.keyword.builtin.TapKeyword.access$1(TapKeyword.groovy)
	at com.kms.katalon.core.mobile.keyword.builtin.TapKeyword$_tap_closure1.doCall(TapKeyword.groovy:76)
	at com.kms.katalon.core.mobile.keyword.builtin.TapKeyword$_tap_closure1.call(TapKeyword.groovy)
	at com.kms.katalon.core.mobile.keyword.internal.MobileKeywordMain.runKeyword(MobileKeywordMain.groovy:21)
	at com.kms.katalon.core.mobile.keyword.builtin.TapKeyword.tap(TapKeyword.groovy:84)
	at com.kms.katalon.core.mobile.keyword.builtin.TapKeyword.execute(TapKeyword.groovy:68)
	at com.kms.katalon.core.keyword.internal.KeywordExecutor.executeKeywordForPlatform(KeywordExecutor.groovy:74)
	at com.kms.katalon.core.mobile.keyword.MobileBuiltInKeywords.tap(MobileBuiltInKeywords.groovy:1490)
	at com.kms.katalon.core.mobile.keyword.MobileBuiltInKeywords$tap$0.call(Unknown Source)
	at test case information perawatan - terapi medis.run(test case information perawatan - terapi medis:40)
	at com.kms.katalon.core.main.ScriptEngine.run(ScriptEngine.java:194)
	at com.kms.katalon.core.main.ScriptEngine.runScriptAsRawText(ScriptEngine.java:119)
	at com.kms.katalon.core.main.TestCaseExecutor.runScript(TestCaseExecutor.java:445)
	at com.kms.katalon.core.main.TestCaseExecutor.doExecute(TestCaseExecutor.java:436)
	at com.kms.katalon.core.main.TestCaseExecutor.processExecutionPhase(TestCaseExecutor.java:415)
	at com.kms.katalon.core.main.TestCaseExecutor.accessMainPhase(TestCaseExecutor.java:407)
	at com.kms.katalon.core.main.TestCaseExecutor.execute(TestCaseExecutor.java:284)
	at com.kms.katalon.core.main.TestCaseExecutor.execute(TestCaseExecutor.java:366)
	at com.kms.katalon.core.main.TestCaseExecutor.execute(TestCaseExecutor.java:366)
	at com.kms.katalon.core.main.TestCaseExecutor.execute(TestCaseExecutor.java:366)
	at com.kms.katalon.core.common.CommonExecutor.accessTestCaseMainPhase(CommonExecutor.java:65)
	at com.kms.katalon.core.main.TestSuiteExecutor.accessTestSuiteMainPhase(TestSuiteExecutor.java:144)
	at com.kms.katalon.core.main.TestSuiteExecutor.execute(TestSuiteExecutor.java:106)
	at com.kms.katalon.core.main.TestCaseMain.startTestSuite(TestCaseMain.java:185)
	at com.kms.katalon.core.main.TestCaseMain$startTestSuite$0.call(Unknown Source)
	at TempTestSuite1658297266502.run(TempTestSuite1658297266502.groovy:36)
)

2022-07-20 13:21:16 - [MESSAGE][WARNING] - Timeout '0' is invalid. Using default page load timeout: '30'

2022-07-20 13:21:36 - [MESSAGE][FAILED] - Failed to tap on element 'Object Repository/Information/button perawatan' (Root cause: org.openqa.selenium.StaleElementReferenceException: Cached elements 'By.xpath: (//android.view.View)[16]' do not exist in DOM anymore
For documentation on this error, please visit: https://www.seleniumhq.org/exceptions/stale_element_reference.html
Build info: version: '3.141.59', revision: 'e82be7d358', time: '2018-11-14T08:25:53'
System info: host: 'DESKTOP-A4RBSR0', ip: '192.168.43.80', os.name: 'Windows 10', os.arch: 'amd64', os.version: '10.0', java.version: '1.8.0_282'
Driver info: com.kms.katalon.core.appium.driver.SwipeableAndroidDriver
Capabilities {app: D:\CAPSTONE\Testing Mobile\..., appPackage: com.example.vaccine, autoGrantPermissions: true, automationName: uiautomator2, chromedriverPort: 52704, databaseEnabled: false, desired: {app: D:\CAPSTONE\Testing Mobile\..., autoGrantPermissions: true, automationName: uiautomator2, chromedriverPort: 52704, deviceName: OPPO CPH1803 (Android 8.1.0), fullReset: false, newCommandTimeout: 1800, noReset: true, platform: ANDROID, platformName: android, platformVersion: 8.1.0, systemPort: 53517, udid: d224b3cb}, deviceApiLevel: 27, deviceManufacturer: OPPO, deviceModel: CPH1803, deviceName: d224b3cb, deviceScreenDensity: 320, deviceScreenSize: 720x1520, deviceUDID: d224b3cb, fullReset: false, javascriptEnabled: true, locationContextEnabled: false, networkConnectionEnabled: true, newCommandTimeout: 1800, noReset: true, pixelRatio: 2, platform: ANDROID, platformName: Android, platformVersion: 8.1.0, statBarHeight: 53, systemPort: 53517, takesScreenshot: true, udid: d224b3cb, viewportRect: {height: 1371, left: 0, top: 53, width: 720}, warnings: {}, webStorageEnabled: false}
Session ID: ec2f2b42-0df3-45e7-99bb-1e62d23550cf
	at org.openqa.selenium.remote.http.W3CHttpResponseCodec.createException(W3CHttpResponseCodec.java:187)
	at org.openqa.selenium.remote.http.W3CHttpResponseCodec.decode(W3CHttpResponseCodec.java:122)
	at org.openqa.selenium.remote.http.W3CHttpResponseCodec.decode(W3CHttpResponseCodec.java:49)
	at org.openqa.selenium.remote.HttpCommandExecutor.execute(HttpCommandExecutor.java:158)
	at io.appium.java_client.remote.AppiumCommandExecutor.execute(AppiumCommandExecutor.java:239)
	at org.openqa.selenium.remote.RemoteWebDriver.execute(RemoteWebDriver.java:552)
	at io.appium.java_client.DefaultGenericMobileDriver.execute(DefaultGenericMobileDriver.java:42)
	at io.appium.java_client.AppiumDriver.execute(AppiumDriver.java:1)
	at io.appium.java_client.android.AndroidDriver.execute(AndroidDriver.java:1)
	at com.kms.katalon.core.appium.driver.SwipeableAndroidDriver.execute(SwipeableAndroidDriver.java:1)
	at org.openqa.selenium.remote.RemoteWebElement.execute(RemoteWebElement.java:285)
	at io.appium.java_client.DefaultGenericMobileElement.execute(DefaultGenericMobileElement.java:45)
	at io.appium.java_client.MobileElement.execute(MobileElement.java:1)
	at io.appium.java_client.android.AndroidElement.execute(AndroidElement.java:1)
	at org.openqa.selenium.remote.RemoteWebElement.getLocation(RemoteWebElement.java:337)
	at org.openqa.selenium.WebElement$getLocation.call(Unknown Source)
	at com.kms.katalon.core.mobile.keyword.internal.MobileAbstractKeyword.findElement(MobileAbstractKeyword.groovy:86)
	at com.kms.katalon.core.mobile.keyword.builtin.TapKeyword.access$1(TapKeyword.groovy)
	at com.kms.katalon.core.mobile.keyword.builtin.TapKeyword$_tap_closure1.doCall(TapKeyword.groovy:76)
	at com.kms.katalon.core.mobile.keyword.builtin.TapKeyword$_tap_closure1.call(TapKeyword.groovy)
	at com.kms.katalon.core.mobile.keyword.internal.MobileKeywordMain.runKeyword(MobileKeywordMain.groovy:21)
	at com.kms.katalon.core.mobile.keyword.builtin.TapKeyword.tap(TapKeyword.groovy:84)
	at com.kms.katalon.core.mobile.keyword.builtin.TapKeyword.execute(TapKeyword.groovy:68)
	at com.kms.katalon.core.keyword.internal.KeywordExecutor.executeKeywordForPlatform(KeywordExecutor.groovy:74)
	at com.kms.katalon.core.mobile.keyword.MobileBuiltInKeywords.tap(MobileBuiltInKeywords.groovy:1490)
	at com.kms.katalon.core.mobile.keyword.MobileBuiltInKeywords$tap$0.call(Unknown Source)
	at test case information perawatan - terapi medis.run(test case information perawatan - terapi medis:40)
	at com.kms.katalon.core.main.ScriptEngine.run(ScriptEngine.java:194)
	at com.kms.katalon.core.main.ScriptEngine.runScriptAsRawText(ScriptEngine.java:119)
	at com.kms.katalon.core.main.TestCaseExecutor.runScript(TestCaseExecutor.java:445)
	at com.kms.katalon.core.main.TestCaseExecutor.doExecute(TestCaseExecutor.java:436)
	at com.kms.katalon.core.main.TestCaseExecutor.processExecutionPhase(TestCaseExecutor.java:415)
	at com.kms.katalon.core.main.TestCaseExecutor.accessMainPhase(TestCaseExecutor.java:407)
	at com.kms.katalon.core.main.TestCaseExecutor.execute(TestCaseExecutor.java:284)
	at com.kms.katalon.core.main.TestCaseExecutor.execute(TestCaseExecutor.java:366)
	at com.kms.katalon.core.main.TestCaseExecutor.execute(TestCaseExecutor.java:366)
	at com.kms.katalon.core.main.TestCaseExecutor.execute(TestCaseExecutor.java:366)
	at com.kms.katalon.core.common.CommonExecutor.accessTestCaseMainPhase(CommonExecutor.java:65)
	at com.kms.katalon.core.main.TestSuiteExecutor.accessTestSuiteMainPhase(TestSuiteExecutor.java:144)
	at com.kms.katalon.core.main.TestSuiteExecutor.execute(TestSuiteExecutor.java:106)
	at com.kms.katalon.core.main.TestCaseMain.startTestSuite(TestCaseMain.java:185)
	at com.kms.katalon.core.main.TestCaseMain$startTestSuite$0.call(Unknown Source)
	at TempTestSuite1658297266502.run(TempTestSuite1658297266502.groovy:36)
)
[[ATTACHMENT|D:\\CAPSTONE\\Testing Mobile\\Reports\\20220720_130746\\Report Mobile Testing\\20220720_130746\\1658298094405.png]]]]></system-out>
         <system-err><![CDATA[2022-07-20 13:20:43 - [TEST_CASE][FAILED] - Test Cases/Covid information/positive/test case information perawatan - terapi medis: Test Cases/Covid information/positive/test case information perawatan - terapi medis FAILED.
Reason:
com.kms.katalon.core.exception.StepFailedException: Failed to tap on element 'Object Repository/Information/button perawatan' (Root cause: org.openqa.selenium.StaleElementReferenceException: Cached elements 'By.xpath: (//android.view.View)[16]' do not exist in DOM anymore
For documentation on this error, please visit: https://www.seleniumhq.org/exceptions/stale_element_reference.html
Build info: version: '3.141.59', revision: 'e82be7d358', time: '2018-11-14T08:25:53'
System info: host: 'DESKTOP-A4RBSR0', ip: '192.168.43.80', os.name: 'Windows 10', os.arch: 'amd64', os.version: '10.0', java.version: '1.8.0_282'
Driver info: com.kms.katalon.core.appium.driver.SwipeableAndroidDriver
Capabilities {app: D:\CAPSTONE\Testing Mobile\..., appPackage: com.example.vaccine, autoGrantPermissions: true, automationName: uiautomator2, chromedriverPort: 52704, databaseEnabled: false, desired: {app: D:\CAPSTONE\Testing Mobile\..., autoGrantPermissions: true, automationName: uiautomator2, chromedriverPort: 52704, deviceName: OPPO CPH1803 (Android 8.1.0), fullReset: false, newCommandTimeout: 1800, noReset: true, platform: ANDROID, platformName: android, platformVersion: 8.1.0, systemPort: 53517, udid: d224b3cb}, deviceApiLevel: 27, deviceManufacturer: OPPO, deviceModel: CPH1803, deviceName: d224b3cb, deviceScreenDensity: 320, deviceScreenSize: 720x1520, deviceUDID: d224b3cb, fullReset: false, javascriptEnabled: true, locationContextEnabled: false, networkConnectionEnabled: true, newCommandTimeout: 1800, noReset: true, pixelRatio: 2, platform: ANDROID, platformName: Android, platformVersion: 8.1.0, statBarHeight: 53, systemPort: 53517, takesScreenshot: true, udid: d224b3cb, viewportRect: {height: 1371, left: 0, top: 53, width: 720}, warnings: {}, webStorageEnabled: false}
Session ID: ec2f2b42-0df3-45e7-99bb-1e62d23550cf
	at org.openqa.selenium.remote.http.W3CHttpResponseCodec.createException(W3CHttpResponseCodec.java:187)
	at org.openqa.selenium.remote.http.W3CHttpResponseCodec.decode(W3CHttpResponseCodec.java:122)
	at org.openqa.selenium.remote.http.W3CHttpResponseCodec.decode(W3CHttpResponseCodec.java:49)
	at org.openqa.selenium.remote.HttpCommandExecutor.execute(HttpCommandExecutor.java:158)
	at io.appium.java_client.remote.AppiumCommandExecutor.execute(AppiumCommandExecutor.java:239)
	at org.openqa.selenium.remote.RemoteWebDriver.execute(RemoteWebDriver.java:552)
	at io.appium.java_client.DefaultGenericMobileDriver.execute(DefaultGenericMobileDriver.java:42)
	at io.appium.java_client.AppiumDriver.execute(AppiumDriver.java:1)
	at io.appium.java_client.android.AndroidDriver.execute(AndroidDriver.java:1)
	at com.kms.katalon.core.appium.driver.SwipeableAndroidDriver.execute(SwipeableAndroidDriver.java:1)
	at org.openqa.selenium.remote.RemoteWebElement.execute(RemoteWebElement.java:285)
	at io.appium.java_client.DefaultGenericMobileElement.execute(DefaultGenericMobileElement.java:45)
	at io.appium.java_client.MobileElement.execute(MobileElement.java:1)
	at io.appium.java_client.android.AndroidElement.execute(AndroidElement.java:1)
	at org.openqa.selenium.remote.RemoteWebElement.getLocation(RemoteWebElement.java:337)
	at org.openqa.selenium.WebElement$getLocation.call(Unknown Source)
	at com.kms.katalon.core.mobile.keyword.internal.MobileAbstractKeyword.findElement(MobileAbstractKeyword.groovy:86)
	at com.kms.katalon.core.mobile.keyword.builtin.TapKeyword.access$1(TapKeyword.groovy)
	at com.kms.katalon.core.mobile.keyword.builtin.TapKeyword$_tap_closure1.doCall(TapKeyword.groovy:76)
	at com.kms.katalon.core.mobile.keyword.builtin.TapKeyword$_tap_closure1.call(TapKeyword.groovy)
	at com.kms.katalon.core.mobile.keyword.internal.MobileKeywordMain.runKeyword(MobileKeywordMain.groovy:21)
	at com.kms.katalon.core.mobile.keyword.builtin.TapKeyword.tap(TapKeyword.groovy:84)
	at com.kms.katalon.core.mobile.keyword.builtin.TapKeyword.execute(TapKeyword.groovy:68)
	at com.kms.katalon.core.keyword.internal.KeywordExecutor.executeKeywordForPlatform(KeywordExecutor.groovy:74)
	at com.kms.katalon.core.mobile.keyword.MobileBuiltInKeywords.tap(MobileBuiltInKeywords.groovy:1490)
	at com.kms.katalon.core.mobile.keyword.MobileBuiltInKeywords$tap$0.call(Unknown Source)
	at test case information perawatan - terapi medis.run(test case information perawatan - terapi medis:40)
	at com.kms.katalon.core.main.ScriptEngine.run(ScriptEngine.java:194)
	at com.kms.katalon.core.main.ScriptEngine.runScriptAsRawText(ScriptEngine.java:119)
	at com.kms.katalon.core.main.TestCaseExecutor.runScript(TestCaseExecutor.java:445)
	at com.kms.katalon.core.main.TestCaseExecutor.doExecute(TestCaseExecutor.java:436)
	at com.kms.katalon.core.main.TestCaseExecutor.processExecutionPhase(TestCaseExecutor.java:415)
	at com.kms.katalon.core.main.TestCaseExecutor.accessMainPhase(TestCaseExecutor.java:407)
	at com.kms.katalon.core.main.TestCaseExecutor.execute(TestCaseExecutor.java:284)
	at com.kms.katalon.core.main.TestCaseExecutor.execute(TestCaseExecutor.java:366)
	at com.kms.katalon.core.main.TestCaseExecutor.execute(TestCaseExecutor.java:366)
	at com.kms.katalon.core.main.TestCaseExecutor.execute(TestCaseExecutor.java:366)
	at com.kms.katalon.core.common.CommonExecutor.accessTestCaseMainPhase(CommonExecutor.java:65)
	at com.kms.katalon.core.main.TestSuiteExecutor.accessTestSuiteMainPhase(TestSuiteExecutor.java:144)
	at com.kms.katalon.core.main.TestSuiteExecutor.execute(TestSuiteExecutor.java:106)
	at com.kms.katalon.core.main.TestCaseMain.startTestSuite(TestCaseMain.java:185)
	at com.kms.katalon.core.main.TestCaseMain$startTestSuite$0.call(Unknown Source)
	at TempTestSuite1658297266502.run(TempTestSuite1658297266502.groovy:36)
)
	at com.kms.katalon.core.keyword.internal.KeywordMain.stepFailed(KeywordMain.groovy:50)
	at com.kms.katalon.core.mobile.keyword.internal.MobileKeywordMain.stepFailed(MobileKeywordMain.groovy:40)
	at com.kms.katalon.core.mobile.keyword.internal.MobileKeywordMain.runKeyword(MobileKeywordMain.groovy:23)
	at com.kms.katalon.core.mobile.keyword.builtin.TapKeyword.tap(TapKeyword.groovy:84)
	at com.kms.katalon.core.mobile.keyword.builtin.TapKeyword.execute(TapKeyword.groovy:68)
	at com.kms.katalon.core.keyword.internal.KeywordExecutor.executeKeywordForPlatform(KeywordExecutor.groovy:74)
	at com.kms.katalon.core.mobile.keyword.MobileBuiltInKeywords.tap(MobileBuiltInKeywords.groovy:1490)
	at com.kms.katalon.core.mobile.keyword.MobileBuiltInKeywords$tap$0.call(Unknown Source)
	at test case information perawatan - terapi medis.run(test case information perawatan - terapi medis:40)
	at com.kms.katalon.core.main.ScriptEngine.run(ScriptEngine.java:194)
	at com.kms.katalon.core.main.ScriptEngine.runScriptAsRawText(ScriptEngine.java:119)
	at com.kms.katalon.core.main.TestCaseExecutor.runScript(TestCaseExecutor.java:445)
	at com.kms.katalon.core.main.TestCaseExecutor.doExecute(TestCaseExecutor.java:436)
	at com.kms.katalon.core.main.TestCaseExecutor.processExecutionPhase(TestCaseExecutor.java:415)
	at com.kms.katalon.core.main.TestCaseExecutor.accessMainPhase(TestCaseExecutor.java:407)
	at com.kms.katalon.core.main.TestCaseExecutor.execute(TestCaseExecutor.java:284)
	at com.kms.katalon.core.main.TestCaseExecutor.execute(TestCaseExecutor.java:366)
	at com.kms.katalon.core.main.TestCaseExecutor.execute(TestCaseExecutor.java:366)
	at com.kms.katalon.core.main.TestCaseExecutor.execute(TestCaseExecutor.java:366)
	at com.kms.katalon.core.common.CommonExecutor.accessTestCaseMainPhase(CommonExecutor.java:65)
	at com.kms.katalon.core.main.TestSuiteExecutor.accessTestSuiteMainPhase(TestSuiteExecutor.java:144)
	at com.kms.katalon.core.main.TestSuiteExecutor.execute(TestSuiteExecutor.java:106)
	at com.kms.katalon.core.main.TestCaseMain.startTestSuite(TestCaseMain.java:185)
	at com.kms.katalon.core.main.TestCaseMain$startTestSuite$0.call(Unknown Source)
	at TempTestSuite1658297266502.run(TempTestSuite1658297266502.groovy:36)
Caused by: org.openqa.selenium.StaleElementReferenceException: Cached elements 'By.xpath: (//android.view.View)[16]' do not exist in DOM anymore
For documentation on this error, please visit: https://www.seleniumhq.org/exceptions/stale_element_reference.html
Build info: version: '3.141.59', revision: 'e82be7d358', time: '2018-11-14T08:25:53'
System info: host: 'DESKTOP-A4RBSR0', ip: '192.168.43.80', os.name: 'Windows 10', os.arch: 'amd64', os.version: '10.0', java.version: '1.8.0_282'
Driver info: com.kms.katalon.core.appium.driver.SwipeableAndroidDriver
Capabilities {app: D:\CAPSTONE\Testing Mobile\..., appPackage: com.example.vaccine, autoGrantPermissions: true, automationName: uiautomator2, chromedriverPort: 52704, databaseEnabled: false, desired: {app: D:\CAPSTONE\Testing Mobile\..., autoGrantPermissions: true, automationName: uiautomator2, chromedriverPort: 52704, deviceName: OPPO CPH1803 (Android 8.1.0), fullReset: false, newCommandTimeout: 1800, noReset: true, platform: ANDROID, platformName: android, platformVersion: 8.1.0, systemPort: 53517, udid: d224b3cb}, deviceApiLevel: 27, deviceManufacturer: OPPO, deviceModel: CPH1803, deviceName: d224b3cb, deviceScreenDensity: 320, deviceScreenSize: 720x1520, deviceUDID: d224b3cb, fullReset: false, javascriptEnabled: true, locationContextEnabled: false, networkConnectionEnabled: true, newCommandTimeout: 1800, noReset: true, pixelRatio: 2, platform: ANDROID, platformName: Android, platformVersion: 8.1.0, statBarHeight: 53, systemPort: 53517, takesScreenshot: true, udid: d224b3cb, viewportRect: {height: 1371, left: 0, top: 53, width: 720}, warnings: {}, webStorageEnabled: false}
Session ID: ec2f2b42-0df3-45e7-99bb-1e62d23550cf
	at org.openqa.selenium.remote.http.W3CHttpResponseCodec.createException(W3CHttpResponseCodec.java:187)
	at org.openqa.selenium.remote.http.W3CHttpResponseCodec.decode(W3CHttpResponseCodec.java:122)
	at org.openqa.selenium.remote.http.W3CHttpResponseCodec.decode(W3CHttpResponseCodec.java:49)
	at org.openqa.selenium.remote.HttpCommandExecutor.execute(HttpCommandExecutor.java:158)
	at io.appium.java_client.remote.AppiumCommandExecutor.execute(AppiumCommandExecutor.java:239)
	at org.openqa.selenium.remote.RemoteWebDriver.execute(RemoteWebDriver.java:552)
	at io.appium.java_client.DefaultGenericMobileDriver.execute(DefaultGenericMobileDriver.java:42)
	at io.appium.java_client.AppiumDriver.execute(AppiumDriver.java:1)
	at io.appium.java_client.android.AndroidDriver.execute(AndroidDriver.java:1)
	at com.kms.katalon.core.appium.driver.SwipeableAndroidDriver.execute(SwipeableAndroidDriver.java:1)
	at org.openqa.selenium.remote.RemoteWebElement.execute(RemoteWebElement.java:285)
	at io.appium.java_client.DefaultGenericMobileElement.execute(DefaultGenericMobileElement.java:45)
	at io.appium.java_client.MobileElement.execute(MobileElement.java:1)
	at io.appium.java_client.android.AndroidElement.execute(AndroidElement.java:1)
	at org.openqa.selenium.remote.RemoteWebElement.getLocation(RemoteWebElement.java:337)
	at org.openqa.selenium.WebElement$getLocation.call(Unknown Source)
	at com.kms.katalon.core.mobile.keyword.internal.MobileAbstractKeyword.findElement(MobileAbstractKeyword.groovy:86)
	at com.kms.katalon.core.mobile.keyword.builtin.TapKeyword.access$1(TapKeyword.groovy)
	at com.kms.katalon.core.mobile.keyword.builtin.TapKeyword$_tap_closure1.doCall(TapKeyword.groovy:76)
	at com.kms.katalon.core.mobile.keyword.builtin.TapKeyword$_tap_closure1.call(TapKeyword.groovy)
	at com.kms.katalon.core.mobile.keyword.internal.MobileKeywordMain.runKeyword(MobileKeywordMain.groovy:21)
	... 22 more]]></system-err>
      </testcase>
      <testcase name="Test Cases/Login/negative/test case login with empty email and password" time="32.192" classname="Test Cases/Login/negative/test case login with empty email and password" status="PASSED">
         <system-out><![CDATA[2022-07-20 13:21:36 - [TEST_CASE][PASSED] - Test Cases/Login/negative/test case login with empty email and password: Test Cases/Login/negative/test case login with empty email and password

2022-07-20 13:21:36 - [TEST_STEP][PASSED] - startApplication("C:\\Users\\A\\Downloads\\app-release (3).apk", false): Started app at: 'C:\Users\A\Downloads\app-release (3).apk'

2022-07-20 13:21:51 - [MESSAGE][PASSED] - Started app at: 'C:\Users\A\Downloads\app-release (3).apk'

2022-07-20 13:21:51 - [TEST_STEP][PASSED] - tap(findTestObject("Login/positive/button masuk"), 0): Tapped on element 'Object Repository/Login/positive/button masuk'

2022-07-20 13:21:51 - [MESSAGE][WARNING] - Timeout '0' is invalid. Using default page load timeout: '30'

2022-07-20 13:21:53 - [MESSAGE][PASSED] - Tapped on element 'Object Repository/Login/positive/button masuk'

2022-07-20 13:21:53 - [TEST_STEP][PASSED] - tap(findTestObject("Login/positive/input email"), 0): Tapped on element 'Object Repository/Login/positive/input email'

2022-07-20 13:21:53 - [MESSAGE][WARNING] - Timeout '0' is invalid. Using default page load timeout: '30'

2022-07-20 13:21:55 - [MESSAGE][PASSED] - Tapped on element 'Object Repository/Login/positive/input email'

2022-07-20 13:21:55 - [TEST_STEP][PASSED] - setText(findTestObject("Login/positive/input email"), "", 0): Text '' has been set to element 'Object Repository/Login/positive/input email'

2022-07-20 13:21:56 - [MESSAGE][WARNING] - Timeout '0' is invalid. Using default page load timeout: '30'

2022-07-20 13:21:58 - [MESSAGE][PASSED] - Text '' has been set to element 'Object Repository/Login/positive/input email'

2022-07-20 13:21:58 - [TEST_STEP][PASSED] - tap(findTestObject("Login/positive/input password"), 0): Tapped on element 'Object Repository/Login/positive/input password'

2022-07-20 13:21:58 - [MESSAGE][WARNING] - Timeout '0' is invalid. Using default page load timeout: '30'

2022-07-20 13:21:58 - [MESSAGE][PASSED] - Tapped on element 'Object Repository/Login/positive/input password'

2022-07-20 13:21:58 - [TEST_STEP][PASSED] - setText(findTestObject("Login/positive/input password"), "", 0): Text '' has been set to element 'Object Repository/Login/positive/input password'

2022-07-20 13:21:58 - [MESSAGE][WARNING] - Timeout '0' is invalid. Using default page load timeout: '30'

2022-07-20 13:22:00 - [MESSAGE][PASSED] - Text '' has been set to element 'Object Repository/Login/positive/input password'

2022-07-20 13:22:00 - [TEST_STEP][PASSED] - pressBack(): Press back button successfully

2022-07-20 13:22:01 - [MESSAGE][PASSED] - Press back button successfully

2022-07-20 13:22:01 - [TEST_STEP][PASSED] - tap(findTestObject("Login/positive/button masuk"), 0): Tapped on element 'Object Repository/Login/positive/button masuk'

2022-07-20 13:22:01 - [MESSAGE][WARNING] - Timeout '0' is invalid. Using default page load timeout: '30'

2022-07-20 13:22:02 - [MESSAGE][PASSED] - Tapped on element 'Object Repository/Login/positive/button masuk'

2022-07-20 13:22:02 - [TEST_STEP][PASSED] - delay(4, STOP_ON_FAILURE): Delayed 4 second(s)

2022-07-20 13:22:06 - [MESSAGE][PASSED] - Delayed 4 second(s)

2022-07-20 13:22:06 - [TEST_STEP][PASSED] - verifyElementVisible(findTestObject("Login/negative/verify text"), 0): Element 'Object Repository/Login/negative/verify text' is visible

2022-07-20 13:22:06 - [MESSAGE][WARNING] - Timeout '0' is invalid. Using default page load timeout: '30'

2022-07-20 13:22:07 - [MESSAGE][PASSED] - Element 'Object Repository/Login/negative/verify text' is visible

2022-07-20 13:22:07 - [TEST_STEP][PASSED] - closeApplication(): Close app successfully

2022-07-20 13:22:08 - [MESSAGE][PASSED] - Close app successfully]]></system-out>
         <system-err><![CDATA[]]></system-err>
      </testcase>
      <testcase name="Test Cases/Login/negative/test case login with empty email and valid password" time="44.993" classname="Test Cases/Login/negative/test case login with empty email and valid password" status="PASSED">
         <system-out><![CDATA[2022-07-20 13:22:08 - [TEST_CASE][PASSED] - Test Cases/Login/negative/test case login with empty email and valid password: Test Cases/Login/negative/test case login with empty email and valid password

2022-07-20 13:22:08 - [TEST_STEP][PASSED] - startApplication("C:\\Users\\A\\Downloads\\app-release (3).apk", false): Started app at: 'C:\Users\A\Downloads\app-release (3).apk'

2022-07-20 13:22:09 - [MESSAGE][INFO] - Detected NodeJS location: "C:\Program Files\nodejs\node.exe"

2022-07-20 13:22:13 - [MESSAGE][INFO] - Appium server started on port 53,659

2022-07-20 13:22:35 - [MESSAGE][PASSED] - Started app at: 'C:\Users\A\Downloads\app-release (3).apk'

2022-07-20 13:22:35 - [TEST_STEP][PASSED] - tap(findTestObject("Login/positive/button masuk"), 0): Tapped on element 'Object Repository/Login/positive/button masuk'

2022-07-20 13:22:35 - [MESSAGE][WARNING] - Timeout '0' is invalid. Using default page load timeout: '30'

2022-07-20 13:22:38 - [MESSAGE][PASSED] - Tapped on element 'Object Repository/Login/positive/button masuk'

2022-07-20 13:22:38 - [TEST_STEP][PASSED] - tap(findTestObject("Login/positive/input email"), 0): Tapped on element 'Object Repository/Login/positive/input email'

2022-07-20 13:22:38 - [MESSAGE][WARNING] - Timeout '0' is invalid. Using default page load timeout: '30'

2022-07-20 13:22:40 - [MESSAGE][PASSED] - Tapped on element 'Object Repository/Login/positive/input email'

2022-07-20 13:22:40 - [TEST_STEP][PASSED] - setText(findTestObject("Login/positive/input email"), "", 0): Text '' has been set to element 'Object Repository/Login/positive/input email'

2022-07-20 13:22:40 - [MESSAGE][WARNING] - Timeout '0' is invalid. Using default page load timeout: '30'

2022-07-20 13:22:42 - [MESSAGE][PASSED] - Text '' has been set to element 'Object Repository/Login/positive/input email'

2022-07-20 13:22:42 - [TEST_STEP][PASSED] - tap(findTestObject("Login/positive/input password"), 0): Tapped on element 'Object Repository/Login/positive/input password'

2022-07-20 13:22:42 - [MESSAGE][WARNING] - Timeout '0' is invalid. Using default page load timeout: '30'

2022-07-20 13:22:42 - [MESSAGE][PASSED] - Tapped on element 'Object Repository/Login/positive/input password'

2022-07-20 13:22:42 - [TEST_STEP][PASSED] - setText(findTestObject("Login/positive/input password"), "12345678", 0): Text '12345678' has been set to element 'Object Repository/Login/positive/input password'

2022-07-20 13:22:43 - [MESSAGE][WARNING] - Timeout '0' is invalid. Using default page load timeout: '30'

2022-07-20 13:22:44 - [MESSAGE][PASSED] - Text '12345678' has been set to element 'Object Repository/Login/positive/input password'

2022-07-20 13:22:44 - [TEST_STEP][PASSED] - pressBack(): Press back button successfully

2022-07-20 13:22:44 - [MESSAGE][PASSED] - Press back button successfully

2022-07-20 13:22:44 - [TEST_STEP][PASSED] - tap(findTestObject("Login/positive/button masuk"), 0): Tapped on element 'Object Repository/Login/positive/button masuk'

2022-07-20 13:22:45 - [MESSAGE][WARNING] - Timeout '0' is invalid. Using default page load timeout: '30'

2022-07-20 13:22:47 - [MESSAGE][PASSED] - Tapped on element 'Object Repository/Login/positive/button masuk'

2022-07-20 13:22:47 - [TEST_STEP][PASSED] - delay(4, STOP_ON_FAILURE): Delayed 4 second(s)

2022-07-20 13:22:51 - [MESSAGE][PASSED] - Delayed 4 second(s)

2022-07-20 13:22:51 - [TEST_STEP][PASSED] - verifyElementVisible(findTestObject("Login/negative/verify text"), 0): Element 'Object Repository/Login/negative/verify text' is visible

2022-07-20 13:22:51 - [MESSAGE][WARNING] - Timeout '0' is invalid. Using default page load timeout: '30'

2022-07-20 13:22:52 - [MESSAGE][PASSED] - Element 'Object Repository/Login/negative/verify text' is visible

2022-07-20 13:22:52 - [TEST_STEP][PASSED] - closeApplication(): Close app successfully

2022-07-20 13:22:53 - [MESSAGE][PASSED] - Close app successfully]]></system-out>
         <system-err><![CDATA[]]></system-err>
      </testcase>
      <testcase name="Test Cases/Login/negative/test case login with invalid email and password" time="47.04" classname="Test Cases/Login/negative/test case login with invalid email and password" status="PASSED">
         <system-out><![CDATA[2022-07-20 13:22:53 - [TEST_CASE][PASSED] - Test Cases/Login/negative/test case login with invalid email and password: Test Cases/Login/negative/test case login with invalid email and password

2022-07-20 13:22:53 - [TEST_STEP][PASSED] - startApplication("C:\\Users\\A\\Downloads\\app-release (3).apk", false): Started app at: 'C:\Users\A\Downloads\app-release (3).apk'

2022-07-20 13:22:54 - [MESSAGE][INFO] - Detected NodeJS location: "C:\Program Files\nodejs\node.exe"

2022-07-20 13:22:58 - [MESSAGE][INFO] - Appium server started on port 53,739

2022-07-20 13:23:18 - [MESSAGE][PASSED] - Started app at: 'C:\Users\A\Downloads\app-release (3).apk'

2022-07-20 13:23:18 - [TEST_STEP][PASSED] - tap(findTestObject("Login/positive/button masuk"), 0): Tapped on element 'Object Repository/Login/positive/button masuk'

2022-07-20 13:23:18 - [MESSAGE][WARNING] - Timeout '0' is invalid. Using default page load timeout: '30'

2022-07-20 13:23:21 - [MESSAGE][PASSED] - Tapped on element 'Object Repository/Login/positive/button masuk'

2022-07-20 13:23:21 - [TEST_STEP][PASSED] - tap(findTestObject("Login/positive/input email"), 0): Tapped on element 'Object Repository/Login/positive/input email'

2022-07-20 13:23:21 - [MESSAGE][WARNING] - Timeout '0' is invalid. Using default page load timeout: '30'

2022-07-20 13:23:24 - [MESSAGE][PASSED] - Tapped on element 'Object Repository/Login/positive/input email'

2022-07-20 13:23:24 - [TEST_STEP][PASSED] - setText(findTestObject("Login/positive/input email"), "anjas", 0): Text 'anjas' has been set to element 'Object Repository/Login/positive/input email'

2022-07-20 13:23:24 - [MESSAGE][WARNING] - Timeout '0' is invalid. Using default page load timeout: '30'

2022-07-20 13:23:27 - [MESSAGE][PASSED] - Text 'anjas' has been set to element 'Object Repository/Login/positive/input email'

2022-07-20 13:23:27 - [TEST_STEP][PASSED] - tap(findTestObject("Login/positive/input password"), 0): Tapped on element 'Object Repository/Login/positive/input password'

2022-07-20 13:23:27 - [MESSAGE][WARNING] - Timeout '0' is invalid. Using default page load timeout: '30'

2022-07-20 13:23:29 - [MESSAGE][PASSED] - Tapped on element 'Object Repository/Login/positive/input password'

2022-07-20 13:23:29 - [TEST_STEP][PASSED] - setText(findTestObject("Login/positive/input password"), "1234", 0): Text '1234' has been set to element 'Object Repository/Login/positive/input password'

2022-07-20 13:23:29 - [MESSAGE][WARNING] - Timeout '0' is invalid. Using default page load timeout: '30'

2022-07-20 13:23:30 - [MESSAGE][PASSED] - Text '1234' has been set to element 'Object Repository/Login/positive/input password'

2022-07-20 13:23:30 - [TEST_STEP][PASSED] - pressBack(): Press back button successfully

2022-07-20 13:23:32 - [MESSAGE][PASSED] - Press back button successfully

2022-07-20 13:23:32 - [TEST_STEP][PASSED] - tap(findTestObject("Login/positive/button masuk"), 0): Tapped on element 'Object Repository/Login/positive/button masuk'

2022-07-20 13:23:32 - [MESSAGE][WARNING] - Timeout '0' is invalid. Using default page load timeout: '30'

2022-07-20 13:23:34 - [MESSAGE][PASSED] - Tapped on element 'Object Repository/Login/positive/button masuk'

2022-07-20 13:23:34 - [TEST_STEP][PASSED] - delay(4, STOP_ON_FAILURE): Delayed 4 second(s)

2022-07-20 13:23:38 - [MESSAGE][PASSED] - Delayed 4 second(s)

2022-07-20 13:23:38 - [TEST_STEP][PASSED] - verifyElementVisible(findTestObject("Login/negative/verify text"), 0): Element 'Object Repository/Login/negative/verify text' is visible

2022-07-20 13:23:38 - [MESSAGE][WARNING] - Timeout '0' is invalid. Using default page load timeout: '30'

2022-07-20 13:23:40 - [MESSAGE][PASSED] - Element 'Object Repository/Login/negative/verify text' is visible

2022-07-20 13:23:40 - [TEST_STEP][PASSED] - closeApplication(): Close app successfully

2022-07-20 13:23:40 - [MESSAGE][PASSED] - Close app successfully]]></system-out>
         <system-err><![CDATA[]]></system-err>
      </testcase>
      <testcase name="Test Cases/Login/negative/test case login with invalid email and valid password" time="44.918" classname="Test Cases/Login/negative/test case login with invalid email and valid password" status="PASSED">
         <system-out><![CDATA[2022-07-20 13:23:40 - [TEST_CASE][PASSED] - Test Cases/Login/negative/test case login with invalid email and valid password: Test Cases/Login/negative/test case login with invalid email and valid password

2022-07-20 13:23:41 - [TEST_STEP][PASSED] - startApplication("C:\\Users\\A\\Downloads\\app-release (3).apk", false): Started app at: 'C:\Users\A\Downloads\app-release (3).apk'

2022-07-20 13:23:41 - [MESSAGE][INFO] - Detected NodeJS location: "C:\Program Files\nodejs\node.exe"

2022-07-20 13:23:45 - [MESSAGE][INFO] - Appium server started on port 53,818

2022-07-20 13:24:07 - [MESSAGE][PASSED] - Started app at: 'C:\Users\A\Downloads\app-release (3).apk'

2022-07-20 13:24:07 - [TEST_STEP][PASSED] - tap(findTestObject("Login/positive/button masuk"), 0): Tapped on element 'Object Repository/Login/positive/button masuk'

2022-07-20 13:24:07 - [MESSAGE][WARNING] - Timeout '0' is invalid. Using default page load timeout: '30'

2022-07-20 13:24:09 - [MESSAGE][PASSED] - Tapped on element 'Object Repository/Login/positive/button masuk'

2022-07-20 13:24:09 - [TEST_STEP][PASSED] - tap(findTestObject("Login/positive/input email"), 0): Tapped on element 'Object Repository/Login/positive/input email'

2022-07-20 13:24:09 - [MESSAGE][WARNING] - Timeout '0' is invalid. Using default page load timeout: '30'

2022-07-20 13:24:12 - [MESSAGE][PASSED] - Tapped on element 'Object Repository/Login/positive/input email'

2022-07-20 13:24:12 - [TEST_STEP][PASSED] - setText(findTestObject("Login/positive/input email"), "anjasmara", 0): Text 'anjasmara' has been set to element 'Object Repository/Login/positive/input email'

2022-07-20 13:24:12 - [MESSAGE][WARNING] - Timeout '0' is invalid. Using default page load timeout: '30'

2022-07-20 13:24:13 - [MESSAGE][PASSED] - Text 'anjasmara' has been set to element 'Object Repository/Login/positive/input email'

2022-07-20 13:24:13 - [TEST_STEP][PASSED] - tap(findTestObject("Login/positive/input password"), 0): Tapped on element 'Object Repository/Login/positive/input password'

2022-07-20 13:24:14 - [MESSAGE][WARNING] - Timeout '0' is invalid. Using default page load timeout: '30'

2022-07-20 13:24:15 - [MESSAGE][PASSED] - Tapped on element 'Object Repository/Login/positive/input password'

2022-07-20 13:24:15 - [TEST_STEP][PASSED] - setText(findTestObject("Login/positive/input password"), "anjasmara", 0): Text 'anjasmara' has been set to element 'Object Repository/Login/positive/input password'

2022-07-20 13:24:16 - [MESSAGE][WARNING] - Timeout '0' is invalid. Using default page load timeout: '30'

2022-07-20 13:24:17 - [MESSAGE][PASSED] - Text 'anjasmara' has been set to element 'Object Repository/Login/positive/input password'

2022-07-20 13:24:17 - [TEST_STEP][PASSED] - pressBack(): Press back button successfully

2022-07-20 13:24:18 - [MESSAGE][PASSED] - Press back button successfully

2022-07-20 13:24:18 - [TEST_STEP][PASSED] - tap(findTestObject("Login/positive/button masuk"), 0): Tapped on element 'Object Repository/Login/positive/button masuk'

2022-07-20 13:24:18 - [MESSAGE][WARNING] - Timeout '0' is invalid. Using default page load timeout: '30'

2022-07-20 13:24:19 - [MESSAGE][PASSED] - Tapped on element 'Object Repository/Login/positive/button masuk'

2022-07-20 13:24:19 - [TEST_STEP][PASSED] - delay(4, STOP_ON_FAILURE): Delayed 4 second(s)

2022-07-20 13:24:23 - [MESSAGE][PASSED] - Delayed 4 second(s)

2022-07-20 13:24:23 - [TEST_STEP][PASSED] - verifyElementVisible(findTestObject("Login/negative/verify text"), 0): Element 'Object Repository/Login/negative/verify text' is visible

2022-07-20 13:24:24 - [MESSAGE][WARNING] - Timeout '0' is invalid. Using default page load timeout: '30'

2022-07-20 13:24:24 - [MESSAGE][PASSED] - Element 'Object Repository/Login/negative/verify text' is visible

2022-07-20 13:24:24 - [TEST_STEP][PASSED] - closeApplication(): Close app successfully

2022-07-20 13:24:25 - [MESSAGE][PASSED] - Close app successfully]]></system-out>
         <system-err><![CDATA[]]></system-err>
      </testcase>
      <testcase name="Test Cases/Login/negative/test case login with valid email and empty password" time="45.263" classname="Test Cases/Login/negative/test case login with valid email and empty password" status="PASSED">
         <system-out><![CDATA[2022-07-20 13:24:25 - [TEST_CASE][PASSED] - Test Cases/Login/negative/test case login with valid email and empty password: Test Cases/Login/negative/test case login with valid email and empty password

2022-07-20 13:24:25 - [TEST_STEP][PASSED] - startApplication("C:\\Users\\A\\Downloads\\app-release (3).apk", false): Started app at: 'C:\Users\A\Downloads\app-release (3).apk'

2022-07-20 13:24:26 - [MESSAGE][INFO] - Detected NodeJS location: "C:\Program Files\nodejs\node.exe"

2022-07-20 13:24:30 - [MESSAGE][INFO] - Appium server started on port 53,897

2022-07-20 13:24:51 - [MESSAGE][PASSED] - Started app at: 'C:\Users\A\Downloads\app-release (3).apk'

2022-07-20 13:24:51 - [TEST_STEP][PASSED] - tap(findTestObject("Login/positive/button masuk"), 0): Tapped on element 'Object Repository/Login/positive/button masuk'

2022-07-20 13:24:51 - [MESSAGE][WARNING] - Timeout '0' is invalid. Using default page load timeout: '30'

2022-07-20 13:24:53 - [MESSAGE][PASSED] - Tapped on element 'Object Repository/Login/positive/button masuk'

2022-07-20 13:24:53 - [TEST_STEP][PASSED] - tap(findTestObject("Login/positive/input email"), 0): Tapped on element 'Object Repository/Login/positive/input email'

2022-07-20 13:24:53 - [MESSAGE][WARNING] - Timeout '0' is invalid. Using default page load timeout: '30'

2022-07-20 13:24:55 - [MESSAGE][PASSED] - Tapped on element 'Object Repository/Login/positive/input email'

2022-07-20 13:24:55 - [TEST_STEP][PASSED] - setText(findTestObject("Login/positive/input email"), "anjasmara@gmail.com", 0): Text 'anjasmara@gmail.com' has been set to element 'Object Repository/Login/positive/input email'

2022-07-20 13:24:55 - [MESSAGE][WARNING] - Timeout '0' is invalid. Using default page load timeout: '30'

2022-07-20 13:24:58 - [MESSAGE][PASSED] - Text 'anjasmara@gmail.com' has been set to element 'Object Repository/Login/positive/input email'

2022-07-20 13:24:58 - [TEST_STEP][PASSED] - tap(findTestObject("Login/positive/input password"), 0): Tapped on element 'Object Repository/Login/positive/input password'

2022-07-20 13:24:58 - [MESSAGE][WARNING] - Timeout '0' is invalid. Using default page load timeout: '30'

2022-07-20 13:24:59 - [MESSAGE][PASSED] - Tapped on element 'Object Repository/Login/positive/input password'

2022-07-20 13:24:59 - [TEST_STEP][PASSED] - setText(findTestObject("Login/positive/input password"), "", 0): Text '' has been set to element 'Object Repository/Login/positive/input password'

2022-07-20 13:24:59 - [MESSAGE][WARNING] - Timeout '0' is invalid. Using default page load timeout: '30'

2022-07-20 13:25:01 - [MESSAGE][PASSED] - Text '' has been set to element 'Object Repository/Login/positive/input password'

2022-07-20 13:25:01 - [TEST_STEP][PASSED] - pressBack(): Press back button successfully

2022-07-20 13:25:02 - [MESSAGE][PASSED] - Press back button successfully

2022-07-20 13:25:02 - [TEST_STEP][PASSED] - tap(findTestObject("Login/positive/button masuk"), 0): Tapped on element 'Object Repository/Login/positive/button masuk'

2022-07-20 13:25:02 - [MESSAGE][WARNING] - Timeout '0' is invalid. Using default page load timeout: '30'

2022-07-20 13:25:04 - [MESSAGE][PASSED] - Tapped on element 'Object Repository/Login/positive/button masuk'

2022-07-20 13:25:04 - [TEST_STEP][PASSED] - delay(4, STOP_ON_FAILURE): Delayed 4 second(s)

2022-07-20 13:25:08 - [MESSAGE][PASSED] - Delayed 4 second(s)

2022-07-20 13:25:08 - [TEST_STEP][PASSED] - verifyElementVisible(findTestObject("Login/negative/verify text"), 0): Element 'Object Repository/Login/negative/verify text' is visible

2022-07-20 13:25:08 - [MESSAGE][WARNING] - Timeout '0' is invalid. Using default page load timeout: '30'

2022-07-20 13:25:10 - [MESSAGE][PASSED] - Element 'Object Repository/Login/negative/verify text' is visible

2022-07-20 13:25:10 - [TEST_STEP][PASSED] - closeApplication(): Close app successfully

2022-07-20 13:25:10 - [MESSAGE][PASSED] - Close app successfully]]></system-out>
         <system-err><![CDATA[]]></system-err>
      </testcase>
      <testcase name="Test Cases/Login/negative/test case login with valid email and invalid password" time="44.004" classname="Test Cases/Login/negative/test case login with valid email and invalid password" status="PASSED">
         <system-out><![CDATA[2022-07-20 13:25:10 - [TEST_CASE][PASSED] - Test Cases/Login/negative/test case login with valid email and invalid password: Test Cases/Login/negative/test case login with valid email and invalid password

2022-07-20 13:25:11 - [TEST_STEP][PASSED] - startApplication("C:\\Users\\A\\Downloads\\app-release (3).apk", false): Started app at: 'C:\Users\A\Downloads\app-release (3).apk'

2022-07-20 13:25:11 - [MESSAGE][INFO] - Detected NodeJS location: "C:\Program Files\nodejs\node.exe"

2022-07-20 13:25:15 - [MESSAGE][INFO] - Appium server started on port 53,977

2022-07-20 13:25:37 - [MESSAGE][PASSED] - Started app at: 'C:\Users\A\Downloads\app-release (3).apk'

2022-07-20 13:25:37 - [TEST_STEP][PASSED] - tap(findTestObject("Login/positive/button masuk"), 0): Tapped on element 'Object Repository/Login/positive/button masuk'

2022-07-20 13:25:37 - [MESSAGE][WARNING] - Timeout '0' is invalid. Using default page load timeout: '30'

2022-07-20 13:25:39 - [MESSAGE][PASSED] - Tapped on element 'Object Repository/Login/positive/button masuk'

2022-07-20 13:25:39 - [TEST_STEP][PASSED] - tap(findTestObject("Login/positive/input email"), 0): Tapped on element 'Object Repository/Login/positive/input email'

2022-07-20 13:25:39 - [MESSAGE][WARNING] - Timeout '0' is invalid. Using default page load timeout: '30'

2022-07-20 13:25:41 - [MESSAGE][PASSED] - Tapped on element 'Object Repository/Login/positive/input email'

2022-07-20 13:25:41 - [TEST_STEP][PASSED] - setText(findTestObject("Login/positive/input email"), "anjasmara@gmail.com", 0): Text 'anjasmara@gmail.com' has been set to element 'Object Repository/Login/positive/input email'

2022-07-20 13:25:41 - [MESSAGE][WARNING] - Timeout '0' is invalid. Using default page load timeout: '30'

2022-07-20 13:25:42 - [MESSAGE][PASSED] - Text 'anjasmara@gmail.com' has been set to element 'Object Repository/Login/positive/input email'

2022-07-20 13:25:42 - [TEST_STEP][PASSED] - tap(findTestObject("Login/positive/input password"), 0): Tapped on element 'Object Repository/Login/positive/input password'

2022-07-20 13:25:42 - [MESSAGE][WARNING] - Timeout '0' is invalid. Using default page load timeout: '30'

2022-07-20 13:25:44 - [MESSAGE][PASSED] - Tapped on element 'Object Repository/Login/positive/input password'

2022-07-20 13:25:44 - [TEST_STEP][PASSED] - setText(findTestObject("Login/positive/input password"), "1234", 0): Text '1234' has been set to element 'Object Repository/Login/positive/input password'

2022-07-20 13:25:44 - [MESSAGE][WARNING] - Timeout '0' is invalid. Using default page load timeout: '30'

2022-07-20 13:25:45 - [MESSAGE][PASSED] - Text '1234' has been set to element 'Object Repository/Login/positive/input password'

2022-07-20 13:25:45 - [TEST_STEP][PASSED] - pressBack(): Press back button successfully

2022-07-20 13:25:47 - [MESSAGE][PASSED] - Press back button successfully

2022-07-20 13:25:47 - [TEST_STEP][PASSED] - tap(findTestObject("Login/positive/button masuk"), 0): Tapped on element 'Object Repository/Login/positive/button masuk'

2022-07-20 13:25:47 - [MESSAGE][WARNING] - Timeout '0' is invalid. Using default page load timeout: '30'

2022-07-20 13:25:49 - [MESSAGE][PASSED] - Tapped on element 'Object Repository/Login/positive/button masuk'

2022-07-20 13:25:49 - [TEST_STEP][PASSED] - delay(4, STOP_ON_FAILURE): Delayed 4 second(s)

2022-07-20 13:25:53 - [MESSAGE][PASSED] - Delayed 4 second(s)

2022-07-20 13:25:53 - [TEST_STEP][PASSED] - verifyElementVisible(findTestObject("Login/negative/verify text"), 0): Element 'Object Repository/Login/negative/verify text' is visible

2022-07-20 13:25:53 - [MESSAGE][WARNING] - Timeout '0' is invalid. Using default page load timeout: '30'

2022-07-20 13:25:54 - [MESSAGE][PASSED] - Element 'Object Repository/Login/negative/verify text' is visible

2022-07-20 13:25:54 - [TEST_STEP][PASSED] - closeApplication(): Close app successfully

2022-07-20 13:25:54 - [MESSAGE][PASSED] - Close app successfully]]></system-out>
         <system-err><![CDATA[]]></system-err>
      </testcase>
      <testcase name="Test Cases/Login/positive/test case login with valid email and password" time="43.778" classname="Test Cases/Login/positive/test case login with valid email and password" status="PASSED">
         <system-out><![CDATA[2022-07-20 13:25:54 - [TEST_CASE][PASSED] - Test Cases/Login/positive/test case login with valid email and password: Test Cases/Login/positive/test case login with valid email and password

2022-07-20 13:25:55 - [TEST_STEP][PASSED] - startApplication("C:\\Users\\A\\Downloads\\app-release (3).apk", false): Started app at: 'C:\Users\A\Downloads\app-release (3).apk'

2022-07-20 13:25:55 - [MESSAGE][INFO] - Detected NodeJS location: "C:\Program Files\nodejs\node.exe"

2022-07-20 13:25:59 - [MESSAGE][INFO] - Appium server started on port 54,056

2022-07-20 13:26:20 - [MESSAGE][PASSED] - Started app at: 'C:\Users\A\Downloads\app-release (3).apk'

2022-07-20 13:26:20 - [TEST_STEP][PASSED] - tap(findTestObject("Login/positive/button masuk"), 3): Tapped on element 'Object Repository/Login/positive/button masuk'

2022-07-20 13:26:22 - [MESSAGE][PASSED] - Tapped on element 'Object Repository/Login/positive/button masuk'

2022-07-20 13:26:22 - [TEST_STEP][PASSED] - tap(findTestObject("Login/positive/input email"), 0): Tapped on element 'Object Repository/Login/positive/input email'

2022-07-20 13:26:22 - [MESSAGE][WARNING] - Timeout '0' is invalid. Using default page load timeout: '30'

2022-07-20 13:26:24 - [MESSAGE][PASSED] - Tapped on element 'Object Repository/Login/positive/input email'

2022-07-20 13:26:24 - [TEST_STEP][PASSED] - setText(findTestObject("Login/positive/input email"), "anjasmara@gmail.com", 3): Text 'anjasmara@gmail.com' has been set to element 'Object Repository/Login/positive/input email'

2022-07-20 13:26:25 - [MESSAGE][PASSED] - Text 'anjasmara@gmail.com' has been set to element 'Object Repository/Login/positive/input email'

2022-07-20 13:26:25 - [TEST_STEP][PASSED] - tap(findTestObject("Login/positive/input password"), 0): Tapped on element 'Object Repository/Login/positive/input password'

2022-07-20 13:26:25 - [MESSAGE][WARNING] - Timeout '0' is invalid. Using default page load timeout: '30'

2022-07-20 13:26:27 - [MESSAGE][PASSED] - Tapped on element 'Object Repository/Login/positive/input password'

2022-07-20 13:26:27 - [TEST_STEP][PASSED] - setText(findTestObject("Login/positive/input password"), "anjasmara", 3): Text 'anjasmara' has been set to element 'Object Repository/Login/positive/input password'

2022-07-20 13:26:29 - [MESSAGE][PASSED] - Text 'anjasmara' has been set to element 'Object Repository/Login/positive/input password'

2022-07-20 13:26:29 - [TEST_STEP][PASSED] - pressBack(): Press back button successfully

2022-07-20 13:26:30 - [MESSAGE][PASSED] - Press back button successfully

2022-07-20 13:26:30 - [TEST_STEP][PASSED] - tap(findTestObject("Login/positive/button masuk"), 3): Tapped on element 'Object Repository/Login/positive/button masuk'

2022-07-20 13:26:32 - [MESSAGE][PASSED] - Tapped on element 'Object Repository/Login/positive/button masuk'

2022-07-20 13:26:32 - [TEST_STEP][PASSED] - delay(5, STOP_ON_FAILURE): Delayed 5 second(s)

2022-07-20 13:26:37 - [MESSAGE][PASSED] - Delayed 5 second(s)

2022-07-20 13:26:37 - [TEST_STEP][PASSED] - closeApplication(): Close app successfully

2022-07-20 13:26:38 - [MESSAGE][PASSED] - Close app successfully]]></system-out>
         <system-err><![CDATA[]]></system-err>
      </testcase>
      <testcase name="Test Cases/Logout/negative/test case logout" time="49.987" classname="Test Cases/Logout/negative/test case logout" status="PASSED">
         <system-out><![CDATA[2022-07-20 13:26:38 - [TEST_CASE][PASSED] - Test Cases/Logout/negative/test case logout: Test Cases/Logout/negative/test case logout

2022-07-20 13:26:38 - [TEST_STEP][PASSED] - startApplication("C:\\Users\\A\\Downloads\\app-release (3).apk", false): Started app at: 'C:\Users\A\Downloads\app-release (3).apk'

2022-07-20 13:26:39 - [MESSAGE][INFO] - Detected NodeJS location: "C:\Program Files\nodejs\node.exe"

2022-07-20 13:26:43 - [MESSAGE][INFO] - Appium server started on port 54,134

2022-07-20 13:27:03 - [MESSAGE][PASSED] - Started app at: 'C:\Users\A\Downloads\app-release (3).apk'

2022-07-20 13:27:03 - [TEST_STEP][PASSED] - tap(findTestObject("Login/positive/button masuk"), 0): Tapped on element 'Object Repository/Login/positive/button masuk'

2022-07-20 13:27:03 - [MESSAGE][WARNING] - Timeout '0' is invalid. Using default page load timeout: '30'

2022-07-20 13:27:05 - [MESSAGE][PASSED] - Tapped on element 'Object Repository/Login/positive/button masuk'

2022-07-20 13:27:05 - [TEST_STEP][PASSED] - tap(findTestObject("Login/positive/input email"), 0): Tapped on element 'Object Repository/Login/positive/input email'

2022-07-20 13:27:05 - [MESSAGE][WARNING] - Timeout '0' is invalid. Using default page load timeout: '30'

2022-07-20 13:27:06 - [MESSAGE][PASSED] - Tapped on element 'Object Repository/Login/positive/input email'

2022-07-20 13:27:06 - [TEST_STEP][PASSED] - setText(findTestObject("Login/positive/input email"), "anjasmara@gmail.com", 0): Text 'anjasmara@gmail.com' has been set to element 'Object Repository/Login/positive/input email'

2022-07-20 13:27:06 - [MESSAGE][WARNING] - Timeout '0' is invalid. Using default page load timeout: '30'

2022-07-20 13:27:08 - [MESSAGE][PASSED] - Text 'anjasmara@gmail.com' has been set to element 'Object Repository/Login/positive/input email'

2022-07-20 13:27:08 - [TEST_STEP][PASSED] - tap(findTestObject("Login/positive/input password"), 0): Tapped on element 'Object Repository/Login/positive/input password'

2022-07-20 13:27:08 - [MESSAGE][WARNING] - Timeout '0' is invalid. Using default page load timeout: '30'

2022-07-20 13:27:09 - [MESSAGE][PASSED] - Tapped on element 'Object Repository/Login/positive/input password'

2022-07-20 13:27:09 - [TEST_STEP][PASSED] - setText(findTestObject("Login/positive/input password"), "anjasmara", 0): Text 'anjasmara' has been set to element 'Object Repository/Login/positive/input password'

2022-07-20 13:27:10 - [MESSAGE][WARNING] - Timeout '0' is invalid. Using default page load timeout: '30'

2022-07-20 13:27:12 - [MESSAGE][PASSED] - Text 'anjasmara' has been set to element 'Object Repository/Login/positive/input password'

2022-07-20 13:27:12 - [TEST_STEP][PASSED] - pressBack(): Press back button successfully

2022-07-20 13:27:13 - [MESSAGE][PASSED] - Press back button successfully

2022-07-20 13:27:13 - [TEST_STEP][PASSED] - tap(findTestObject("Login/positive/button masuk"), 0): Tapped on element 'Object Repository/Login/positive/button masuk'

2022-07-20 13:27:13 - [MESSAGE][WARNING] - Timeout '0' is invalid. Using default page load timeout: '30'

2022-07-20 13:27:16 - [MESSAGE][PASSED] - Tapped on element 'Object Repository/Login/positive/button masuk'

2022-07-20 13:27:16 - [TEST_STEP][PASSED] - delay(3, STOP_ON_FAILURE): Delayed 3 second(s)

2022-07-20 13:27:19 - [MESSAGE][PASSED] - Delayed 3 second(s)

2022-07-20 13:27:19 - [TEST_STEP][PASSED] - tap(findTestObject("Profile/button icon profile"), 0): Tapped on element 'Object Repository/Profile/button icon profile'

2022-07-20 13:27:19 - [MESSAGE][WARNING] - Timeout '0' is invalid. Using default page load timeout: '30'

2022-07-20 13:27:20 - [MESSAGE][PASSED] - Tapped on element 'Object Repository/Profile/button icon profile'

2022-07-20 13:27:20 - [TEST_STEP][PASSED] - tap(findTestObject("Logout/positive/logout"), 0): Tapped on element 'Object Repository/Logout/positive/logout'

2022-07-20 13:27:20 - [MESSAGE][WARNING] - Timeout '0' is invalid. Using default page load timeout: '30'

2022-07-20 13:27:22 - [MESSAGE][PASSED] - Tapped on element 'Object Repository/Logout/positive/logout'

2022-07-20 13:27:22 - [TEST_STEP][PASSED] - tap(findTestObject("Logout/negative/button confirm batal"), 0): Tapped on element 'Object Repository/Logout/negative/button confirm batal'

2022-07-20 13:27:22 - [MESSAGE][WARNING] - Timeout '0' is invalid. Using default page load timeout: '30'

2022-07-20 13:27:22 - [MESSAGE][PASSED] - Tapped on element 'Object Repository/Logout/negative/button confirm batal'

2022-07-20 13:27:22 - [TEST_STEP][PASSED] - delay(5, STOP_ON_FAILURE): Delayed 5 second(s)

2022-07-20 13:27:27 - [MESSAGE][PASSED] - Delayed 5 second(s)

2022-07-20 13:27:27 - [TEST_STEP][PASSED] - closeApplication(): Close app successfully

2022-07-20 13:27:28 - [MESSAGE][PASSED] - Close app successfully]]></system-out>
         <system-err><![CDATA[]]></system-err>
      </testcase>
      <testcase name="Test Cases/Logout/positive/test case logout" time="54.903" classname="Test Cases/Logout/positive/test case logout" status="PASSED">
         <system-out><![CDATA[2022-07-20 13:27:28 - [TEST_CASE][PASSED] - Test Cases/Logout/positive/test case logout: Test Cases/Logout/positive/test case logout

2022-07-20 13:27:28 - [TEST_STEP][PASSED] - startApplication("C:\\Users\\A\\Downloads\\app-release (3).apk", false): Started app at: 'C:\Users\A\Downloads\app-release (3).apk'

2022-07-20 13:27:29 - [MESSAGE][INFO] - Detected NodeJS location: "C:\Program Files\nodejs\node.exe"

2022-07-20 13:27:33 - [MESSAGE][INFO] - Appium server started on port 54,212

2022-07-20 13:27:53 - [MESSAGE][PASSED] - Started app at: 'C:\Users\A\Downloads\app-release (3).apk'

2022-07-20 13:27:53 - [TEST_STEP][PASSED] - tap(findTestObject("Login/positive/button masuk"), 0): Tapped on element 'Object Repository/Login/positive/button masuk'

2022-07-20 13:27:53 - [MESSAGE][WARNING] - Timeout '0' is invalid. Using default page load timeout: '30'

2022-07-20 13:28:00 - [MESSAGE][PASSED] - Tapped on element 'Object Repository/Login/positive/button masuk'

2022-07-20 13:28:00 - [TEST_STEP][PASSED] - tap(findTestObject("Login/positive/input email"), 0): Tapped on element 'Object Repository/Login/positive/input email'

2022-07-20 13:28:00 - [MESSAGE][WARNING] - Timeout '0' is invalid. Using default page load timeout: '30'

2022-07-20 13:28:02 - [MESSAGE][PASSED] - Tapped on element 'Object Repository/Login/positive/input email'

2022-07-20 13:28:02 - [TEST_STEP][PASSED] - setText(findTestObject("Login/positive/input email"), "anjasmara@gmail.com", 0): Text 'anjasmara@gmail.com' has been set to element 'Object Repository/Login/positive/input email'

2022-07-20 13:28:02 - [MESSAGE][WARNING] - Timeout '0' is invalid. Using default page load timeout: '30'

2022-07-20 13:28:04 - [MESSAGE][PASSED] - Text 'anjasmara@gmail.com' has been set to element 'Object Repository/Login/positive/input email'

2022-07-20 13:28:04 - [TEST_STEP][PASSED] - tap(findTestObject("Login/positive/input password"), 0): Tapped on element 'Object Repository/Login/positive/input password'

2022-07-20 13:28:05 - [MESSAGE][WARNING] - Timeout '0' is invalid. Using default page load timeout: '30'

2022-07-20 13:28:05 - [MESSAGE][PASSED] - Tapped on element 'Object Repository/Login/positive/input password'

2022-07-20 13:28:05 - [TEST_STEP][PASSED] - setText(findTestObject("Login/positive/input password"), "anjasmara", 0): Text 'anjasmara' has been set to element 'Object Repository/Login/positive/input password'

2022-07-20 13:28:05 - [MESSAGE][WARNING] - Timeout '0' is invalid. Using default page load timeout: '30'

2022-07-20 13:28:07 - [MESSAGE][PASSED] - Text 'anjasmara' has been set to element 'Object Repository/Login/positive/input password'

2022-07-20 13:28:07 - [TEST_STEP][PASSED] - pressBack(): Press back button successfully

2022-07-20 13:28:08 - [MESSAGE][PASSED] - Press back button successfully

2022-07-20 13:28:08 - [TEST_STEP][PASSED] - tap(findTestObject("Login/positive/button masuk"), 0): Tapped on element 'Object Repository/Login/positive/button masuk'

2022-07-20 13:28:08 - [MESSAGE][WARNING] - Timeout '0' is invalid. Using default page load timeout: '30'

2022-07-20 13:28:10 - [MESSAGE][PASSED] - Tapped on element 'Object Repository/Login/positive/button masuk'

2022-07-20 13:28:10 - [TEST_STEP][PASSED] - delay(3, STOP_ON_FAILURE): Delayed 3 second(s)

2022-07-20 13:28:13 - [MESSAGE][PASSED] - Delayed 3 second(s)

2022-07-20 13:28:13 - [TEST_STEP][PASSED] - tap(findTestObject("Profile/button icon profile"), 0): Tapped on element 'Object Repository/Profile/button icon profile'

2022-07-20 13:28:13 - [MESSAGE][WARNING] - Timeout '0' is invalid. Using default page load timeout: '30'

2022-07-20 13:28:14 - [MESSAGE][PASSED] - Tapped on element 'Object Repository/Profile/button icon profile'

2022-07-20 13:28:14 - [TEST_STEP][PASSED] - tap(findTestObject("Logout/positive/logout"), 0): Tapped on element 'Object Repository/Logout/positive/logout'

2022-07-20 13:28:14 - [MESSAGE][WARNING] - Timeout '0' is invalid. Using default page load timeout: '30'

2022-07-20 13:28:16 - [MESSAGE][PASSED] - Tapped on element 'Object Repository/Logout/positive/logout'

2022-07-20 13:28:16 - [TEST_STEP][PASSED] - tap(findTestObject("Logout/positive/button confirm keluar"), 0): Tapped on element 'Object Repository/Logout/positive/button confirm keluar'

2022-07-20 13:28:16 - [MESSAGE][WARNING] - Timeout '0' is invalid. Using default page load timeout: '30'

2022-07-20 13:28:17 - [MESSAGE][PASSED] - Tapped on element 'Object Repository/Logout/positive/button confirm keluar'

2022-07-20 13:28:17 - [TEST_STEP][PASSED] - delay(5, STOP_ON_FAILURE): Delayed 5 second(s)

2022-07-20 13:28:22 - [MESSAGE][PASSED] - Delayed 5 second(s)

2022-07-20 13:28:22 - [TEST_STEP][PASSED] - closeApplication(): Close app successfully

2022-07-20 13:28:23 - [MESSAGE][PASSED] - Close app successfully]]></system-out>
         <system-err><![CDATA[]]></system-err>
      </testcase>
      <testcase name="Test Cases/Nearest health facility/positive/test case nearest health facility base current city" time="47.127" classname="Test Cases/Nearest health facility/positive/test case nearest health facility base current city" status="PASSED">
         <system-out><![CDATA[2022-07-20 13:28:23 - [TEST_CASE][PASSED] - Test Cases/Nearest health facility/positive/test case nearest health facility base current city: Test Cases/Nearest health facility/positive/test case nearest health facility base current city

2022-07-20 13:28:23 - [TEST_STEP][PASSED] - startApplication("D:\CAPSTONE\Testing Mobile\Data Files\app-release (3).apk", false): Started app at: 'D:\CAPSTONE\Testing Mobile\Data Files\app-release (3).apk'

2022-07-20 13:28:24 - [MESSAGE][INFO] - Detected NodeJS location: "C:\Program Files\nodejs\node.exe"

2022-07-20 13:28:28 - [MESSAGE][INFO] - Appium server started on port 54,292

2022-07-20 13:28:48 - [MESSAGE][PASSED] - Started app at: 'D:\CAPSTONE\Testing Mobile\Data Files\app-release (3).apk'

2022-07-20 13:28:48 - [TEST_STEP][PASSED] - tap(findTestObject("Login/positive/button masuk"), 3): Tapped on element 'Object Repository/Login/positive/button masuk'

2022-07-20 13:28:50 - [MESSAGE][PASSED] - Tapped on element 'Object Repository/Login/positive/button masuk'

2022-07-20 13:28:50 - [TEST_STEP][PASSED] - tap(findTestObject("Login/positive/input email"), 0): Tapped on element 'Object Repository/Login/positive/input email'

2022-07-20 13:28:50 - [MESSAGE][WARNING] - Timeout '0' is invalid. Using default page load timeout: '30'

2022-07-20 13:28:52 - [MESSAGE][PASSED] - Tapped on element 'Object Repository/Login/positive/input email'

2022-07-20 13:28:52 - [TEST_STEP][PASSED] - setText(findTestObject("Login/positive/input email"), "anjasmara@gmail.com", 3): Text 'anjasmara@gmail.com' has been set to element 'Object Repository/Login/positive/input email'

2022-07-20 13:28:53 - [MESSAGE][PASSED] - Text 'anjasmara@gmail.com' has been set to element 'Object Repository/Login/positive/input email'

2022-07-20 13:28:53 - [TEST_STEP][PASSED] - tap(findTestObject("Login/positive/input password"), 0): Tapped on element 'Object Repository/Login/positive/input password'

2022-07-20 13:28:53 - [MESSAGE][WARNING] - Timeout '0' is invalid. Using default page load timeout: '30'

2022-07-20 13:28:54 - [MESSAGE][PASSED] - Tapped on element 'Object Repository/Login/positive/input password'

2022-07-20 13:28:54 - [TEST_STEP][PASSED] - setText(findTestObject("Login/positive/input password"), "anjasmara", 3): Text 'anjasmara' has been set to element 'Object Repository/Login/positive/input password'

2022-07-20 13:28:56 - [MESSAGE][PASSED] - Text 'anjasmara' has been set to element 'Object Repository/Login/positive/input password'

2022-07-20 13:28:56 - [TEST_STEP][PASSED] - pressBack(): Press back button successfully

2022-07-20 13:28:57 - [MESSAGE][PASSED] - Press back button successfully

2022-07-20 13:28:57 - [TEST_STEP][PASSED] - tap(findTestObject("Login/positive/button masuk"), 3): Tapped on element 'Object Repository/Login/positive/button masuk'

2022-07-20 13:28:59 - [MESSAGE][PASSED] - Tapped on element 'Object Repository/Login/positive/button masuk'

2022-07-20 13:28:59 - [TEST_STEP][PASSED] - delay(3, STOP_ON_FAILURE): Delayed 3 second(s)

2022-07-20 13:29:02 - [MESSAGE][PASSED] - Delayed 3 second(s)

2022-07-20 13:29:02 - [TEST_STEP][PASSED] - tap(findTestObject("Nearest health family/ubah kota"), 0): Tapped on element 'Object Repository/Nearest health family/ubah kota'

2022-07-20 13:29:02 - [MESSAGE][WARNING] - Timeout '0' is invalid. Using default page load timeout: '30'

2022-07-20 13:29:04 - [MESSAGE][PASSED] - Tapped on element 'Object Repository/Nearest health family/ubah kota'

2022-07-20 13:29:04 - [TEST_STEP][PASSED] - setText(findTestObject("Nearest health family/input city"), "Semarang", 0): Text 'Semarang' has been set to element 'Object Repository/Nearest health family/input city'

2022-07-20 13:29:04 - [MESSAGE][WARNING] - Timeout '0' is invalid. Using default page load timeout: '30'

2022-07-20 13:29:05 - [MESSAGE][PASSED] - Text 'Semarang' has been set to element 'Object Repository/Nearest health family/input city'

2022-07-20 13:29:05 - [TEST_STEP][PASSED] - tap(findTestObject("Nearest health family/button ubah"), 0): Tapped on element 'Object Repository/Nearest health family/button ubah'

2022-07-20 13:29:05 - [MESSAGE][WARNING] - Timeout '0' is invalid. Using default page load timeout: '30'

2022-07-20 13:29:06 - [MESSAGE][PASSED] - Tapped on element 'Object Repository/Nearest health family/button ubah'

2022-07-20 13:29:06 - [TEST_STEP][PASSED] - delay(3, STOP_ON_FAILURE): Delayed 3 second(s)

2022-07-20 13:29:09 - [MESSAGE][PASSED] - Delayed 3 second(s)

2022-07-20 13:29:09 - [TEST_STEP][PASSED] - closeApplication(): Close app successfully

2022-07-20 13:29:10 - [MESSAGE][PASSED] - Close app successfully]]></system-out>
         <system-err><![CDATA[]]></system-err>
      </testcase>
      <testcase name="Test Cases/Nearest health facility/positive/test case see health facility today" time="45.654" classname="Test Cases/Nearest health facility/positive/test case see health facility today" status="PASSED">
         <system-out><![CDATA[2022-07-20 13:29:10 - [TEST_CASE][PASSED] - Test Cases/Nearest health facility/positive/test case see health facility today: Test Cases/Nearest health facility/positive/test case see health facility today

2022-07-20 13:29:11 - [TEST_STEP][PASSED] - startApplication("D:\CAPSTONE\Testing Mobile\Data Files\app-release (3).apk", false): Started app at: 'D:\CAPSTONE\Testing Mobile\Data Files\app-release (3).apk'

2022-07-20 13:29:11 - [MESSAGE][INFO] - Detected NodeJS location: "C:\Program Files\nodejs\node.exe"

2022-07-20 13:29:15 - [MESSAGE][INFO] - Appium server started on port 59,917

2022-07-20 13:29:36 - [MESSAGE][PASSED] - Started app at: 'D:\CAPSTONE\Testing Mobile\Data Files\app-release (3).apk'

2022-07-20 13:29:36 - [TEST_STEP][PASSED] - tap(findTestObject("Login/positive/button masuk"), 3): Tapped on element 'Object Repository/Login/positive/button masuk'

2022-07-20 13:29:39 - [MESSAGE][PASSED] - Tapped on element 'Object Repository/Login/positive/button masuk'

2022-07-20 13:29:39 - [TEST_STEP][PASSED] - tap(findTestObject("Login/positive/input email"), 0): Tapped on element 'Object Repository/Login/positive/input email'

2022-07-20 13:29:39 - [MESSAGE][WARNING] - Timeout '0' is invalid. Using default page load timeout: '30'

2022-07-20 13:29:40 - [MESSAGE][PASSED] - Tapped on element 'Object Repository/Login/positive/input email'

2022-07-20 13:29:40 - [TEST_STEP][PASSED] - setText(findTestObject("Login/positive/input email"), "anjasmara@gmail.com", 3): Text 'anjasmara@gmail.com' has been set to element 'Object Repository/Login/positive/input email'

2022-07-20 13:29:42 - [MESSAGE][PASSED] - Text 'anjasmara@gmail.com' has been set to element 'Object Repository/Login/positive/input email'

2022-07-20 13:29:42 - [TEST_STEP][PASSED] - tap(findTestObject("Login/positive/input password"), 0): Tapped on element 'Object Repository/Login/positive/input password'

2022-07-20 13:29:42 - [MESSAGE][WARNING] - Timeout '0' is invalid. Using default page load timeout: '30'

2022-07-20 13:29:43 - [MESSAGE][PASSED] - Tapped on element 'Object Repository/Login/positive/input password'

2022-07-20 13:29:43 - [TEST_STEP][PASSED] - setText(findTestObject("Login/positive/input password"), "anjasmara", 3): Text 'anjasmara' has been set to element 'Object Repository/Login/positive/input password'

2022-07-20 13:29:45 - [MESSAGE][PASSED] - Text 'anjasmara' has been set to element 'Object Repository/Login/positive/input password'

2022-07-20 13:29:45 - [TEST_STEP][PASSED] - pressBack(): Press back button successfully

2022-07-20 13:29:46 - [MESSAGE][PASSED] - Press back button successfully

2022-07-20 13:29:46 - [TEST_STEP][PASSED] - tap(findTestObject("Login/positive/button masuk"), 3): Tapped on element 'Object Repository/Login/positive/button masuk'

2022-07-20 13:29:48 - [MESSAGE][PASSED] - Tapped on element 'Object Repository/Login/positive/button masuk'

2022-07-20 13:29:48 - [TEST_STEP][PASSED] - delay(3, STOP_ON_FAILURE): Delayed 3 second(s)

2022-07-20 13:29:51 - [MESSAGE][PASSED] - Delayed 3 second(s)

2022-07-20 13:29:51 - [TEST_STEP][PASSED] - tap(findTestObject("Nearest health family/lokasi vaksin"), 0): Tapped on element 'Object Repository/Nearest health family/lokasi vaksin'

2022-07-20 13:29:51 - [MESSAGE][WARNING] - Timeout '0' is invalid. Using default page load timeout: '30'

2022-07-20 13:29:52 - [MESSAGE][PASSED] - Tapped on element 'Object Repository/Nearest health family/lokasi vaksin'

2022-07-20 13:29:52 - [TEST_STEP][PASSED] - delay(3, STOP_ON_FAILURE): Delayed 3 second(s)

2022-07-20 13:29:55 - [MESSAGE][PASSED] - Delayed 3 second(s)

2022-07-20 13:29:55 - [TEST_STEP][PASSED] - closeApplication(): Close app successfully

2022-07-20 13:29:56 - [MESSAGE][PASSED] - Close app successfully]]></system-out>
         <system-err><![CDATA[]]></system-err>
      </testcase>
      <testcase name="Test Cases/Nearest health facility/positive/test case see list health facility today" time="44.802" classname="Test Cases/Nearest health facility/positive/test case see list health facility today" status="PASSED">
         <system-out><![CDATA[2022-07-20 13:29:56 - [TEST_CASE][PASSED] - Test Cases/Nearest health facility/positive/test case see list health facility today: Test Cases/Nearest health facility/positive/test case see list health facility today

2022-07-20 13:29:56 - [TEST_STEP][PASSED] - startApplication("D:\CAPSTONE\Testing Mobile\Data Files\app-release (3).apk", false): Started app at: 'D:\CAPSTONE\Testing Mobile\Data Files\app-release (3).apk'

2022-07-20 13:29:57 - [MESSAGE][INFO] - Detected NodeJS location: "C:\Program Files\nodejs\node.exe"

2022-07-20 13:30:00 - [MESSAGE][INFO] - Appium server started on port 59,995

2022-07-20 13:30:21 - [MESSAGE][PASSED] - Started app at: 'D:\CAPSTONE\Testing Mobile\Data Files\app-release (3).apk'

2022-07-20 13:30:21 - [TEST_STEP][PASSED] - tap(findTestObject("Login/positive/button masuk"), 3): Tapped on element 'Object Repository/Login/positive/button masuk'

2022-07-20 13:30:23 - [MESSAGE][PASSED] - Tapped on element 'Object Repository/Login/positive/button masuk'

2022-07-20 13:30:23 - [TEST_STEP][PASSED] - tap(findTestObject("Login/positive/input email"), 0): Tapped on element 'Object Repository/Login/positive/input email'

2022-07-20 13:30:23 - [MESSAGE][WARNING] - Timeout '0' is invalid. Using default page load timeout: '30'

2022-07-20 13:30:25 - [MESSAGE][PASSED] - Tapped on element 'Object Repository/Login/positive/input email'

2022-07-20 13:30:25 - [TEST_STEP][PASSED] - setText(findTestObject("Login/positive/input email"), "anjasmara@gmail.com", 3): Text 'anjasmara@gmail.com' has been set to element 'Object Repository/Login/positive/input email'

2022-07-20 13:30:26 - [MESSAGE][PASSED] - Text 'anjasmara@gmail.com' has been set to element 'Object Repository/Login/positive/input email'

2022-07-20 13:30:26 - [TEST_STEP][PASSED] - tap(findTestObject("Login/positive/input password"), 0): Tapped on element 'Object Repository/Login/positive/input password'

2022-07-20 13:30:26 - [MESSAGE][WARNING] - Timeout '0' is invalid. Using default page load timeout: '30'

2022-07-20 13:30:28 - [MESSAGE][PASSED] - Tapped on element 'Object Repository/Login/positive/input password'

2022-07-20 13:30:28 - [TEST_STEP][PASSED] - setText(findTestObject("Login/positive/input password"), "anjasmara", 3): Text 'anjasmara' has been set to element 'Object Repository/Login/positive/input password'

2022-07-20 13:30:29 - [MESSAGE][PASSED] - Text 'anjasmara' has been set to element 'Object Repository/Login/positive/input password'

2022-07-20 13:30:29 - [TEST_STEP][PASSED] - pressBack(): Press back button successfully

2022-07-20 13:30:30 - [MESSAGE][PASSED] - Press back button successfully

2022-07-20 13:30:30 - [TEST_STEP][PASSED] - tap(findTestObject("Login/positive/button masuk"), 3): Tapped on element 'Object Repository/Login/positive/button masuk'

2022-07-20 13:30:32 - [MESSAGE][PASSED] - Tapped on element 'Object Repository/Login/positive/button masuk'

2022-07-20 13:30:32 - [TEST_STEP][PASSED] - delay(3, STOP_ON_FAILURE): Delayed 3 second(s)

2022-07-20 13:30:35 - [MESSAGE][PASSED] - Delayed 3 second(s)

2022-07-20 13:30:35 - [TEST_STEP][PASSED] - tap(findTestObject("Nearest health family/lihat semua lokasi vaksin"), 0): Tapped on element 'Object Repository/Nearest health family/lihat semua lokasi vaksin'

2022-07-20 13:30:36 - [MESSAGE][WARNING] - Timeout '0' is invalid. Using default page load timeout: '30'

2022-07-20 13:30:37 - [MESSAGE][PASSED] - Tapped on element 'Object Repository/Nearest health family/lihat semua lokasi vaksin'

2022-07-20 13:30:37 - [TEST_STEP][PASSED] - delay(3, STOP_ON_FAILURE): Delayed 3 second(s)

2022-07-20 13:30:40 - [MESSAGE][PASSED] - Delayed 3 second(s)

2022-07-20 13:30:40 - [TEST_STEP][PASSED] - closeApplication(): Close app successfully

2022-07-20 13:30:40 - [MESSAGE][PASSED] - Close app successfully]]></system-out>
         <system-err><![CDATA[]]></system-err>
      </testcase>
      <testcase name="Test Cases/News/positive/test case see all news" time="49.441" classname="Test Cases/News/positive/test case see all news" status="PASSED">
         <system-out><![CDATA[2022-07-20 13:30:40 - [TEST_CASE][PASSED] - Test Cases/News/positive/test case see all news: Test Cases/News/positive/test case see all news

2022-07-20 13:30:41 - [TEST_STEP][PASSED] - startApplication("D:\CAPSTONE\Testing Mobile\Data Files\app-release (3).apk", false): Started app at: 'D:\CAPSTONE\Testing Mobile\Data Files\app-release (3).apk'

2022-07-20 13:30:41 - [MESSAGE][INFO] - Detected NodeJS location: "C:\Program Files\nodejs\node.exe"

2022-07-20 13:30:45 - [MESSAGE][INFO] - Appium server started on port 60,078

2022-07-20 13:31:06 - [MESSAGE][PASSED] - Started app at: 'D:\CAPSTONE\Testing Mobile\Data Files\app-release (3).apk'

2022-07-20 13:31:06 - [TEST_STEP][PASSED] - tap(findTestObject("Login/positive/button masuk"), 0): Tapped on element 'Object Repository/Login/positive/button masuk'

2022-07-20 13:31:06 - [MESSAGE][WARNING] - Timeout '0' is invalid. Using default page load timeout: '30'

2022-07-20 13:31:10 - [MESSAGE][PASSED] - Tapped on element 'Object Repository/Login/positive/button masuk'

2022-07-20 13:31:10 - [TEST_STEP][PASSED] - tap(findTestObject("Login/positive/input email"), 0): Tapped on element 'Object Repository/Login/positive/input email'

2022-07-20 13:31:11 - [MESSAGE][WARNING] - Timeout '0' is invalid. Using default page load timeout: '30'

2022-07-20 13:31:12 - [MESSAGE][PASSED] - Tapped on element 'Object Repository/Login/positive/input email'

2022-07-20 13:31:12 - [TEST_STEP][PASSED] - setText(findTestObject("Login/positive/input email"), "anjasmara@gmail.com", 0): Text 'anjasmara@gmail.com' has been set to element 'Object Repository/Login/positive/input email'

2022-07-20 13:31:12 - [MESSAGE][WARNING] - Timeout '0' is invalid. Using default page load timeout: '30'

2022-07-20 13:31:14 - [MESSAGE][PASSED] - Text 'anjasmara@gmail.com' has been set to element 'Object Repository/Login/positive/input email'

2022-07-20 13:31:14 - [TEST_STEP][PASSED] - tap(findTestObject("Login/positive/input password"), 0): Tapped on element 'Object Repository/Login/positive/input password'

2022-07-20 13:31:14 - [MESSAGE][WARNING] - Timeout '0' is invalid. Using default page load timeout: '30'

2022-07-20 13:31:14 - [MESSAGE][PASSED] - Tapped on element 'Object Repository/Login/positive/input password'

2022-07-20 13:31:14 - [TEST_STEP][PASSED] - setText(findTestObject("Login/positive/input password"), "anjasmara", 0): Text 'anjasmara' has been set to element 'Object Repository/Login/positive/input password'

2022-07-20 13:31:15 - [MESSAGE][WARNING] - Timeout '0' is invalid. Using default page load timeout: '30'

2022-07-20 13:31:17 - [MESSAGE][PASSED] - Text 'anjasmara' has been set to element 'Object Repository/Login/positive/input password'

2022-07-20 13:31:17 - [TEST_STEP][PASSED] - pressBack(): Press back button successfully

2022-07-20 13:31:17 - [MESSAGE][PASSED] - Press back button successfully

2022-07-20 13:31:17 - [TEST_STEP][PASSED] - tap(findTestObject("Login/positive/button masuk"), 0): Tapped on element 'Object Repository/Login/positive/button masuk'

2022-07-20 13:31:17 - [MESSAGE][WARNING] - Timeout '0' is invalid. Using default page load timeout: '30'

2022-07-20 13:31:19 - [MESSAGE][PASSED] - Tapped on element 'Object Repository/Login/positive/button masuk'

2022-07-20 13:31:19 - [TEST_STEP][PASSED] - tap(findTestObject("News/lihat semua covid"), 0): Tapped on element 'Object Repository/News/lihat semua covid'

2022-07-20 13:31:19 - [MESSAGE][WARNING] - Timeout '0' is invalid. Using default page load timeout: '30'

2022-07-20 13:31:23 - [MESSAGE][PASSED] - Tapped on element 'Object Repository/News/lihat semua covid'

2022-07-20 13:31:23 - [TEST_STEP][PASSED] - tap(findTestObject("News/tap berita in lihat semua"), 0): Tapped on element 'Object Repository/News/tap berita in lihat semua'

2022-07-20 13:31:23 - [MESSAGE][WARNING] - Timeout '0' is invalid. Using default page load timeout: '30'

2022-07-20 13:31:24 - [MESSAGE][PASSED] - Tapped on element 'Object Repository/News/tap berita in lihat semua'

2022-07-20 13:31:24 - [TEST_STEP][PASSED] - delay(5, STOP_ON_FAILURE): Delayed 5 second(s)

2022-07-20 13:31:29 - [MESSAGE][PASSED] - Delayed 5 second(s)

2022-07-20 13:31:29 - [TEST_STEP][PASSED] - closeApplication(): Close app successfully

2022-07-20 13:31:30 - [MESSAGE][PASSED] - Close app successfully]]></system-out>
         <system-err><![CDATA[]]></system-err>
      </testcase>
      <testcase name="Test Cases/News/positive/test case see news" time="63.53" classname="Test Cases/News/positive/test case see news" status="PASSED">
         <system-out><![CDATA[2022-07-20 13:31:30 - [TEST_CASE][PASSED] - Test Cases/News/positive/test case see news: Test Cases/News/positive/test case see news

2022-07-20 13:31:30 - [TEST_STEP][PASSED] - startApplication("D:\CAPSTONE\Testing Mobile\Data Files\app-release (3).apk", false): Started app at: 'D:\CAPSTONE\Testing Mobile\Data Files\app-release (3).apk'

2022-07-20 13:31:31 - [MESSAGE][INFO] - Detected NodeJS location: "C:\Program Files\nodejs\node.exe"

2022-07-20 13:31:34 - [MESSAGE][INFO] - Appium server started on port 60,157

2022-07-20 13:31:55 - [MESSAGE][PASSED] - Started app at: 'D:\CAPSTONE\Testing Mobile\Data Files\app-release (3).apk'

2022-07-20 13:31:55 - [TEST_STEP][PASSED] - tap(findTestObject("Login/positive/button masuk"), 0): Tapped on element 'Object Repository/Login/positive/button masuk'

2022-07-20 13:31:55 - [MESSAGE][WARNING] - Timeout '0' is invalid. Using default page load timeout: '30'

2022-07-20 13:32:17 - [MESSAGE][PASSED] - Tapped on element 'Object Repository/Login/positive/button masuk'

2022-07-20 13:32:17 - [TEST_STEP][PASSED] - tap(findTestObject("Login/positive/input email"), 0): Tapped on element 'Object Repository/Login/positive/input email'

2022-07-20 13:32:17 - [MESSAGE][WARNING] - Timeout '0' is invalid. Using default page load timeout: '30'

2022-07-20 13:32:18 - [MESSAGE][PASSED] - Tapped on element 'Object Repository/Login/positive/input email'

2022-07-20 13:32:18 - [TEST_STEP][PASSED] - setText(findTestObject("Login/positive/input email"), "anjasmara@gmail.com", 0): Text 'anjasmara@gmail.com' has been set to element 'Object Repository/Login/positive/input email'

2022-07-20 13:32:18 - [MESSAGE][WARNING] - Timeout '0' is invalid. Using default page load timeout: '30'

2022-07-20 13:32:20 - [MESSAGE][PASSED] - Text 'anjasmara@gmail.com' has been set to element 'Object Repository/Login/positive/input email'

2022-07-20 13:32:20 - [TEST_STEP][PASSED] - tap(findTestObject("Login/positive/input password"), 0): Tapped on element 'Object Repository/Login/positive/input password'

2022-07-20 13:32:21 - [MESSAGE][WARNING] - Timeout '0' is invalid. Using default page load timeout: '30'

2022-07-20 13:32:21 - [MESSAGE][PASSED] - Tapped on element 'Object Repository/Login/positive/input password'

2022-07-20 13:32:21 - [TEST_STEP][PASSED] - setText(findTestObject("Login/positive/input password"), "anjasmara", 0): Text 'anjasmara' has been set to element 'Object Repository/Login/positive/input password'

2022-07-20 13:32:21 - [MESSAGE][WARNING] - Timeout '0' is invalid. Using default page load timeout: '30'

2022-07-20 13:32:22 - [MESSAGE][PASSED] - Text 'anjasmara' has been set to element 'Object Repository/Login/positive/input password'

2022-07-20 13:32:22 - [TEST_STEP][PASSED] - pressBack(): Press back button successfully

2022-07-20 13:32:23 - [MESSAGE][PASSED] - Press back button successfully

2022-07-20 13:32:23 - [TEST_STEP][PASSED] - tap(findTestObject("Login/positive/button masuk"), 0): Tapped on element 'Object Repository/Login/positive/button masuk'

2022-07-20 13:32:23 - [MESSAGE][WARNING] - Timeout '0' is invalid. Using default page load timeout: '30'

2022-07-20 13:32:25 - [MESSAGE][PASSED] - Tapped on element 'Object Repository/Login/positive/button masuk'

2022-07-20 13:32:25 - [TEST_STEP][PASSED] - tap(findTestObject("News/tap berita"), 0): Tapped on element 'Object Repository/News/tap berita'

2022-07-20 13:32:25 - [MESSAGE][WARNING] - Timeout '0' is invalid. Using default page load timeout: '30'

2022-07-20 13:32:28 - [MESSAGE][PASSED] - Tapped on element 'Object Repository/News/tap berita'

2022-07-20 13:32:28 - [TEST_STEP][PASSED] - delay(5, STOP_ON_FAILURE): Delayed 5 second(s)

2022-07-20 13:32:33 - [MESSAGE][PASSED] - Delayed 5 second(s)

2022-07-20 13:32:33 - [TEST_STEP][PASSED] - closeApplication(): Close app successfully

2022-07-20 13:32:33 - [MESSAGE][PASSED] - Close app successfully]]></system-out>
         <system-err><![CDATA[]]></system-err>
      </testcase>
      <testcase name="Test Cases/Register/positive/test case register new user" time="91.486" classname="Test Cases/Register/positive/test case register new user" status="PASSED">
         <system-out><![CDATA[2022-07-20 13:32:33 - [TEST_CASE][PASSED] - Test Cases/Register/positive/test case register new user: Test Cases/Register/positive/test case register new user

2022-07-20 13:32:34 - [TEST_STEP][PASSED] - startApplication("C:\\Users\\A\\Downloads\\app-release (3).apk", false): Started app at: 'C:\Users\A\Downloads\app-release (3).apk'

2022-07-20 13:32:34 - [MESSAGE][INFO] - Detected NodeJS location: "C:\Program Files\nodejs\node.exe"

2022-07-20 13:32:38 - [MESSAGE][INFO] - Appium server started on port 60,236

2022-07-20 13:32:59 - [MESSAGE][PASSED] - Started app at: 'C:\Users\A\Downloads\app-release (3).apk'

2022-07-20 13:32:59 - [TEST_STEP][PASSED] - tap(findTestObject("Register/positive/button daftar"), 0): Tapped on element 'Object Repository/Register/positive/button daftar'

2022-07-20 13:32:59 - [MESSAGE][WARNING] - Timeout '0' is invalid. Using default page load timeout: '30'

2022-07-20 13:33:01 - [MESSAGE][PASSED] - Tapped on element 'Object Repository/Register/positive/button daftar'

2022-07-20 13:33:01 - [TEST_STEP][PASSED] - tap(findTestObject("Login/positive/input email"), 0): Tapped on element 'Object Repository/Login/positive/input email'

2022-07-20 13:33:01 - [MESSAGE][WARNING] - Timeout '0' is invalid. Using default page load timeout: '30'

2022-07-20 13:33:04 - [MESSAGE][PASSED] - Tapped on element 'Object Repository/Login/positive/input email'

2022-07-20 13:33:04 - [TEST_STEP][PASSED] - setText(findTestObject("Login/positive/input email"), "nicholas@gmail.com", 0): Text 'nicholas@gmail.com' has been set to element 'Object Repository/Login/positive/input email'

2022-07-20 13:33:04 - [MESSAGE][WARNING] - Timeout '0' is invalid. Using default page load timeout: '30'

2022-07-20 13:33:05 - [MESSAGE][PASSED] - Text 'nicholas@gmail.com' has been set to element 'Object Repository/Login/positive/input email'

2022-07-20 13:33:05 - [TEST_STEP][PASSED] - tap(findTestObject("Login/positive/input password"), 0): Tapped on element 'Object Repository/Login/positive/input password'

2022-07-20 13:33:05 - [MESSAGE][WARNING] - Timeout '0' is invalid. Using default page load timeout: '30'

2022-07-20 13:33:06 - [MESSAGE][PASSED] - Tapped on element 'Object Repository/Login/positive/input password'

2022-07-20 13:33:06 - [TEST_STEP][PASSED] - setText(findTestObject("Login/positive/input password"), "Frans1234", 0): Text 'Frans1234' has been set to element 'Object Repository/Login/positive/input password'

2022-07-20 13:33:06 - [MESSAGE][WARNING] - Timeout '0' is invalid. Using default page load timeout: '30'

2022-07-20 13:33:08 - [MESSAGE][PASSED] - Text 'Frans1234' has been set to element 'Object Repository/Login/positive/input password'

2022-07-20 13:33:08 - [TEST_STEP][PASSED] - pressBack(): Press back button successfully

2022-07-20 13:33:09 - [MESSAGE][PASSED] - Press back button successfully

2022-07-20 13:33:09 - [TEST_STEP][PASSED] - tap(findTestObject("Register/positive/button daftar"), 0): Tapped on element 'Object Repository/Register/positive/button daftar'

2022-07-20 13:33:09 - [MESSAGE][WARNING] - Timeout '0' is invalid. Using default page load timeout: '30'

2022-07-20 13:33:12 - [MESSAGE][PASSED] - Tapped on element 'Object Repository/Register/positive/button daftar'

2022-07-20 13:33:12 - [TEST_STEP][PASSED] - delay(3, STOP_ON_FAILURE): Delayed 3 second(s)

2022-07-20 13:33:15 - [MESSAGE][PASSED] - Delayed 3 second(s)

2022-07-20 13:33:15 - [TEST_STEP][PASSED] - tap(findTestObject("Register/positive/button icon foto"), 0): Tapped on element 'Object Repository/Register/positive/button icon foto'

2022-07-20 13:33:15 - [MESSAGE][WARNING] - Timeout '0' is invalid. Using default page load timeout: '30'

2022-07-20 13:33:16 - [MESSAGE][PASSED] - Tapped on element 'Object Repository/Register/positive/button icon foto'

2022-07-20 13:33:16 - [TEST_STEP][PASSED] - delay(3, STOP_ON_FAILURE): Delayed 3 second(s)

2022-07-20 13:33:19 - [MESSAGE][PASSED] - Delayed 3 second(s)

2022-07-20 13:33:19 - [TEST_STEP][PASSED] - tap(findTestObject("Register/positive/image"), 0): Tapped on element 'Object Repository/Register/positive/image'

2022-07-20 13:33:19 - [MESSAGE][WARNING] - Timeout '0' is invalid. Using default page load timeout: '30'

2022-07-20 13:33:20 - [MESSAGE][PASSED] - Tapped on element 'Object Repository/Register/positive/image'

2022-07-20 13:33:20 - [TEST_STEP][PASSED] - delay(3, STOP_ON_FAILURE): Delayed 3 second(s)

2022-07-20 13:33:23 - [MESSAGE][PASSED] - Delayed 3 second(s)

2022-07-20 13:33:23 - [TEST_STEP][PASSED] - tap(findTestObject("Register/positive/nama lengkap"), 0): Tapped on element 'Object Repository/Register/positive/nama lengkap'

2022-07-20 13:33:23 - [MESSAGE][WARNING] - Timeout '0' is invalid. Using default page load timeout: '30'

2022-07-20 13:33:24 - [MESSAGE][PASSED] - Tapped on element 'Object Repository/Register/positive/nama lengkap'

2022-07-20 13:33:24 - [TEST_STEP][PASSED] - setText(findTestObject("Register/positive/nama lengkap"), "Purnomo", 0): Text 'Purnomo' has been set to element 'Object Repository/Register/positive/nama lengkap'

2022-07-20 13:33:24 - [MESSAGE][WARNING] - Timeout '0' is invalid. Using default page load timeout: '30'

2022-07-20 13:33:26 - [MESSAGE][PASSED] - Text 'Purnomo' has been set to element 'Object Repository/Register/positive/nama lengkap'

2022-07-20 13:33:26 - [TEST_STEP][PASSED] - delay(3, STOP_ON_FAILURE): Delayed 3 second(s)

2022-07-20 13:33:29 - [MESSAGE][PASSED] - Delayed 3 second(s)

2022-07-20 13:33:29 - [TEST_STEP][PASSED] - tap(findTestObject("Register/positive/nik"), 0): Tapped on element 'Object Repository/Register/positive/nik'

2022-07-20 13:33:29 - [MESSAGE][WARNING] - Timeout '0' is invalid. Using default page load timeout: '30'

2022-07-20 13:33:29 - [MESSAGE][PASSED] - Tapped on element 'Object Repository/Register/positive/nik'

2022-07-20 13:33:29 - [TEST_STEP][PASSED] - setText(findTestObject("Register/positive/nik"), "3319087890985690", 0): Text '3319087890985690' has been set to element 'Object Repository/Register/positive/nik'

2022-07-20 13:33:29 - [MESSAGE][WARNING] - Timeout '0' is invalid. Using default page load timeout: '30'

2022-07-20 13:33:31 - [MESSAGE][PASSED] - Text '3319087890985690' has been set to element 'Object Repository/Register/positive/nik'

2022-07-20 13:33:31 - [TEST_STEP][PASSED] - delay(3, STOP_ON_FAILURE): Delayed 3 second(s)

2022-07-20 13:33:34 - [MESSAGE][PASSED] - Delayed 3 second(s)

2022-07-20 13:33:34 - [TEST_STEP][PASSED] - tap(findTestObject("Register/positive/tanggal lahir"), 0): Tapped on element 'Object Repository/Register/positive/tanggal lahir'

2022-07-20 13:33:34 - [MESSAGE][WARNING] - Timeout '0' is invalid. Using default page load timeout: '30'

2022-07-20 13:33:35 - [MESSAGE][PASSED] - Tapped on element 'Object Repository/Register/positive/tanggal lahir'

2022-07-20 13:33:35 - [TEST_STEP][PASSED] - tap(findTestObject("Register/positive/icon kalender"), 0): Tapped on element 'Object Repository/Register/positive/icon kalender'

2022-07-20 13:33:35 - [MESSAGE][WARNING] - Timeout '0' is invalid. Using default page load timeout: '30'

2022-07-20 13:33:37 - [MESSAGE][PASSED] - Tapped on element 'Object Repository/Register/positive/icon kalender'

2022-07-20 13:33:37 - [TEST_STEP][PASSED] - setText(findTestObject("Register/positive/input date"), "09/09/1998", 0): Text '09/09/1998' has been set to element 'Object Repository/Register/positive/input date'

2022-07-20 13:33:37 - [MESSAGE][WARNING] - Timeout '0' is invalid. Using default page load timeout: '30'

2022-07-20 13:33:40 - [MESSAGE][PASSED] - Text '09/09/1998' has been set to element 'Object Repository/Register/positive/input date'

2022-07-20 13:33:40 - [TEST_STEP][PASSED] - tap(findTestObject("Register/positive/ok"), 0): Tapped on element 'Object Repository/Register/positive/ok'

2022-07-20 13:33:40 - [MESSAGE][WARNING] - Timeout '0' is invalid. Using default page load timeout: '30'

2022-07-20 13:33:41 - [MESSAGE][PASSED] - Tapped on element 'Object Repository/Register/positive/ok'

2022-07-20 13:33:41 - [TEST_STEP][PASSED] - delay(3, STOP_ON_FAILURE): Delayed 3 second(s)

2022-07-20 13:33:44 - [MESSAGE][PASSED] - Delayed 3 second(s)

2022-07-20 13:33:44 - [TEST_STEP][PASSED] - tap(findTestObject("Register/positive/no hp"), 0): Tapped on element 'Object Repository/Register/positive/no hp'

2022-07-20 13:33:44 - [MESSAGE][WARNING] - Timeout '0' is invalid. Using default page load timeout: '30'

2022-07-20 13:33:44 - [MESSAGE][PASSED] - Tapped on element 'Object Repository/Register/positive/no hp'

2022-07-20 13:33:44 - [TEST_STEP][PASSED] - setText(findTestObject("Register/positive/no hp"), "089098909890", 0): Text '089098909890' has been set to element 'Object Repository/Register/positive/no hp'

2022-07-20 13:33:44 - [MESSAGE][WARNING] - Timeout '0' is invalid. Using default page load timeout: '30'

2022-07-20 13:33:46 - [MESSAGE][PASSED] - Text '089098909890' has been set to element 'Object Repository/Register/positive/no hp'

2022-07-20 13:33:46 - [TEST_STEP][PASSED] - delay(3, STOP_ON_FAILURE): Delayed 3 second(s)

2022-07-20 13:33:49 - [MESSAGE][PASSED] - Delayed 3 second(s)

2022-07-20 13:33:49 - [TEST_STEP][PASSED] - tap(findTestObject("Register/positive/jenis kelamin"), 0): Tapped on element 'Object Repository/Register/positive/jenis kelamin'

2022-07-20 13:33:49 - [MESSAGE][WARNING] - Timeout '0' is invalid. Using default page load timeout: '30'

2022-07-20 13:33:53 - [MESSAGE][PASSED] - Tapped on element 'Object Repository/Register/positive/jenis kelamin'

2022-07-20 13:33:53 - [TEST_STEP][PASSED] - tap(findTestObject("Register/positive/laki2"), 0): Tapped on element 'Object Repository/Register/positive/laki2'

2022-07-20 13:33:53 - [MESSAGE][WARNING] - Timeout '0' is invalid. Using default page load timeout: '30'

2022-07-20 13:33:55 - [MESSAGE][PASSED] - Tapped on element 'Object Repository/Register/positive/laki2'

2022-07-20 13:33:55 - [TEST_STEP][PASSED] - delay(3, STOP_ON_FAILURE): Delayed 3 second(s)

2022-07-20 13:33:58 - [MESSAGE][PASSED] - Delayed 3 second(s)

2022-07-20 13:33:58 - [TEST_STEP][PASSED] - tap(findTestObject("Register/positive/simpan"), 0): Tapped on element 'Object Repository/Register/positive/simpan'

2022-07-20 13:33:58 - [MESSAGE][WARNING] - Timeout '0' is invalid. Using default page load timeout: '30'

2022-07-20 13:33:59 - [MESSAGE][PASSED] - Tapped on element 'Object Repository/Register/positive/simpan'

2022-07-20 13:33:59 - [TEST_STEP][PASSED] - delay(5, STOP_ON_FAILURE): Delayed 5 second(s)

2022-07-20 13:34:04 - [MESSAGE][PASSED] - Delayed 5 second(s)

2022-07-20 13:34:04 - [TEST_STEP][PASSED] - closeApplication(): Close app successfully

2022-07-20 13:34:05 - [MESSAGE][PASSED] - Close app successfully]]></system-out>
         <system-err><![CDATA[]]></system-err>
      </testcase>
      <testcase name="Test Cases/Vaccine ticket/negative/test case cancel bagikan ticket vaccine" time="77.391" classname="Test Cases/Vaccine ticket/negative/test case cancel bagikan ticket vaccine" status="PASSED">
         <system-out><![CDATA[2022-07-20 13:34:40 - [TEST_CASE][PASSED] - Test Cases/Vaccine ticket/negative/test case cancel bagikan ticket vaccine: Test Cases/Vaccine ticket/negative/test case cancel bagikan ticket vaccine

2022-07-20 13:34:40 - [TEST_STEP][PASSED] - startApplication("D:\CAPSTONE\Testing Mobile\Data Files\app-release (3).apk", false): Started app at: 'D:\CAPSTONE\Testing Mobile\Data Files\app-release (3).apk'

2022-07-20 13:35:25 - [MESSAGE][PASSED] - Started app at: 'D:\CAPSTONE\Testing Mobile\Data Files\app-release (3).apk'

2022-07-20 13:35:25 - [TEST_STEP][PASSED] - tap(findTestObject("Login/positive/button masuk"), 3): Tapped on element 'Object Repository/Login/positive/button masuk'

2022-07-20 13:35:27 - [MESSAGE][PASSED] - Tapped on element 'Object Repository/Login/positive/button masuk'

2022-07-20 13:35:27 - [TEST_STEP][PASSED] - tap(findTestObject("Login/positive/input email"), 0): Tapped on element 'Object Repository/Login/positive/input email'

2022-07-20 13:35:27 - [MESSAGE][WARNING] - Timeout '0' is invalid. Using default page load timeout: '30'

2022-07-20 13:35:30 - [MESSAGE][PASSED] - Tapped on element 'Object Repository/Login/positive/input email'

2022-07-20 13:35:30 - [TEST_STEP][PASSED] - setText(findTestObject("Login/positive/input email"), "anjasmara@gmail.com", 3): Text 'anjasmara@gmail.com' has been set to element 'Object Repository/Login/positive/input email'

2022-07-20 13:35:33 - [MESSAGE][PASSED] - Text 'anjasmara@gmail.com' has been set to element 'Object Repository/Login/positive/input email'

2022-07-20 13:35:33 - [TEST_STEP][PASSED] - tap(findTestObject("Login/positive/input password"), 0): Tapped on element 'Object Repository/Login/positive/input password'

2022-07-20 13:35:33 - [MESSAGE][WARNING] - Timeout '0' is invalid. Using default page load timeout: '30'

2022-07-20 13:35:34 - [MESSAGE][PASSED] - Tapped on element 'Object Repository/Login/positive/input password'

2022-07-20 13:35:34 - [TEST_STEP][PASSED] - setText(findTestObject("Login/positive/input password"), "anjasmara", 3): Text 'anjasmara' has been set to element 'Object Repository/Login/positive/input password'

2022-07-20 13:35:36 - [MESSAGE][PASSED] - Text 'anjasmara' has been set to element 'Object Repository/Login/positive/input password'

2022-07-20 13:35:36 - [TEST_STEP][PASSED] - pressBack(): Press back button successfully

2022-07-20 13:35:36 - [MESSAGE][PASSED] - Press back button successfully

2022-07-20 13:35:36 - [TEST_STEP][PASSED] - tap(findTestObject("Login/positive/button masuk"), 3): Tapped on element 'Object Repository/Login/positive/button masuk'

2022-07-20 13:35:39 - [MESSAGE][PASSED] - Tapped on element 'Object Repository/Login/positive/button masuk'

2022-07-20 13:35:39 - [TEST_STEP][PASSED] - delay(3, STOP_ON_FAILURE): Delayed 3 second(s)

2022-07-20 13:35:42 - [MESSAGE][PASSED] - Delayed 3 second(s)

2022-07-20 13:35:42 - [TEST_STEP][PASSED] - tap(findTestObject("vaccine ticket/positive/button tiket"), 0): Tapped on element 'Object Repository/vaccine ticket/positive/button tiket'

2022-07-20 13:35:42 - [MESSAGE][WARNING] - Timeout '0' is invalid. Using default page load timeout: '30'

2022-07-20 13:35:44 - [MESSAGE][PASSED] - Tapped on element 'Object Repository/vaccine ticket/positive/button tiket'

2022-07-20 13:35:44 - [TEST_STEP][PASSED] - tap(findTestObject("vaccine ticket/positive/detail ticket vaksin"), 0): Tapped on element 'Object Repository/vaccine ticket/positive/detail ticket vaksin'

2022-07-20 13:35:44 - [MESSAGE][WARNING] - Timeout '0' is invalid. Using default page load timeout: '30'

2022-07-20 13:35:45 - [MESSAGE][PASSED] - Tapped on element 'Object Repository/vaccine ticket/positive/detail ticket vaksin'

2022-07-20 13:35:45 - [TEST_STEP][PASSED] - delay(3, STOP_ON_FAILURE): Delayed 3 second(s)

2022-07-20 13:35:48 - [MESSAGE][PASSED] - Delayed 3 second(s)

2022-07-20 13:35:48 - [TEST_STEP][PASSED] - tap(findTestObject("vaccine ticket/positive/icon menu"), 0): Tapped on element 'Object Repository/vaccine ticket/positive/icon menu'

2022-07-20 13:35:48 - [MESSAGE][WARNING] - Timeout '0' is invalid. Using default page load timeout: '30'

2022-07-20 13:35:49 - [MESSAGE][PASSED] - Tapped on element 'Object Repository/vaccine ticket/positive/icon menu'

2022-07-20 13:35:49 - [TEST_STEP][PASSED] - tap(findTestObject("vaccine ticket/positive/bagikan"), 0): Tapped on element 'Object Repository/vaccine ticket/positive/bagikan'

2022-07-20 13:35:49 - [MESSAGE][WARNING] - Timeout '0' is invalid. Using default page load timeout: '30'

2022-07-20 13:35:50 - [MESSAGE][PASSED] - Tapped on element 'Object Repository/vaccine ticket/positive/bagikan'

2022-07-20 13:35:50 - [TEST_STEP][PASSED] - delay(3, STOP_ON_FAILURE): Delayed 3 second(s)

2022-07-20 13:35:53 - [MESSAGE][PASSED] - Delayed 3 second(s)

2022-07-20 13:35:53 - [TEST_STEP][PASSED] - tap(findTestObject("vaccine ticket/negative/batal share"), 0): Tapped on element 'Object Repository/vaccine ticket/negative/batal share'

2022-07-20 13:35:53 - [MESSAGE][WARNING] - Timeout '0' is invalid. Using default page load timeout: '30'

2022-07-20 13:35:54 - [MESSAGE][PASSED] - Tapped on element 'Object Repository/vaccine ticket/negative/batal share'

2022-07-20 13:35:54 - [TEST_STEP][PASSED] - delay(3, STOP_ON_FAILURE): Delayed 3 second(s)

2022-07-20 13:35:57 - [MESSAGE][PASSED] - Delayed 3 second(s)

2022-07-20 13:35:57 - [TEST_STEP][PASSED] - closeApplication(): Close app successfully

2022-07-20 13:35:57 - [MESSAGE][PASSED] - Close app successfully]]></system-out>
         <system-err><![CDATA[]]></system-err>
      </testcase>
      <testcase name="Test Cases/Vaccine ticket/negative/test case cancel simpan ticket vaccine" time="59.102" classname="Test Cases/Vaccine ticket/negative/test case cancel simpan ticket vaccine" status="PASSED">
         <system-out><![CDATA[2022-07-20 13:35:57 - [TEST_CASE][PASSED] - Test Cases/Vaccine ticket/negative/test case cancel simpan ticket vaccine: Test Cases/Vaccine ticket/negative/test case cancel simpan ticket vaccine

2022-07-20 13:35:58 - [TEST_STEP][PASSED] - startApplication("D:\CAPSTONE\Testing Mobile\Data Files\app-release (3).apk", false): Started app at: 'D:\CAPSTONE\Testing Mobile\Data Files\app-release (3).apk'

2022-07-20 13:35:58 - [MESSAGE][INFO] - Detected NodeJS location: "C:\Program Files\nodejs\node.exe"

2022-07-20 13:36:02 - [MESSAGE][INFO] - Appium server started on port 60,472

2022-07-20 13:36:25 - [MESSAGE][PASSED] - Started app at: 'D:\CAPSTONE\Testing Mobile\Data Files\app-release (3).apk'

2022-07-20 13:36:25 - [TEST_STEP][PASSED] - tap(findTestObject("Login/positive/button masuk"), 3): Tapped on element 'Object Repository/Login/positive/button masuk'

2022-07-20 13:36:27 - [MESSAGE][PASSED] - Tapped on element 'Object Repository/Login/positive/button masuk'

2022-07-20 13:36:27 - [TEST_STEP][PASSED] - tap(findTestObject("Login/positive/input email"), 0): Tapped on element 'Object Repository/Login/positive/input email'

2022-07-20 13:36:27 - [MESSAGE][WARNING] - Timeout '0' is invalid. Using default page load timeout: '30'

2022-07-20 13:36:28 - [MESSAGE][PASSED] - Tapped on element 'Object Repository/Login/positive/input email'

2022-07-20 13:36:28 - [TEST_STEP][PASSED] - setText(findTestObject("Login/positive/input email"), "anjasmara@gmail.com", 3): Text 'anjasmara@gmail.com' has been set to element 'Object Repository/Login/positive/input email'

2022-07-20 13:36:29 - [MESSAGE][PASSED] - Text 'anjasmara@gmail.com' has been set to element 'Object Repository/Login/positive/input email'

2022-07-20 13:36:29 - [TEST_STEP][PASSED] - tap(findTestObject("Login/positive/input password"), 0): Tapped on element 'Object Repository/Login/positive/input password'

2022-07-20 13:36:30 - [MESSAGE][WARNING] - Timeout '0' is invalid. Using default page load timeout: '30'

2022-07-20 13:36:32 - [MESSAGE][PASSED] - Tapped on element 'Object Repository/Login/positive/input password'

2022-07-20 13:36:32 - [TEST_STEP][PASSED] - setText(findTestObject("Login/positive/input password"), "anjasmara", 3): Text 'anjasmara' has been set to element 'Object Repository/Login/positive/input password'

2022-07-20 13:36:34 - [MESSAGE][PASSED] - Text 'anjasmara' has been set to element 'Object Repository/Login/positive/input password'

2022-07-20 13:36:34 - [TEST_STEP][PASSED] - pressBack(): Press back button successfully

2022-07-20 13:36:35 - [MESSAGE][PASSED] - Press back button successfully

2022-07-20 13:36:35 - [TEST_STEP][PASSED] - tap(findTestObject("Login/positive/button masuk"), 3): Tapped on element 'Object Repository/Login/positive/button masuk'

2022-07-20 13:36:37 - [MESSAGE][PASSED] - Tapped on element 'Object Repository/Login/positive/button masuk'

2022-07-20 13:36:37 - [TEST_STEP][PASSED] - delay(3, STOP_ON_FAILURE): Delayed 3 second(s)

2022-07-20 13:36:40 - [MESSAGE][PASSED] - Delayed 3 second(s)

2022-07-20 13:36:40 - [TEST_STEP][PASSED] - tap(findTestObject("vaccine ticket/positive/button tiket"), 0): Tapped on element 'Object Repository/vaccine ticket/positive/button tiket'

2022-07-20 13:36:40 - [MESSAGE][WARNING] - Timeout '0' is invalid. Using default page load timeout: '30'

2022-07-20 13:36:43 - [MESSAGE][PASSED] - Tapped on element 'Object Repository/vaccine ticket/positive/button tiket'

2022-07-20 13:36:43 - [TEST_STEP][PASSED] - tap(findTestObject("vaccine ticket/positive/detail ticket vaksin"), 0): Tapped on element 'Object Repository/vaccine ticket/positive/detail ticket vaksin'

2022-07-20 13:36:43 - [MESSAGE][WARNING] - Timeout '0' is invalid. Using default page load timeout: '30'

2022-07-20 13:36:44 - [MESSAGE][PASSED] - Tapped on element 'Object Repository/vaccine ticket/positive/detail ticket vaksin'

2022-07-20 13:36:44 - [TEST_STEP][PASSED] - delay(3, STOP_ON_FAILURE): Delayed 3 second(s)

2022-07-20 13:36:47 - [MESSAGE][PASSED] - Delayed 3 second(s)

2022-07-20 13:36:47 - [TEST_STEP][PASSED] - tap(findTestObject("vaccine ticket/positive/icon menu"), 0): Tapped on element 'Object Repository/vaccine ticket/positive/icon menu'

2022-07-20 13:36:48 - [MESSAGE][WARNING] - Timeout '0' is invalid. Using default page load timeout: '30'

2022-07-20 13:36:48 - [MESSAGE][PASSED] - Tapped on element 'Object Repository/vaccine ticket/positive/icon menu'

2022-07-20 13:36:48 - [TEST_STEP][PASSED] - tap(findTestObject("vaccine ticket/positive/simpan"), 0): Tapped on element 'Object Repository/vaccine ticket/positive/simpan'

2022-07-20 13:36:48 - [MESSAGE][WARNING] - Timeout '0' is invalid. Using default page load timeout: '30'

2022-07-20 13:36:49 - [MESSAGE][PASSED] - Tapped on element 'Object Repository/vaccine ticket/positive/simpan'

2022-07-20 13:36:49 - [TEST_STEP][PASSED] - delay(3, STOP_ON_FAILURE): Delayed 3 second(s)

2022-07-20 13:36:52 - [MESSAGE][PASSED] - Delayed 3 second(s)

2022-07-20 13:36:52 - [TEST_STEP][PASSED] - tap(findTestObject("vaccine ticket/negative/batal save"), 0): Tapped on element 'Object Repository/vaccine ticket/negative/batal save'

2022-07-20 13:36:53 - [MESSAGE][WARNING] - Timeout '0' is invalid. Using default page load timeout: '30'

2022-07-20 13:36:53 - [MESSAGE][PASSED] - Tapped on element 'Object Repository/vaccine ticket/negative/batal save'

2022-07-20 13:36:53 - [TEST_STEP][PASSED] - delay(3, STOP_ON_FAILURE): Delayed 3 second(s)

2022-07-20 13:36:56 - [MESSAGE][PASSED] - Delayed 3 second(s)

2022-07-20 13:36:56 - [TEST_STEP][PASSED] - closeApplication(): Close app successfully

2022-07-20 13:36:56 - [MESSAGE][PASSED] - Close app successfully]]></system-out>
         <system-err><![CDATA[]]></system-err>
      </testcase>
      <testcase name="Test Cases/Vaccine ticket/positive/test case bagikan ticket vaccine" time="60.185" classname="Test Cases/Vaccine ticket/positive/test case bagikan ticket vaccine" status="PASSED">
         <system-out><![CDATA[2022-07-20 13:36:56 - [TEST_CASE][PASSED] - Test Cases/Vaccine ticket/positive/test case bagikan ticket vaccine: Test Cases/Vaccine ticket/positive/test case bagikan ticket vaccine

2022-07-20 13:36:57 - [TEST_STEP][PASSED] - startApplication("D:\CAPSTONE\Testing Mobile\Data Files\app-release (3).apk", false): Started app at: 'D:\CAPSTONE\Testing Mobile\Data Files\app-release (3).apk'

2022-07-20 13:36:57 - [MESSAGE][INFO] - Detected NodeJS location: "C:\Program Files\nodejs\node.exe"

2022-07-20 13:37:01 - [MESSAGE][INFO] - Appium server started on port 60,553

2022-07-20 13:37:22 - [MESSAGE][PASSED] - Started app at: 'D:\CAPSTONE\Testing Mobile\Data Files\app-release (3).apk'

2022-07-20 13:37:22 - [TEST_STEP][PASSED] - tap(findTestObject("Login/positive/button masuk"), 3): Tapped on element 'Object Repository/Login/positive/button masuk'

2022-07-20 13:37:24 - [MESSAGE][PASSED] - Tapped on element 'Object Repository/Login/positive/button masuk'

2022-07-20 13:37:24 - [TEST_STEP][PASSED] - tap(findTestObject("Login/positive/input email"), 0): Tapped on element 'Object Repository/Login/positive/input email'

2022-07-20 13:37:24 - [MESSAGE][WARNING] - Timeout '0' is invalid. Using default page load timeout: '30'

2022-07-20 13:37:26 - [MESSAGE][PASSED] - Tapped on element 'Object Repository/Login/positive/input email'

2022-07-20 13:37:26 - [TEST_STEP][PASSED] - setText(findTestObject("Login/positive/input email"), "anjasmara@gmail.com", 3): Text 'anjasmara@gmail.com' has been set to element 'Object Repository/Login/positive/input email'

2022-07-20 13:37:28 - [MESSAGE][PASSED] - Text 'anjasmara@gmail.com' has been set to element 'Object Repository/Login/positive/input email'

2022-07-20 13:37:28 - [TEST_STEP][PASSED] - tap(findTestObject("Login/positive/input password"), 0): Tapped on element 'Object Repository/Login/positive/input password'

2022-07-20 13:37:28 - [MESSAGE][WARNING] - Timeout '0' is invalid. Using default page load timeout: '30'

2022-07-20 13:37:29 - [MESSAGE][PASSED] - Tapped on element 'Object Repository/Login/positive/input password'

2022-07-20 13:37:29 - [TEST_STEP][PASSED] - setText(findTestObject("Login/positive/input password"), "anjasmara", 3): Text 'anjasmara' has been set to element 'Object Repository/Login/positive/input password'

2022-07-20 13:37:30 - [MESSAGE][PASSED] - Text 'anjasmara' has been set to element 'Object Repository/Login/positive/input password'

2022-07-20 13:37:30 - [TEST_STEP][PASSED] - pressBack(): Press back button successfully

2022-07-20 13:37:32 - [MESSAGE][PASSED] - Press back button successfully

2022-07-20 13:37:32 - [TEST_STEP][PASSED] - tap(findTestObject("Login/positive/button masuk"), 3): Tapped on element 'Object Repository/Login/positive/button masuk'

2022-07-20 13:37:34 - [MESSAGE][PASSED] - Tapped on element 'Object Repository/Login/positive/button masuk'

2022-07-20 13:37:34 - [TEST_STEP][PASSED] - delay(3, STOP_ON_FAILURE): Delayed 3 second(s)

2022-07-20 13:37:37 - [MESSAGE][PASSED] - Delayed 3 second(s)

2022-07-20 13:37:37 - [TEST_STEP][PASSED] - tap(findTestObject("vaccine ticket/positive/button tiket"), 0): Tapped on element 'Object Repository/vaccine ticket/positive/button tiket'

2022-07-20 13:37:37 - [MESSAGE][WARNING] - Timeout '0' is invalid. Using default page load timeout: '30'

2022-07-20 13:37:38 - [MESSAGE][PASSED] - Tapped on element 'Object Repository/vaccine ticket/positive/button tiket'

2022-07-20 13:37:38 - [TEST_STEP][PASSED] - tap(findTestObject("vaccine ticket/positive/detail ticket vaksin"), 0): Tapped on element 'Object Repository/vaccine ticket/positive/detail ticket vaksin'

2022-07-20 13:37:38 - [MESSAGE][WARNING] - Timeout '0' is invalid. Using default page load timeout: '30'

2022-07-20 13:37:39 - [MESSAGE][PASSED] - Tapped on element 'Object Repository/vaccine ticket/positive/detail ticket vaksin'

2022-07-20 13:37:39 - [TEST_STEP][PASSED] - delay(3, STOP_ON_FAILURE): Delayed 3 second(s)

2022-07-20 13:37:42 - [MESSAGE][PASSED] - Delayed 3 second(s)

2022-07-20 13:37:42 - [TEST_STEP][PASSED] - tap(findTestObject("vaccine ticket/positive/icon menu"), 0): Tapped on element 'Object Repository/vaccine ticket/positive/icon menu'

2022-07-20 13:37:43 - [MESSAGE][WARNING] - Timeout '0' is invalid. Using default page load timeout: '30'

2022-07-20 13:37:44 - [MESSAGE][PASSED] - Tapped on element 'Object Repository/vaccine ticket/positive/icon menu'

2022-07-20 13:37:44 - [TEST_STEP][PASSED] - tap(findTestObject("vaccine ticket/positive/bagikan"), 0): Tapped on element 'Object Repository/vaccine ticket/positive/bagikan'

2022-07-20 13:37:44 - [MESSAGE][WARNING] - Timeout '0' is invalid. Using default page load timeout: '30'

2022-07-20 13:37:45 - [MESSAGE][PASSED] - Tapped on element 'Object Repository/vaccine ticket/positive/bagikan'

2022-07-20 13:37:45 - [TEST_STEP][PASSED] - delay(3, STOP_ON_FAILURE): Delayed 3 second(s)

2022-07-20 13:37:48 - [MESSAGE][PASSED] - Delayed 3 second(s)

2022-07-20 13:37:48 - [TEST_STEP][PASSED] - tap(findTestObject("vaccine ticket/positive/catatan keep"), 0): Tapped on element 'Object Repository/vaccine ticket/positive/catatan keep'

2022-07-20 13:37:48 - [MESSAGE][WARNING] - Timeout '0' is invalid. Using default page load timeout: '30'

2022-07-20 13:37:49 - [MESSAGE][PASSED] - Tapped on element 'Object Repository/vaccine ticket/positive/catatan keep'

2022-07-20 13:37:49 - [TEST_STEP][PASSED] - delay(3, STOP_ON_FAILURE): Delayed 3 second(s)

2022-07-20 13:37:52 - [MESSAGE][PASSED] - Delayed 3 second(s)

2022-07-20 13:37:52 - [TEST_STEP][PASSED] - tap(findTestObject("vaccine ticket/positive/simpan catatan keep"), 0): Tapped on element 'Object Repository/vaccine ticket/positive/simpan catatan keep'

2022-07-20 13:37:52 - [MESSAGE][WARNING] - Timeout '0' is invalid. Using default page load timeout: '30'

2022-07-20 13:37:53 - [MESSAGE][PASSED] - Tapped on element 'Object Repository/vaccine ticket/positive/simpan catatan keep'

2022-07-20 13:37:53 - [TEST_STEP][PASSED] - delay(3, STOP_ON_FAILURE): Delayed 3 second(s)

2022-07-20 13:37:56 - [MESSAGE][PASSED] - Delayed 3 second(s)

2022-07-20 13:37:56 - [TEST_STEP][PASSED] - closeApplication(): Close app successfully

2022-07-20 13:37:57 - [MESSAGE][PASSED] - Close app successfully]]></system-out>
         <system-err><![CDATA[]]></system-err>
      </testcase>
      <testcase name="Test Cases/Vaccine ticket/positive/test case see detail ticket vaccine" time="46.21" classname="Test Cases/Vaccine ticket/positive/test case see detail ticket vaccine" status="PASSED">
         <system-out><![CDATA[2022-07-20 13:37:57 - [TEST_CASE][PASSED] - Test Cases/Vaccine ticket/positive/test case see detail ticket vaccine: Test Cases/Vaccine ticket/positive/test case see detail ticket vaccine

2022-07-20 13:37:57 - [TEST_STEP][PASSED] - startApplication("C:\\Users\\A\\Downloads\\app-release (3).apk", false): Started app at: 'C:\Users\A\Downloads\app-release (3).apk'

2022-07-20 13:37:58 - [MESSAGE][INFO] - Detected NodeJS location: "C:\Program Files\nodejs\node.exe"

2022-07-20 13:38:01 - [MESSAGE][INFO] - Appium server started on port 60,634

2022-07-20 13:38:22 - [MESSAGE][PASSED] - Started app at: 'C:\Users\A\Downloads\app-release (3).apk'

2022-07-20 13:38:22 - [TEST_STEP][PASSED] - tap(findTestObject("Login/positive/button masuk"), 3): Tapped on element 'Object Repository/Login/positive/button masuk'

2022-07-20 13:38:24 - [MESSAGE][PASSED] - Tapped on element 'Object Repository/Login/positive/button masuk'

2022-07-20 13:38:24 - [TEST_STEP][PASSED] - tap(findTestObject("Login/positive/input email"), 0): Tapped on element 'Object Repository/Login/positive/input email'

2022-07-20 13:38:24 - [MESSAGE][WARNING] - Timeout '0' is invalid. Using default page load timeout: '30'

2022-07-20 13:38:25 - [MESSAGE][PASSED] - Tapped on element 'Object Repository/Login/positive/input email'

2022-07-20 13:38:25 - [TEST_STEP][PASSED] - setText(findTestObject("Login/positive/input email"), "anjasmara@gmail.com", 3): Text 'anjasmara@gmail.com' has been set to element 'Object Repository/Login/positive/input email'

2022-07-20 13:38:27 - [MESSAGE][PASSED] - Text 'anjasmara@gmail.com' has been set to element 'Object Repository/Login/positive/input email'

2022-07-20 13:38:27 - [TEST_STEP][PASSED] - tap(findTestObject("Login/positive/input password"), 0): Tapped on element 'Object Repository/Login/positive/input password'

2022-07-20 13:38:27 - [MESSAGE][WARNING] - Timeout '0' is invalid. Using default page load timeout: '30'

2022-07-20 13:38:28 - [MESSAGE][PASSED] - Tapped on element 'Object Repository/Login/positive/input password'

2022-07-20 13:38:28 - [TEST_STEP][PASSED] - setText(findTestObject("Login/positive/input password"), "anjasmara", 3): Text 'anjasmara' has been set to element 'Object Repository/Login/positive/input password'

2022-07-20 13:38:30 - [MESSAGE][PASSED] - Text 'anjasmara' has been set to element 'Object Repository/Login/positive/input password'

2022-07-20 13:38:30 - [TEST_STEP][PASSED] - pressBack(): Press back button successfully

2022-07-20 13:38:31 - [MESSAGE][PASSED] - Press back button successfully

2022-07-20 13:38:31 - [TEST_STEP][PASSED] - tap(findTestObject("Login/positive/button masuk"), 3): Tapped on element 'Object Repository/Login/positive/button masuk'

2022-07-20 13:38:33 - [MESSAGE][PASSED] - Tapped on element 'Object Repository/Login/positive/button masuk'

2022-07-20 13:38:33 - [TEST_STEP][PASSED] - delay(3, STOP_ON_FAILURE): Delayed 3 second(s)

2022-07-20 13:38:36 - [MESSAGE][PASSED] - Delayed 3 second(s)

2022-07-20 13:38:36 - [TEST_STEP][PASSED] - tap(findTestObject("vaccine ticket/positive/button tiket"), 0): Tapped on element 'Object Repository/vaccine ticket/positive/button tiket'

2022-07-20 13:38:36 - [MESSAGE][WARNING] - Timeout '0' is invalid. Using default page load timeout: '30'

2022-07-20 13:38:37 - [MESSAGE][PASSED] - Tapped on element 'Object Repository/vaccine ticket/positive/button tiket'

2022-07-20 13:38:37 - [TEST_STEP][PASSED] - tap(findTestObject("vaccine ticket/positive/detail ticket vaksin"), 0): Tapped on element 'Object Repository/vaccine ticket/positive/detail ticket vaksin'

2022-07-20 13:38:37 - [MESSAGE][WARNING] - Timeout '0' is invalid. Using default page load timeout: '30'

2022-07-20 13:38:39 - [MESSAGE][PASSED] - Tapped on element 'Object Repository/vaccine ticket/positive/detail ticket vaksin'

2022-07-20 13:38:39 - [TEST_STEP][PASSED] - delay(3, STOP_ON_FAILURE): Delayed 3 second(s)

2022-07-20 13:38:42 - [MESSAGE][PASSED] - Delayed 3 second(s)

2022-07-20 13:38:42 - [TEST_STEP][PASSED] - closeApplication(): Close app successfully

2022-07-20 13:38:43 - [MESSAGE][PASSED] - Close app successfully]]></system-out>
         <system-err><![CDATA[]]></system-err>
      </testcase>
      <testcase name="Test Cases/Vaccine ticket/positive/test case see list ticket vaccine" time="36.476" classname="Test Cases/Vaccine ticket/positive/test case see list ticket vaccine" status="PASSED">
         <system-out><![CDATA[2022-07-20 13:39:13 - [TEST_CASE][PASSED] - Test Cases/Vaccine ticket/positive/test case see list ticket vaccine: Test Cases/Vaccine ticket/positive/test case see list ticket vaccine

2022-07-20 13:39:13 - [TEST_STEP][PASSED] - startApplication("C:\\Users\\A\\Downloads\\app-release (3).apk", false): Started app at: 'C:\Users\A\Downloads\app-release (3).apk'

2022-07-20 13:39:28 - [MESSAGE][PASSED] - Started app at: 'C:\Users\A\Downloads\app-release (3).apk'

2022-07-20 13:39:28 - [TEST_STEP][PASSED] - tap(findTestObject("Login/positive/button masuk"), 3): Tapped on element 'Object Repository/Login/positive/button masuk'

2022-07-20 13:39:31 - [MESSAGE][PASSED] - Tapped on element 'Object Repository/Login/positive/button masuk'

2022-07-20 13:39:31 - [TEST_STEP][PASSED] - tap(findTestObject("Login/positive/input email"), 0): Tapped on element 'Object Repository/Login/positive/input email'

2022-07-20 13:39:32 - [MESSAGE][WARNING] - Timeout '0' is invalid. Using default page load timeout: '30'

2022-07-20 13:39:33 - [MESSAGE][PASSED] - Tapped on element 'Object Repository/Login/positive/input email'

2022-07-20 13:39:33 - [TEST_STEP][PASSED] - setText(findTestObject("Login/positive/input email"), "anjasmara@gmail.com", 3): Text 'anjasmara@gmail.com' has been set to element 'Object Repository/Login/positive/input email'

2022-07-20 13:39:35 - [MESSAGE][PASSED] - Text 'anjasmara@gmail.com' has been set to element 'Object Repository/Login/positive/input email'

2022-07-20 13:39:35 - [TEST_STEP][PASSED] - tap(findTestObject("Login/positive/input password"), 0): Tapped on element 'Object Repository/Login/positive/input password'

2022-07-20 13:39:35 - [MESSAGE][WARNING] - Timeout '0' is invalid. Using default page load timeout: '30'

2022-07-20 13:39:37 - [MESSAGE][PASSED] - Tapped on element 'Object Repository/Login/positive/input password'

2022-07-20 13:39:37 - [TEST_STEP][PASSED] - setText(findTestObject("Login/positive/input password"), "anjasmara", 3): Text 'anjasmara' has been set to element 'Object Repository/Login/positive/input password'

2022-07-20 13:39:38 - [MESSAGE][PASSED] - Text 'anjasmara' has been set to element 'Object Repository/Login/positive/input password'

2022-07-20 13:39:38 - [TEST_STEP][PASSED] - pressBack(): Press back button successfully

2022-07-20 13:39:40 - [MESSAGE][PASSED] - Press back button successfully

2022-07-20 13:39:40 - [TEST_STEP][PASSED] - tap(findTestObject("Login/positive/button masuk"), 3): Tapped on element 'Object Repository/Login/positive/button masuk'

2022-07-20 13:39:42 - [MESSAGE][PASSED] - Tapped on element 'Object Repository/Login/positive/button masuk'

2022-07-20 13:39:42 - [TEST_STEP][PASSED] - delay(3, STOP_ON_FAILURE): Delayed 3 second(s)

2022-07-20 13:39:45 - [MESSAGE][PASSED] - Delayed 3 second(s)

2022-07-20 13:39:45 - [TEST_STEP][PASSED] - tap(findTestObject("vaccine ticket/positive/button tiket"), 0): Tapped on element 'Object Repository/vaccine ticket/positive/button tiket'

2022-07-20 13:39:45 - [MESSAGE][WARNING] - Timeout '0' is invalid. Using default page load timeout: '30'

2022-07-20 13:39:46 - [MESSAGE][PASSED] - Tapped on element 'Object Repository/vaccine ticket/positive/button tiket'

2022-07-20 13:39:46 - [TEST_STEP][PASSED] - delay(3, STOP_ON_FAILURE): Delayed 3 second(s)

2022-07-20 13:39:49 - [MESSAGE][PASSED] - Delayed 3 second(s)

2022-07-20 13:39:49 - [TEST_STEP][PASSED] - closeApplication(): Close app successfully

2022-07-20 13:39:50 - [MESSAGE][PASSED] - Close app successfully]]></system-out>
         <system-err><![CDATA[]]></system-err>
      </testcase>
      <testcase name="Test Cases/Vaccine ticket/positive/test case simpan ticket vaccine" time="54.932" classname="Test Cases/Vaccine ticket/positive/test case simpan ticket vaccine" status="PASSED">
         <system-out><![CDATA[2022-07-20 13:39:50 - [TEST_CASE][PASSED] - Test Cases/Vaccine ticket/positive/test case simpan ticket vaccine: Test Cases/Vaccine ticket/positive/test case simpan ticket vaccine

2022-07-20 13:39:50 - [TEST_STEP][PASSED] - startApplication("D:\CAPSTONE\Testing Mobile\Data Files\app-release (3).apk", false): Started app at: 'D:\CAPSTONE\Testing Mobile\Data Files\app-release (3).apk'

2022-07-20 13:39:51 - [MESSAGE][INFO] - Detected NodeJS location: "C:\Program Files\nodejs\node.exe"

2022-07-20 13:39:54 - [MESSAGE][INFO] - Appium server started on port 60,858

2022-07-20 13:40:15 - [MESSAGE][PASSED] - Started app at: 'D:\CAPSTONE\Testing Mobile\Data Files\app-release (3).apk'

2022-07-20 13:40:15 - [TEST_STEP][PASSED] - tap(findTestObject("Login/positive/button masuk"), 3): Tapped on element 'Object Repository/Login/positive/button masuk'

2022-07-20 13:40:17 - [MESSAGE][PASSED] - Tapped on element 'Object Repository/Login/positive/button masuk'

2022-07-20 13:40:17 - [TEST_STEP][PASSED] - tap(findTestObject("Login/positive/input email"), 0): Tapped on element 'Object Repository/Login/positive/input email'

2022-07-20 13:40:17 - [MESSAGE][WARNING] - Timeout '0' is invalid. Using default page load timeout: '30'

2022-07-20 13:40:18 - [MESSAGE][PASSED] - Tapped on element 'Object Repository/Login/positive/input email'

2022-07-20 13:40:18 - [TEST_STEP][PASSED] - setText(findTestObject("Login/positive/input email"), "anjasmara@gmail.com", 3): Text 'anjasmara@gmail.com' has been set to element 'Object Repository/Login/positive/input email'

2022-07-20 13:40:20 - [MESSAGE][PASSED] - Text 'anjasmara@gmail.com' has been set to element 'Object Repository/Login/positive/input email'

2022-07-20 13:40:20 - [TEST_STEP][PASSED] - tap(findTestObject("Login/positive/input password"), 0): Tapped on element 'Object Repository/Login/positive/input password'

2022-07-20 13:40:20 - [MESSAGE][WARNING] - Timeout '0' is invalid. Using default page load timeout: '30'

2022-07-20 13:40:21 - [MESSAGE][PASSED] - Tapped on element 'Object Repository/Login/positive/input password'

2022-07-20 13:40:21 - [TEST_STEP][PASSED] - setText(findTestObject("Login/positive/input password"), "anjasmara", 3): Text 'anjasmara' has been set to element 'Object Repository/Login/positive/input password'

2022-07-20 13:40:24 - [MESSAGE][PASSED] - Text 'anjasmara' has been set to element 'Object Repository/Login/positive/input password'

2022-07-20 13:40:24 - [TEST_STEP][PASSED] - pressBack(): Press back button successfully

2022-07-20 13:40:24 - [MESSAGE][PASSED] - Press back button successfully

2022-07-20 13:40:24 - [TEST_STEP][PASSED] - tap(findTestObject("Login/positive/button masuk"), 3): Tapped on element 'Object Repository/Login/positive/button masuk'

2022-07-20 13:40:27 - [MESSAGE][PASSED] - Tapped on element 'Object Repository/Login/positive/button masuk'

2022-07-20 13:40:27 - [TEST_STEP][PASSED] - delay(3, STOP_ON_FAILURE): Delayed 3 second(s)

2022-07-20 13:40:30 - [MESSAGE][PASSED] - Delayed 3 second(s)

2022-07-20 13:40:30 - [TEST_STEP][PASSED] - tap(findTestObject("vaccine ticket/positive/button tiket"), 0): Tapped on element 'Object Repository/vaccine ticket/positive/button tiket'

2022-07-20 13:40:30 - [MESSAGE][WARNING] - Timeout '0' is invalid. Using default page load timeout: '30'

2022-07-20 13:40:32 - [MESSAGE][PASSED] - Tapped on element 'Object Repository/vaccine ticket/positive/button tiket'

2022-07-20 13:40:32 - [TEST_STEP][PASSED] - tap(findTestObject("vaccine ticket/positive/detail ticket vaksin"), 0): Tapped on element 'Object Repository/vaccine ticket/positive/detail ticket vaksin'

2022-07-20 13:40:32 - [MESSAGE][WARNING] - Timeout '0' is invalid. Using default page load timeout: '30'

2022-07-20 13:40:32 - [MESSAGE][PASSED] - Tapped on element 'Object Repository/vaccine ticket/positive/detail ticket vaksin'

2022-07-20 13:40:32 - [TEST_STEP][PASSED] - delay(3, STOP_ON_FAILURE): Delayed 3 second(s)

2022-07-20 13:40:35 - [MESSAGE][PASSED] - Delayed 3 second(s)

2022-07-20 13:40:35 - [TEST_STEP][PASSED] - tap(findTestObject("vaccine ticket/positive/icon menu"), 0): Tapped on element 'Object Repository/vaccine ticket/positive/icon menu'

2022-07-20 13:40:35 - [MESSAGE][WARNING] - Timeout '0' is invalid. Using default page load timeout: '30'

2022-07-20 13:40:36 - [MESSAGE][PASSED] - Tapped on element 'Object Repository/vaccine ticket/positive/icon menu'

2022-07-20 13:40:36 - [TEST_STEP][PASSED] - tap(findTestObject("vaccine ticket/positive/simpan"), 0): Tapped on element 'Object Repository/vaccine ticket/positive/simpan'

2022-07-20 13:40:36 - [MESSAGE][WARNING] - Timeout '0' is invalid. Using default page load timeout: '30'

2022-07-20 13:40:37 - [MESSAGE][PASSED] - Tapped on element 'Object Repository/vaccine ticket/positive/simpan'

2022-07-20 13:40:37 - [TEST_STEP][PASSED] - delay(3, STOP_ON_FAILURE): Delayed 3 second(s)

2022-07-20 13:40:40 - [MESSAGE][PASSED] - Delayed 3 second(s)

2022-07-20 13:40:40 - [TEST_STEP][PASSED] - tap(findTestObject("vaccine ticket/positive/save to foto"), 0): Tapped on element 'Object Repository/vaccine ticket/positive/save to foto'

2022-07-20 13:40:40 - [MESSAGE][WARNING] - Timeout '0' is invalid. Using default page load timeout: '30'

2022-07-20 13:40:41 - [MESSAGE][PASSED] - Tapped on element 'Object Repository/vaccine ticket/positive/save to foto'

2022-07-20 13:40:41 - [TEST_STEP][PASSED] - delay(3, STOP_ON_FAILURE): Delayed 3 second(s)

2022-07-20 13:40:44 - [MESSAGE][PASSED] - Delayed 3 second(s)

2022-07-20 13:40:44 - [TEST_STEP][PASSED] - closeApplication(): Close app successfully

2022-07-20 13:40:45 - [MESSAGE][PASSED] - Close app successfully]]></system-out>
         <system-err><![CDATA[]]></system-err>
      </testcase>
      <system-out><![CDATA[2022-07-20 13:08:03 - [TEST_SUITE][FAILED] - Report Mobile Testing: Test Cases/Covid information/positive/test case information pencegahan covid FAILED.
Reason:
com.kms.katalon.core.exception.StepFailedException: Object Object Repository/Information/button pencegahan not found
	at com.kms.katalon.core.keyword.internal.KeywordMain.stepFailed(KeywordMain.groovy:50)
	at com.kms.katalon.core.mobile.keyword.internal.MobileKeywordMain.stepFailed(MobileKeywordMain.groovy:40)
	at com.kms.katalon.core.mobile.keyword.builtin.TapKeyword$_tap_closure1.doCall(TapKeyword.groovy:79)
	at com.kms.katalon.core.mobile.keyword.builtin.TapKeyword$_tap_closure1.call(TapKeyword.groovy)
	at com.kms.katalon.core.mobile.keyword.internal.MobileKeywordMain.runKeyword(MobileKeywordMain.groovy:21)
	at com.kms.katalon.core.mobile.keyword.builtin.TapKeyword.tap(TapKeyword.groovy:84)
	at com.kms.katalon.core.mobile.keyword.builtin.TapKeyword.execute(TapKeyword.groovy:68)
	at com.kms.katalon.core.keyword.internal.KeywordExecutor.executeKeywordForPlatform(KeywordExecutor.groovy:74)
	at com.kms.katalon.core.mobile.keyword.MobileBuiltInKeywords.tap(MobileBuiltInKeywords.groovy:1490)
	at com.kms.katalon.core.mobile.keyword.MobileBuiltInKeywords$tap$0.call(Unknown Source)
	at test case information pencegahan covid.run(test case information pencegahan covid:40)
	at com.kms.katalon.core.main.ScriptEngine.run(ScriptEngine.java:194)
	at com.kms.katalon.core.main.ScriptEngine.runScriptAsRawText(ScriptEngine.java:119)
	at com.kms.katalon.core.main.TestCaseExecutor.runScript(TestCaseExecutor.java:445)
	at com.kms.katalon.core.main.TestCaseExecutor.doExecute(TestCaseExecutor.java:436)
	at com.kms.katalon.core.main.TestCaseExecutor.processExecutionPhase(TestCaseExecutor.java:415)
	at com.kms.katalon.core.main.TestCaseExecutor.accessMainPhase(TestCaseExecutor.java:407)
	at com.kms.katalon.core.main.TestCaseExecutor.execute(TestCaseExecutor.java:284)
	at com.kms.katalon.core.common.CommonExecutor.accessTestCaseMainPhase(CommonExecutor.java:65)
	at com.kms.katalon.core.main.TestSuiteExecutor.accessTestSuiteMainPhase(TestSuiteExecutor.java:144)
	at com.kms.katalon.core.main.TestSuiteExecutor.execute(TestSuiteExecutor.java:106)
	at com.kms.katalon.core.main.TestCaseMain.startTestSuite(TestCaseMain.java:185)
	at com.kms.katalon.core.main.TestCaseMain$startTestSuite$0.call(Unknown Source)
	at TempTestSuite1658297266502.run(TempTestSuite1658297266502.groovy:36)]]></system-out>
      <system-err><![CDATA[2022-07-20 13:08:03 - [TEST_SUITE][FAILED] - Report Mobile Testing: Test Cases/Covid information/positive/test case information pencegahan covid FAILED.
Reason:
com.kms.katalon.core.exception.StepFailedException: Object Object Repository/Information/button pencegahan not found
	at com.kms.katalon.core.keyword.internal.KeywordMain.stepFailed(KeywordMain.groovy:50)
	at com.kms.katalon.core.mobile.keyword.internal.MobileKeywordMain.stepFailed(MobileKeywordMain.groovy:40)
	at com.kms.katalon.core.mobile.keyword.builtin.TapKeyword$_tap_closure1.doCall(TapKeyword.groovy:79)
	at com.kms.katalon.core.mobile.keyword.builtin.TapKeyword$_tap_closure1.call(TapKeyword.groovy)
	at com.kms.katalon.core.mobile.keyword.internal.MobileKeywordMain.runKeyword(MobileKeywordMain.groovy:21)
	at com.kms.katalon.core.mobile.keyword.builtin.TapKeyword.tap(TapKeyword.groovy:84)
	at com.kms.katalon.core.mobile.keyword.builtin.TapKeyword.execute(TapKeyword.groovy:68)
	at com.kms.katalon.core.keyword.internal.KeywordExecutor.executeKeywordForPlatform(KeywordExecutor.groovy:74)
	at com.kms.katalon.core.mobile.keyword.MobileBuiltInKeywords.tap(MobileBuiltInKeywords.groovy:1490)
	at com.kms.katalon.core.mobile.keyword.MobileBuiltInKeywords$tap$0.call(Unknown Source)
	at test case information pencegahan covid.run(test case information pencegahan covid:40)
	at com.kms.katalon.core.main.ScriptEngine.run(ScriptEngine.java:194)
	at com.kms.katalon.core.main.ScriptEngine.runScriptAsRawText(ScriptEngine.java:119)
	at com.kms.katalon.core.main.TestCaseExecutor.runScript(TestCaseExecutor.java:445)
	at com.kms.katalon.core.main.TestCaseExecutor.doExecute(TestCaseExecutor.java:436)
	at com.kms.katalon.core.main.TestCaseExecutor.processExecutionPhase(TestCaseExecutor.java:415)
	at com.kms.katalon.core.main.TestCaseExecutor.accessMainPhase(TestCaseExecutor.java:407)
	at com.kms.katalon.core.main.TestCaseExecutor.execute(TestCaseExecutor.java:284)
	at com.kms.katalon.core.common.CommonExecutor.accessTestCaseMainPhase(CommonExecutor.java:65)
	at com.kms.katalon.core.main.TestSuiteExecutor.accessTestSuiteMainPhase(TestSuiteExecutor.java:144)
	at com.kms.katalon.core.main.TestSuiteExecutor.execute(TestSuiteExecutor.java:106)
	at com.kms.katalon.core.main.TestCaseMain.startTestSuite(TestCaseMain.java:185)
	at com.kms.katalon.core.main.TestCaseMain$startTestSuite$0.call(Unknown Source)
	at TempTestSuite1658297266502.run(TempTestSuite1658297266502.groovy:36)]]></system-err>
   </testsuite>
</testsuites>
